[2024-12-23 23:18:29,095][flwr][INFO] - Starting Flower simulation, config: num_rounds=10, no round_timeout
[2024-12-23 23:18:32,566][flwr][INFO] - Flower VCE: Ray initialized with resources: {'CPU': 12.0, 'node:192.168.1.11': 1.0, 'object_store_memory': 2124966297.0, 'memory': 4249932596.0, 'node:__internal_head__': 1.0}
[2024-12-23 23:18:32,567][flwr][INFO] - Optimize your simulation with Flower VCE: https://flower.ai/docs/framework/how-to-run-simulations.html
[2024-12-23 23:18:32,567][flwr][INFO] - Flower VCE: Resources for each Virtual Client: {'num_cpus': 2, 'num_gpus': 0}
[2024-12-23 23:18:32,583][flwr][INFO] - Flower VCE: Creating VirtualClientEngineActorPool with 6 actors
[2024-12-23 23:18:32,585][flwr][INFO] - [INIT]
[2024-12-23 23:18:32,585][flwr][INFO] - Requesting initial parameters from one random client
[2024-12-23 23:18:36,220][flwr][INFO] - Received initial parameters from one random client
[2024-12-23 23:18:36,220][flwr][INFO] - Starting evaluation of initial global parameters
[2024-12-23 23:18:37,906][flwr][INFO] - initial parameters (loss, other metrics): 182.1379828453064, {'accuracy': 0.0735}
[2024-12-23 23:18:37,907][flwr][INFO] - 
[2024-12-23 23:18:37,907][flwr][INFO] - [ROUND 1]
[2024-12-23 23:18:37,907][flwr][INFO] - configure_fit: strategy sampled 10 clients (out of 100)
[2024-12-23 23:18:43,809][flwr][INFO] - aggregate_fit: received 10 results and 0 failures
[2024-12-23 23:18:43,837][flwr][WARNING] - No fit_metrics_aggregation_fn provided
[2024-12-23 23:18:45,750][flwr][INFO] - fit progress: (1, 181.3645408153534, {'accuracy': 0.151}, 7.842930475002504)
[2024-12-23 23:18:45,750][flwr][INFO] - configure_evaluate: strategy sampled 25 clients (out of 100)
[2024-12-23 23:18:48,306][flwr][INFO] - aggregate_evaluate: received 25 results and 0 failures
[2024-12-23 23:18:48,307][flwr][WARNING] - No evaluate_metrics_aggregation_fn provided
[2024-12-23 23:18:48,307][flwr][INFO] - 
[2024-12-23 23:18:48,307][flwr][INFO] - [ROUND 2]
[2024-12-23 23:18:48,307][flwr][INFO] - configure_fit: strategy sampled 10 clients (out of 100)
[2024-12-23 23:18:49,859][flwr][INFO] - aggregate_fit: received 10 results and 0 failures
[2024-12-23 23:18:51,420][flwr][INFO] - fit progress: (2, 180.6384289264679, {'accuracy': 0.2323}, 13.512992328993278)
[2024-12-23 23:18:51,420][flwr][INFO] - configure_evaluate: strategy sampled 25 clients (out of 100)
[2024-12-23 23:18:53,810][flwr][INFO] - aggregate_evaluate: received 25 results and 0 failures
[2024-12-23 23:18:53,810][flwr][INFO] - 
[2024-12-23 23:18:53,810][flwr][INFO] - [ROUND 3]
[2024-12-23 23:18:53,810][flwr][INFO] - configure_fit: strategy sampled 10 clients (out of 100)
[2024-12-23 23:18:55,259][flwr][INFO] - aggregate_fit: received 10 results and 0 failures
[2024-12-23 23:18:56,790][flwr][INFO] - fit progress: (3, 179.70078659057617, {'accuracy': 0.2886}, 18.883742776990402)
[2024-12-23 23:18:56,791][flwr][INFO] - configure_evaluate: strategy sampled 25 clients (out of 100)
[2024-12-23 23:18:59,013][flwr][INFO] - aggregate_evaluate: received 25 results and 0 failures
[2024-12-23 23:18:59,013][flwr][INFO] - 
[2024-12-23 23:18:59,013][flwr][INFO] - [ROUND 4]
[2024-12-23 23:18:59,013][flwr][INFO] - configure_fit: strategy sampled 10 clients (out of 100)
[2024-12-23 23:19:00,406][flwr][INFO] - aggregate_fit: received 10 results and 0 failures
[2024-12-23 23:19:01,746][flwr][INFO] - fit progress: (4, 178.34769129753113, {'accuracy': 0.3864}, 23.83920260699233)
[2024-12-23 23:19:01,746][flwr][INFO] - configure_evaluate: strategy sampled 25 clients (out of 100)
[2024-12-23 23:19:04,022][flwr][INFO] - aggregate_evaluate: received 25 results and 0 failures
[2024-12-23 23:19:04,022][flwr][INFO] - 
[2024-12-23 23:19:04,022][flwr][INFO] - [ROUND 5]
[2024-12-23 23:19:04,022][flwr][INFO] - configure_fit: strategy sampled 10 clients (out of 100)
[2024-12-23 23:19:05,416][flwr][INFO] - aggregate_fit: received 10 results and 0 failures
[2024-12-23 23:19:07,401][flwr][INFO] - fit progress: (5, 176.25459170341492, {'accuracy': 0.4907}, 29.494564487991738)
[2024-12-23 23:19:07,402][flwr][INFO] - configure_evaluate: strategy sampled 25 clients (out of 100)
[2024-12-23 23:19:10,052][flwr][INFO] - aggregate_evaluate: received 25 results and 0 failures
[2024-12-23 23:19:10,052][flwr][INFO] - 
[2024-12-23 23:19:10,052][flwr][INFO] - [ROUND 6]
[2024-12-23 23:19:10,052][flwr][INFO] - configure_fit: strategy sampled 10 clients (out of 100)
[2024-12-23 23:19:11,685][flwr][INFO] - aggregate_fit: received 10 results and 0 failures
[2024-12-23 23:19:13,670][flwr][INFO] - fit progress: (6, 172.71398043632507, {'accuracy': 0.4693}, 35.76342897499853)
[2024-12-23 23:19:13,670][flwr][INFO] - configure_evaluate: strategy sampled 25 clients (out of 100)
[2024-12-23 23:19:16,266][flwr][INFO] - aggregate_evaluate: received 25 results and 0 failures
[2024-12-23 23:19:16,267][flwr][INFO] - 
[2024-12-23 23:19:16,267][flwr][INFO] - [ROUND 7]
[2024-12-23 23:19:16,267][flwr][INFO] - configure_fit: strategy sampled 10 clients (out of 100)
[2024-12-23 23:19:17,842][flwr][INFO] - aggregate_fit: received 10 results and 0 failures
[2024-12-23 23:19:19,406][flwr][INFO] - fit progress: (7, 166.03202748298645, {'accuracy': 0.521}, 41.4997916759894)
[2024-12-23 23:19:19,407][flwr][INFO] - configure_evaluate: strategy sampled 25 clients (out of 100)
[2024-12-23 23:19:21,990][flwr][INFO] - aggregate_evaluate: received 25 results and 0 failures
[2024-12-23 23:19:21,991][flwr][INFO] - 
[2024-12-23 23:19:21,991][flwr][INFO] - [ROUND 8]
[2024-12-23 23:19:21,991][flwr][INFO] - configure_fit: strategy sampled 10 clients (out of 100)
[2024-12-23 23:19:23,727][flwr][INFO] - aggregate_fit: received 10 results and 0 failures
[2024-12-23 23:19:25,879][flwr][INFO] - fit progress: (8, 151.79711425304413, {'accuracy': 0.6241}, 47.97195961899706)
[2024-12-23 23:19:25,879][flwr][INFO] - configure_evaluate: strategy sampled 25 clients (out of 100)
[2024-12-23 23:19:28,524][flwr][INFO] - aggregate_evaluate: received 25 results and 0 failures
[2024-12-23 23:19:28,524][flwr][INFO] - 
[2024-12-23 23:19:28,525][flwr][INFO] - [ROUND 9]
[2024-12-23 23:19:28,525][flwr][INFO] - configure_fit: strategy sampled 10 clients (out of 100)
[2024-12-23 23:19:30,085][flwr][INFO] - aggregate_fit: received 10 results and 0 failures
[2024-12-23 23:19:31,834][flwr][INFO] - fit progress: (9, 121.0282484292984, {'accuracy': 0.7059}, 53.926985666999826)
[2024-12-23 23:19:31,835][flwr][INFO] - configure_evaluate: strategy sampled 25 clients (out of 100)
[2024-12-23 23:19:34,376][flwr][INFO] - aggregate_evaluate: received 25 results and 0 failures
[2024-12-23 23:19:34,376][flwr][INFO] - 
[2024-12-23 23:19:34,376][flwr][INFO] - [ROUND 10]
[2024-12-23 23:19:34,377][flwr][INFO] - configure_fit: strategy sampled 10 clients (out of 100)
[2024-12-23 23:19:35,995][flwr][INFO] - aggregate_fit: received 10 results and 0 failures
[2024-12-23 23:19:38,139][flwr][INFO] - fit progress: (10, 79.80687129497528, {'accuracy': 0.7238}, 60.23222215200076)
[2024-12-23 23:19:38,139][flwr][INFO] - configure_evaluate: strategy sampled 25 clients (out of 100)
[2024-12-23 23:19:40,721][flwr][INFO] - aggregate_evaluate: received 25 results and 0 failures
[2024-12-23 23:19:40,721][flwr][INFO] - 
[2024-12-23 23:19:40,721][flwr][INFO] - [SUMMARY]
[2024-12-23 23:19:40,721][flwr][INFO] - Run finished 10 round(s) in 62.81s
[2024-12-23 23:19:40,722][flwr][INFO] - 	History (loss, distributed):
[2024-12-23 23:19:40,722][flwr][INFO] - 		round 1: 2.2956177616119384
[2024-12-23 23:19:40,722][flwr][INFO] - 		round 2: 2.2857705974578857
[2024-12-23 23:19:40,722][flwr][INFO] - 		round 3: 2.2765470790863036
[2024-12-23 23:19:40,722][flwr][INFO] - 		round 4: 2.2589891719818116
[2024-12-23 23:19:40,722][flwr][INFO] - 		round 5: 2.233265438079834
[2024-12-23 23:19:40,722][flwr][INFO] - 		round 6: 2.191777982711792
[2024-12-23 23:19:40,722][flwr][INFO] - 		round 7: 2.108780336380005
[2024-12-23 23:19:40,722][flwr][INFO] - 		round 8: 1.9283791160583497
[2024-12-23 23:19:40,722][flwr][INFO] - 		round 9: 1.5647091674804687
[2024-12-23 23:19:40,722][flwr][INFO] - 		round 10: 1.046713581085205
[2024-12-23 23:19:40,722][flwr][INFO] - 	History (loss, centralized):
[2024-12-23 23:19:40,722][flwr][INFO] - 		round 0: 182.1379828453064
[2024-12-23 23:19:40,722][flwr][INFO] - 		round 1: 181.3645408153534
[2024-12-23 23:19:40,722][flwr][INFO] - 		round 2: 180.6384289264679
[2024-12-23 23:19:40,722][flwr][INFO] - 		round 3: 179.70078659057617
[2024-12-23 23:19:40,722][flwr][INFO] - 		round 4: 178.34769129753113
[2024-12-23 23:19:40,722][flwr][INFO] - 		round 5: 176.25459170341492
[2024-12-23 23:19:40,723][flwr][INFO] - 		round 6: 172.71398043632507
[2024-12-23 23:19:40,723][flwr][INFO] - 		round 7: 166.03202748298645
[2024-12-23 23:19:40,723][flwr][INFO] - 		round 8: 151.79711425304413
[2024-12-23 23:19:40,723][flwr][INFO] - 		round 9: 121.0282484292984
[2024-12-23 23:19:40,723][flwr][INFO] - 		round 10: 79.80687129497528
[2024-12-23 23:19:40,723][flwr][INFO] - 	History (metrics, centralized):
[2024-12-23 23:19:40,723][flwr][INFO] - 	{'accuracy': [(0, 0.0735),
[2024-12-23 23:19:40,723][flwr][INFO] - 	              (1, 0.151),
[2024-12-23 23:19:40,723][flwr][INFO] - 	              (2, 0.2323),
[2024-12-23 23:19:40,723][flwr][INFO] - 	              (3, 0.2886),
[2024-12-23 23:19:40,723][flwr][INFO] - 	              (4, 0.3864),
[2024-12-23 23:19:40,723][flwr][INFO] - 	              (5, 0.4907),
[2024-12-23 23:19:40,723][flwr][INFO] - 	              (6, 0.4693),
[2024-12-23 23:19:40,723][flwr][INFO] - 	              (7, 0.521),
[2024-12-23 23:19:40,723][flwr][INFO] - 	              (8, 0.6241),
[2024-12-23 23:19:40,723][flwr][INFO] - 	              (9, 0.7059),
[2024-12-23 23:19:40,723][flwr][INFO] - 	              (10, 0.7238)]}
[2024-12-23 23:19:40,723][flwr][INFO] - 
