[2024-12-23 23:09:46,164][flwr][INFO] - Starting Flower simulation, config: num_rounds=10, no round_timeout
[2024-12-23 23:09:46,213][filelock][INFO] - Lock 136486302002912 acquired on /tmp/ray/session_2024-12-23_23-09-46_212438_1259665/node_ip_address.json.lock
[2024-12-23 23:09:46,214][filelock][INFO] - Lock 136486302002912 released on /tmp/ray/session_2024-12-23_23-09-46_212438_1259665/node_ip_address.json.lock
[2024-12-23 23:09:46,214][filelock][INFO] - Lock 136486302089568 acquired on /tmp/ray/session_2024-12-23_23-09-46_212438_1259665/ports_by_node.json.lock
[2024-12-23 23:09:46,214][filelock][INFO] - Lock 136486302089568 released on /tmp/ray/session_2024-12-23_23-09-46_212438_1259665/ports_by_node.json.lock
[2024-12-23 23:09:46,214][filelock][INFO] - Lock 136486302091056 acquired on /tmp/ray/session_2024-12-23_23-09-46_212438_1259665/ports_by_node.json.lock
[2024-12-23 23:09:46,214][filelock][INFO] - Lock 136486302091056 released on /tmp/ray/session_2024-12-23_23-09-46_212438_1259665/ports_by_node.json.lock
[2024-12-23 23:09:46,214][filelock][INFO] - Lock 136486302089568 acquired on /tmp/ray/session_2024-12-23_23-09-46_212438_1259665/ports_by_node.json.lock
[2024-12-23 23:09:46,214][filelock][INFO] - Lock 136486302089568 released on /tmp/ray/session_2024-12-23_23-09-46_212438_1259665/ports_by_node.json.lock
[2024-12-23 23:09:46,214][filelock][INFO] - Lock 136486302149840 acquired on /tmp/ray/session_2024-12-23_23-09-46_212438_1259665/ports_by_node.json.lock
[2024-12-23 23:09:46,215][filelock][INFO] - Lock 136486302149840 released on /tmp/ray/session_2024-12-23_23-09-46_212438_1259665/ports_by_node.json.lock
[2024-12-23 23:09:46,215][filelock][INFO] - Lock 136486302148784 acquired on /tmp/ray/session_2024-12-23_23-09-46_212438_1259665/ports_by_node.json.lock
[2024-12-23 23:09:46,215][filelock][INFO] - Lock 136486302148784 released on /tmp/ray/session_2024-12-23_23-09-46_212438_1259665/ports_by_node.json.lock
[2024-12-23 23:09:48,345][flwr][INFO] - Flower VCE: Ray initialized with resources: {'node:__internal_head__': 1.0, 'CPU': 12.0, 'node:192.168.1.11': 1.0, 'object_store_memory': 2351817523.0, 'memory': 4703635047.0}
[2024-12-23 23:09:48,345][flwr][INFO] - Optimize your simulation with Flower VCE: https://flower.ai/docs/framework/how-to-run-simulations.html
[2024-12-23 23:09:48,345][flwr][INFO] - Flower VCE: Resources for each Virtual Client: {'num_cpus': 2, 'num_gpus': 0}
[2024-12-23 23:09:48,354][flwr][INFO] - Flower VCE: Creating VirtualClientEngineActorPool with 6 actors
[2024-12-23 23:09:48,356][flwr][INFO] - [INIT]
[2024-12-23 23:09:48,356][flwr][INFO] - Using initial global parameters provided by strategy
[2024-12-23 23:09:48,356][flwr][INFO] - Starting evaluation of initial global parameters
[2024-12-23 23:09:50,184][flwr][INFO] - initial parameters (loss, other metrics): 182.21301460266113, {'accuracy': 0.1008}
[2024-12-23 23:09:50,184][flwr][INFO] - 
[2024-12-23 23:09:50,184][flwr][INFO] - [ROUND 1]
[2024-12-23 23:09:50,184][flwr][INFO] - configure_fit: strategy sampled 10 clients (out of 100)
[2024-12-23 23:09:53,454][flwr][INFO] - aggregate_fit: received 10 results and 0 failures
[2024-12-23 23:09:53,466][flwr][WARNING] - No fit_metrics_aggregation_fn provided
[2024-12-23 23:09:54,194][flwr][INFO] - fit progress: (1, 180.47061729431152, {'accuracy': 0.1125}, 4.009569843008649)
[2024-12-23 23:09:54,194][flwr][INFO] - configure_evaluate: strategy sampled 25 clients (out of 100)
[2024-12-23 23:09:55,852][flwr][INFO] - aggregate_evaluate: received 25 results and 0 failures
[2024-12-23 23:09:55,852][flwr][WARNING] - No evaluate_metrics_aggregation_fn provided
[2024-12-23 23:09:55,852][flwr][INFO] - 
[2024-12-23 23:09:55,852][flwr][INFO] - [ROUND 2]
[2024-12-23 23:09:55,853][flwr][INFO] - configure_fit: strategy sampled 10 clients (out of 100)
[2024-12-23 23:09:56,852][flwr][INFO] - aggregate_fit: received 10 results and 0 failures
[2024-12-23 23:09:57,954][flwr][INFO] - fit progress: (2, 174.27068161964417, {'accuracy': 0.3005}, 7.769731869004318)
[2024-12-23 23:09:57,954][flwr][INFO] - configure_evaluate: strategy sampled 25 clients (out of 100)
[2024-12-23 23:09:59,526][flwr][INFO] - aggregate_evaluate: received 25 results and 0 failures
[2024-12-23 23:09:59,526][flwr][INFO] - 
[2024-12-23 23:09:59,526][flwr][INFO] - [ROUND 3]
[2024-12-23 23:09:59,526][flwr][INFO] - configure_fit: strategy sampled 10 clients (out of 100)
[2024-12-23 23:10:00,514][flwr][INFO] - aggregate_fit: received 10 results and 0 failures
[2024-12-23 23:10:01,993][flwr][INFO] - fit progress: (3, 105.33464634418488, {'accuracy': 0.6888}, 11.809263290007948)
[2024-12-23 23:10:01,993][flwr][INFO] - configure_evaluate: strategy sampled 25 clients (out of 100)
[2024-12-23 23:10:03,547][flwr][INFO] - aggregate_evaluate: received 25 results and 0 failures
[2024-12-23 23:10:03,547][flwr][INFO] - 
[2024-12-23 23:10:03,547][flwr][INFO] - [ROUND 4]
[2024-12-23 23:10:03,547][flwr][INFO] - configure_fit: strategy sampled 10 clients (out of 100)
[2024-12-23 23:10:04,526][flwr][INFO] - aggregate_fit: received 10 results and 0 failures
[2024-12-23 23:10:05,820][flwr][INFO] - fit progress: (4, 51.38387230038643, {'accuracy': 0.8036}, 15.636168374010595)
[2024-12-23 23:10:05,820][flwr][INFO] - configure_evaluate: strategy sampled 25 clients (out of 100)
[2024-12-23 23:10:07,399][flwr][INFO] - aggregate_evaluate: received 25 results and 0 failures
[2024-12-23 23:10:07,399][flwr][INFO] - 
[2024-12-23 23:10:07,399][flwr][INFO] - [ROUND 5]
[2024-12-23 23:10:07,399][flwr][INFO] - configure_fit: strategy sampled 10 clients (out of 100)
[2024-12-23 23:10:08,435][flwr][INFO] - aggregate_fit: received 10 results and 0 failures
[2024-12-23 23:10:09,234][flwr][INFO] - fit progress: (5, 38.77239188551903, {'accuracy': 0.8339}, 19.04986560001271)
[2024-12-23 23:10:09,234][flwr][INFO] - configure_evaluate: strategy sampled 25 clients (out of 100)
[2024-12-23 23:10:10,927][flwr][INFO] - aggregate_evaluate: received 25 results and 0 failures
[2024-12-23 23:10:10,927][flwr][INFO] - 
[2024-12-23 23:10:10,927][flwr][INFO] - [ROUND 6]
[2024-12-23 23:10:10,927][flwr][INFO] - configure_fit: strategy sampled 10 clients (out of 100)
[2024-12-23 23:10:12,294][flwr][INFO] - aggregate_fit: received 10 results and 0 failures
[2024-12-23 23:10:13,349][flwr][INFO] - fit progress: (6, 28.868402130901814, {'accuracy': 0.8877}, 23.165009276999626)
[2024-12-23 23:10:13,349][flwr][INFO] - configure_evaluate: strategy sampled 25 clients (out of 100)
[2024-12-23 23:10:15,336][flwr][INFO] - aggregate_evaluate: received 25 results and 0 failures
[2024-12-23 23:10:15,337][flwr][INFO] - 
[2024-12-23 23:10:15,337][flwr][INFO] - [ROUND 7]
[2024-12-23 23:10:15,337][flwr][INFO] - configure_fit: strategy sampled 10 clients (out of 100)
[2024-12-23 23:10:16,705][flwr][INFO] - aggregate_fit: received 10 results and 0 failures
[2024-12-23 23:10:18,994][flwr][INFO] - fit progress: (7, 24.982464253902435, {'accuracy': 0.9056}, 28.810341193006025)
[2024-12-23 23:10:18,995][flwr][INFO] - configure_evaluate: strategy sampled 25 clients (out of 100)
[2024-12-23 23:10:20,930][flwr][INFO] - aggregate_evaluate: received 25 results and 0 failures
[2024-12-23 23:10:20,931][flwr][INFO] - 
[2024-12-23 23:10:20,931][flwr][INFO] - [ROUND 8]
[2024-12-23 23:10:20,931][flwr][INFO] - configure_fit: strategy sampled 10 clients (out of 100)
[2024-12-23 23:10:22,505][flwr][INFO] - aggregate_fit: received 10 results and 0 failures
[2024-12-23 23:10:23,662][flwr][INFO] - fit progress: (8, 19.474417626857758, {'accuracy': 0.927}, 33.478470750007546)
[2024-12-23 23:10:23,663][flwr][INFO] - configure_evaluate: strategy sampled 25 clients (out of 100)
[2024-12-23 23:10:26,265][flwr][INFO] - aggregate_evaluate: received 25 results and 0 failures
[2024-12-23 23:10:26,265][flwr][INFO] - 
[2024-12-23 23:10:26,265][flwr][INFO] - [ROUND 9]
[2024-12-23 23:10:26,266][flwr][INFO] - configure_fit: strategy sampled 10 clients (out of 100)
[2024-12-23 23:10:27,890][flwr][INFO] - aggregate_fit: received 10 results and 0 failures
[2024-12-23 23:10:29,404][flwr][INFO] - fit progress: (9, 16.80121481977403, {'accuracy': 0.9361}, 39.219700407003984)
[2024-12-23 23:10:29,404][flwr][INFO] - configure_evaluate: strategy sampled 25 clients (out of 100)
[2024-12-23 23:10:31,679][flwr][INFO] - aggregate_evaluate: received 25 results and 0 failures
[2024-12-23 23:10:31,679][flwr][INFO] - 
[2024-12-23 23:10:31,679][flwr][INFO] - [ROUND 10]
[2024-12-23 23:10:31,680][flwr][INFO] - configure_fit: strategy sampled 10 clients (out of 100)
[2024-12-23 23:10:33,289][flwr][INFO] - aggregate_fit: received 10 results and 0 failures
[2024-12-23 23:10:34,327][flwr][INFO] - fit progress: (10, 14.69904719106853, {'accuracy': 0.9423}, 44.142506134012365)
[2024-12-23 23:10:34,327][flwr][INFO] - configure_evaluate: strategy sampled 25 clients (out of 100)
[2024-12-23 23:10:36,599][flwr][INFO] - aggregate_evaluate: received 25 results and 0 failures
[2024-12-23 23:10:36,600][flwr][INFO] - 
[2024-12-23 23:10:36,600][flwr][INFO] - [SUMMARY]
[2024-12-23 23:10:36,600][flwr][INFO] - Run finished 10 round(s) in 46.42s
[2024-12-23 23:10:36,600][flwr][INFO] - 	History (loss, distributed):
[2024-12-23 23:10:36,601][flwr][INFO] - 		round 1: 6.8476973724365235
[2024-12-23 23:10:36,601][flwr][INFO] - 		round 2: 6.600947208404541
[2024-12-23 23:10:36,601][flwr][INFO] - 		round 3: 4.073387718200683
[2024-12-23 23:10:36,601][flwr][INFO] - 		round 4: 2.0598683857917788
[2024-12-23 23:10:36,601][flwr][INFO] - 		round 5: 1.616765121817589
[2024-12-23 23:10:36,601][flwr][INFO] - 		round 6: 1.134821203649044
[2024-12-23 23:10:36,601][flwr][INFO] - 		round 7: 0.9641038766503334
[2024-12-23 23:10:36,601][flwr][INFO] - 		round 8: 0.8845230874419212
[2024-12-23 23:10:36,601][flwr][INFO] - 		round 9: 0.6791145986318589
[2024-12-23 23:10:36,601][flwr][INFO] - 		round 10: 0.6621572966873646
[2024-12-23 23:10:36,601][flwr][INFO] - 	History (loss, centralized):
[2024-12-23 23:10:36,601][flwr][INFO] - 		round 0: 182.21301460266113
[2024-12-23 23:10:36,602][flwr][INFO] - 		round 1: 180.47061729431152
[2024-12-23 23:10:36,602][flwr][INFO] - 		round 2: 174.27068161964417
[2024-12-23 23:10:36,602][flwr][INFO] - 		round 3: 105.33464634418488
[2024-12-23 23:10:36,602][flwr][INFO] - 		round 4: 51.38387230038643
[2024-12-23 23:10:36,602][flwr][INFO] - 		round 5: 38.77239188551903
[2024-12-23 23:10:36,602][flwr][INFO] - 		round 6: 28.868402130901814
[2024-12-23 23:10:36,602][flwr][INFO] - 		round 7: 24.982464253902435
[2024-12-23 23:10:36,602][flwr][INFO] - 		round 8: 19.474417626857758
[2024-12-23 23:10:36,602][flwr][INFO] - 		round 9: 16.80121481977403
[2024-12-23 23:10:36,602][flwr][INFO] - 		round 10: 14.69904719106853
[2024-12-23 23:10:36,602][flwr][INFO] - 	History (metrics, centralized):
[2024-12-23 23:10:36,602][flwr][INFO] - 	{'accuracy': [(0, 0.1008),
[2024-12-23 23:10:36,602][flwr][INFO] - 	              (1, 0.1125),
[2024-12-23 23:10:36,603][flwr][INFO] - 	              (2, 0.3005),
[2024-12-23 23:10:36,603][flwr][INFO] - 	              (3, 0.6888),
[2024-12-23 23:10:36,603][flwr][INFO] - 	              (4, 0.8036),
[2024-12-23 23:10:36,603][flwr][INFO] - 	              (5, 0.8339),
[2024-12-23 23:10:36,603][flwr][INFO] - 	              (6, 0.8877),
[2024-12-23 23:10:36,603][flwr][INFO] - 	              (7, 0.9056),
[2024-12-23 23:10:36,604][flwr][INFO] - 	              (8, 0.927),
[2024-12-23 23:10:36,604][flwr][INFO] - 	              (9, 0.9361),
[2024-12-23 23:10:36,604][flwr][INFO] - 	              (10, 0.9423)]}
[2024-12-23 23:10:36,604][flwr][INFO] - 
