[2024-12-23 22:27:49,732][flwr][INFO] - Starting Flower simulation, config: num_rounds=10, no round_timeout
[2024-12-23 22:27:49,765][filelock][INFO] - Lock 140066741755280 acquired on /tmp/ray/session_2024-12-23_22-27-49_764472_1120866/node_ip_address.json.lock
[2024-12-23 22:27:49,766][filelock][INFO] - Lock 140066741755280 released on /tmp/ray/session_2024-12-23_22-27-49_764472_1120866/node_ip_address.json.lock
[2024-12-23 22:27:49,766][filelock][INFO] - Lock 140066741752784 acquired on /tmp/ray/session_2024-12-23_22-27-49_764472_1120866/ports_by_node.json.lock
[2024-12-23 22:27:49,767][filelock][INFO] - Lock 140066741752784 released on /tmp/ray/session_2024-12-23_22-27-49_764472_1120866/ports_by_node.json.lock
[2024-12-23 22:27:49,767][filelock][INFO] - Lock 140066741753888 acquired on /tmp/ray/session_2024-12-23_22-27-49_764472_1120866/ports_by_node.json.lock
[2024-12-23 22:27:49,767][filelock][INFO] - Lock 140066741753888 released on /tmp/ray/session_2024-12-23_22-27-49_764472_1120866/ports_by_node.json.lock
[2024-12-23 22:27:49,767][filelock][INFO] - Lock 140066741752592 acquired on /tmp/ray/session_2024-12-23_22-27-49_764472_1120866/ports_by_node.json.lock
[2024-12-23 22:27:49,767][filelock][INFO] - Lock 140066741752592 released on /tmp/ray/session_2024-12-23_22-27-49_764472_1120866/ports_by_node.json.lock
[2024-12-23 22:27:49,767][filelock][INFO] - Lock 140066741753888 acquired on /tmp/ray/session_2024-12-23_22-27-49_764472_1120866/ports_by_node.json.lock
[2024-12-23 22:27:49,768][filelock][INFO] - Lock 140066741753888 released on /tmp/ray/session_2024-12-23_22-27-49_764472_1120866/ports_by_node.json.lock
[2024-12-23 22:27:49,768][filelock][INFO] - Lock 140066741339232 acquired on /tmp/ray/session_2024-12-23_22-27-49_764472_1120866/ports_by_node.json.lock
[2024-12-23 22:27:49,768][filelock][INFO] - Lock 140066741339232 released on /tmp/ray/session_2024-12-23_22-27-49_764472_1120866/ports_by_node.json.lock
[2024-12-23 22:27:52,966][flwr][INFO] - Flower VCE: Ray initialized with resources: {'memory': 4854349824.0, 'object_store_memory': 2427174912.0, 'node:192.168.1.11': 1.0, 'CPU': 12.0, 'node:__internal_head__': 1.0}
[2024-12-23 22:27:52,966][flwr][INFO] - Optimize your simulation with Flower VCE: https://flower.ai/docs/framework/how-to-run-simulations.html
[2024-12-23 22:27:52,966][flwr][INFO] - Flower VCE: Resources for each Virtual Client: {'num_cpus': 2, 'num_gpus': 0}
[2024-12-23 22:27:52,976][flwr][INFO] - Flower VCE: Creating VirtualClientEngineActorPool with 6 actors
[2024-12-23 22:27:52,977][flwr][INFO] - [INIT]
[2024-12-23 22:27:52,977][flwr][INFO] - Requesting initial parameters from one random client
[2024-12-23 22:27:55,143][flwr][INFO] - Received initial parameters from one random client
[2024-12-23 22:27:55,144][flwr][INFO] - Starting evaluation of initial global parameters
[2024-12-23 22:27:56,527][flwr][INFO] - initial parameters (loss, other metrics): 182.3321008682251, {'accuracy': 0.1103}
[2024-12-23 22:27:56,528][flwr][INFO] - 
[2024-12-23 22:27:56,528][flwr][INFO] - [ROUND 1]
[2024-12-23 22:27:56,528][flwr][INFO] - configure_fit: strategy sampled 10 clients (out of 100)
[2024-12-23 22:28:00,115][flwr][INFO] - aggregate_fit: received 10 results and 0 failures
[2024-12-23 22:28:00,139][flwr][WARNING] - No fit_metrics_aggregation_fn provided
[2024-12-23 22:28:01,045][flwr][INFO] - fit progress: (1, 180.44795775413513, {'accuracy': 0.2449}, 4.516899217996979)
[2024-12-23 22:28:01,045][flwr][INFO] - configure_evaluate: strategy sampled 25 clients (out of 100)
[2024-12-23 22:28:02,991][flwr][INFO] - aggregate_evaluate: received 25 results and 0 failures
[2024-12-23 22:28:02,991][flwr][WARNING] - No evaluate_metrics_aggregation_fn provided
[2024-12-23 22:28:02,991][flwr][INFO] - 
[2024-12-23 22:28:02,991][flwr][INFO] - [ROUND 2]
[2024-12-23 22:28:02,992][flwr][INFO] - configure_fit: strategy sampled 10 clients (out of 100)
[2024-12-23 22:28:04,154][flwr][INFO] - aggregate_fit: received 10 results and 0 failures
[2024-12-23 22:28:05,172][flwr][INFO] - fit progress: (2, 175.74722456932068, {'accuracy': 0.393}, 8.644010710006114)
[2024-12-23 22:28:05,172][flwr][INFO] - configure_evaluate: strategy sampled 25 clients (out of 100)
[2024-12-23 22:28:07,002][flwr][INFO] - aggregate_evaluate: received 25 results and 0 failures
[2024-12-23 22:28:07,003][flwr][INFO] - 
[2024-12-23 22:28:07,003][flwr][INFO] - [ROUND 3]
[2024-12-23 22:28:07,003][flwr][INFO] - configure_fit: strategy sampled 10 clients (out of 100)
[2024-12-23 22:28:08,207][flwr][INFO] - aggregate_fit: received 10 results and 0 failures
[2024-12-23 22:28:09,439][flwr][INFO] - fit progress: (3, 132.00331437587738, {'accuracy': 0.5354}, 12.910954842009232)
[2024-12-23 22:28:09,439][flwr][INFO] - configure_evaluate: strategy sampled 25 clients (out of 100)
[2024-12-23 22:28:11,254][flwr][INFO] - aggregate_evaluate: received 25 results and 0 failures
[2024-12-23 22:28:11,254][flwr][INFO] - 
[2024-12-23 22:28:11,254][flwr][INFO] - [ROUND 4]
[2024-12-23 22:28:11,255][flwr][INFO] - configure_fit: strategy sampled 10 clients (out of 100)
[2024-12-23 22:28:12,505][flwr][INFO] - aggregate_fit: received 10 results and 0 failures
[2024-12-23 22:28:13,469][flwr][INFO] - fit progress: (4, 77.17368680238724, {'accuracy': 0.6919}, 16.94139587400423)
[2024-12-23 22:28:13,469][flwr][INFO] - configure_evaluate: strategy sampled 25 clients (out of 100)
[2024-12-23 22:28:15,322][flwr][INFO] - aggregate_evaluate: received 25 results and 0 failures
[2024-12-23 22:28:15,322][flwr][INFO] - 
[2024-12-23 22:28:15,322][flwr][INFO] - [ROUND 5]
[2024-12-23 22:28:15,323][flwr][INFO] - configure_fit: strategy sampled 10 clients (out of 100)
[2024-12-23 22:28:16,497][flwr][INFO] - aggregate_fit: received 10 results and 0 failures
[2024-12-23 22:28:17,824][flwr][INFO] - fit progress: (5, 55.47338163852692, {'accuracy': 0.8133}, 21.296490595996147)
[2024-12-23 22:28:17,824][flwr][INFO] - configure_evaluate: strategy sampled 25 clients (out of 100)
[2024-12-23 22:28:19,671][flwr][INFO] - aggregate_evaluate: received 25 results and 0 failures
[2024-12-23 22:28:19,671][flwr][INFO] - 
[2024-12-23 22:28:19,671][flwr][INFO] - [ROUND 6]
[2024-12-23 22:28:19,671][flwr][INFO] - configure_fit: strategy sampled 10 clients (out of 100)
[2024-12-23 22:28:21,099][flwr][INFO] - aggregate_fit: received 10 results and 0 failures
[2024-12-23 22:28:22,351][flwr][INFO] - fit progress: (6, 31.687095299363136, {'accuracy': 0.8927}, 25.82302364600764)
[2024-12-23 22:28:22,351][flwr][INFO] - configure_evaluate: strategy sampled 25 clients (out of 100)
[2024-12-23 22:28:24,616][flwr][INFO] - aggregate_evaluate: received 25 results and 0 failures
[2024-12-23 22:28:24,616][flwr][INFO] - 
[2024-12-23 22:28:24,616][flwr][INFO] - [ROUND 7]
[2024-12-23 22:28:24,616][flwr][INFO] - configure_fit: strategy sampled 10 clients (out of 100)
[2024-12-23 22:28:26,136][flwr][INFO] - aggregate_fit: received 10 results and 0 failures
[2024-12-23 22:28:27,614][flwr][INFO] - fit progress: (7, 24.51886375248432, {'accuracy': 0.9043}, 31.086763686995255)
[2024-12-23 22:28:27,615][flwr][INFO] - configure_evaluate: strategy sampled 25 clients (out of 100)
[2024-12-23 22:28:29,709][flwr][INFO] - aggregate_evaluate: received 25 results and 0 failures
[2024-12-23 22:28:29,710][flwr][INFO] - 
[2024-12-23 22:28:29,710][flwr][INFO] - [ROUND 8]
[2024-12-23 22:28:29,710][flwr][INFO] - configure_fit: strategy sampled 10 clients (out of 100)
[2024-12-23 22:28:31,233][flwr][INFO] - aggregate_fit: received 10 results and 0 failures
[2024-12-23 22:28:32,717][flwr][INFO] - fit progress: (8, 19.792122304439545, {'accuracy': 0.9258}, 36.189779599008034)
[2024-12-23 22:28:32,718][flwr][INFO] - configure_evaluate: strategy sampled 25 clients (out of 100)
[2024-12-23 22:28:35,005][flwr][INFO] - aggregate_evaluate: received 25 results and 0 failures
[2024-12-23 22:28:35,005][flwr][INFO] - 
[2024-12-23 22:28:35,005][flwr][INFO] - [ROUND 9]
[2024-12-23 22:28:35,006][flwr][INFO] - configure_fit: strategy sampled 10 clients (out of 100)
[2024-12-23 22:28:36,603][flwr][INFO] - aggregate_fit: received 10 results and 0 failures
[2024-12-23 22:28:37,702][flwr][INFO] - fit progress: (9, 16.07474202103913, {'accuracy': 0.9353}, 41.17448765700101)
[2024-12-23 22:28:37,702][flwr][INFO] - configure_evaluate: strategy sampled 25 clients (out of 100)
[2024-12-23 22:28:40,097][flwr][INFO] - aggregate_evaluate: received 25 results and 0 failures
[2024-12-23 22:28:40,097][flwr][INFO] - 
[2024-12-23 22:28:40,097][flwr][INFO] - [ROUND 10]
[2024-12-23 22:28:40,097][flwr][INFO] - configure_fit: strategy sampled 10 clients (out of 100)
[2024-12-23 22:28:41,551][flwr][INFO] - aggregate_fit: received 10 results and 0 failures
[2024-12-23 22:28:42,733][flwr][INFO] - fit progress: (10, 14.446728717535734, {'accuracy': 0.9424}, 46.20517533199745)
[2024-12-23 22:28:42,733][flwr][INFO] - configure_evaluate: strategy sampled 25 clients (out of 100)
[2024-12-23 22:28:44,873][flwr][INFO] - aggregate_evaluate: received 25 results and 0 failures
[2024-12-23 22:28:44,873][flwr][INFO] - 
[2024-12-23 22:28:44,873][flwr][INFO] - [SUMMARY]
[2024-12-23 22:28:44,873][flwr][INFO] - Run finished 10 round(s) in 48.35s
[2024-12-23 22:28:44,874][flwr][INFO] - 	History (loss, distributed):
[2024-12-23 22:28:44,874][flwr][INFO] - 		round 1: 6.854247541427612
[2024-12-23 22:28:44,874][flwr][INFO] - 		round 2: 6.680692224502564
[2024-12-23 22:28:44,874][flwr][INFO] - 		round 3: 5.04209794998169
[2024-12-23 22:28:44,874][flwr][INFO] - 		round 4: 2.900278618335724
[2024-12-23 22:28:44,874][flwr][INFO] - 		round 5: 2.2386400544643403
[2024-12-23 22:28:44,874][flwr][INFO] - 		round 6: 1.28486887216568
[2024-12-23 22:28:44,874][flwr][INFO] - 		round 7: 1.0367093808948993
[2024-12-23 22:28:44,874][flwr][INFO] - 		round 8: 0.8799336355924606
[2024-12-23 22:28:44,875][flwr][INFO] - 		round 9: 0.5755601876229047
[2024-12-23 22:28:44,875][flwr][INFO] - 		round 10: 0.706855297461152
[2024-12-23 22:28:44,875][flwr][INFO] - 	History (loss, centralized):
[2024-12-23 22:28:44,875][flwr][INFO] - 		round 0: 182.3321008682251
[2024-12-23 22:28:44,875][flwr][INFO] - 		round 1: 180.44795775413513
[2024-12-23 22:28:44,875][flwr][INFO] - 		round 2: 175.74722456932068
[2024-12-23 22:28:44,875][flwr][INFO] - 		round 3: 132.00331437587738
[2024-12-23 22:28:44,875][flwr][INFO] - 		round 4: 77.17368680238724
[2024-12-23 22:28:44,875][flwr][INFO] - 		round 5: 55.47338163852692
[2024-12-23 22:28:44,875][flwr][INFO] - 		round 6: 31.687095299363136
[2024-12-23 22:28:44,875][flwr][INFO] - 		round 7: 24.51886375248432
[2024-12-23 22:28:44,875][flwr][INFO] - 		round 8: 19.792122304439545
[2024-12-23 22:28:44,875][flwr][INFO] - 		round 9: 16.07474202103913
[2024-12-23 22:28:44,876][flwr][INFO] - 		round 10: 14.446728717535734
[2024-12-23 22:28:44,876][flwr][INFO] - 	History (metrics, centralized):
[2024-12-23 22:28:44,876][flwr][INFO] - 	{'accuracy': [(0, 0.1103),
[2024-12-23 22:28:44,876][flwr][INFO] - 	              (1, 0.2449),
[2024-12-23 22:28:44,876][flwr][INFO] - 	              (2, 0.393),
[2024-12-23 22:28:44,876][flwr][INFO] - 	              (3, 0.5354),
[2024-12-23 22:28:44,876][flwr][INFO] - 	              (4, 0.6919),
[2024-12-23 22:28:44,876][flwr][INFO] - 	              (5, 0.8133),
[2024-12-23 22:28:44,876][flwr][INFO] - 	              (6, 0.8927),
[2024-12-23 22:28:44,876][flwr][INFO] - 	              (7, 0.9043),
[2024-12-23 22:28:44,876][flwr][INFO] - 	              (8, 0.9258),
[2024-12-23 22:28:44,876][flwr][INFO] - 	              (9, 0.9353),
[2024-12-23 22:28:44,876][flwr][INFO] - 	              (10, 0.9424)]}
[2024-12-23 22:28:44,876][flwr][INFO] - 
