[2024-12-23 22:48:57,058][flwr][INFO] - Starting Flower simulation, config: num_rounds=10, no round_timeout
[2024-12-23 22:48:57,168][filelock][INFO] - Lock 140361397433344 acquired on /tmp/ray/session_2024-12-23_22-48-57_167514_1169454/node_ip_address.json.lock
[2024-12-23 22:48:57,168][filelock][INFO] - Lock 140361397433344 released on /tmp/ray/session_2024-12-23_22-48-57_167514_1169454/node_ip_address.json.lock
[2024-12-23 22:48:57,169][filelock][INFO] - Lock 140361397433344 acquired on /tmp/ray/session_2024-12-23_22-48-57_167514_1169454/ports_by_node.json.lock
[2024-12-23 22:48:57,169][filelock][INFO] - Lock 140361397433344 released on /tmp/ray/session_2024-12-23_22-48-57_167514_1169454/ports_by_node.json.lock
[2024-12-23 22:48:57,169][filelock][INFO] - Lock 140361397433344 acquired on /tmp/ray/session_2024-12-23_22-48-57_167514_1169454/ports_by_node.json.lock
[2024-12-23 22:48:57,170][filelock][INFO] - Lock 140361397433344 released on /tmp/ray/session_2024-12-23_22-48-57_167514_1169454/ports_by_node.json.lock
[2024-12-23 22:48:57,170][filelock][INFO] - Lock 140361397610576 acquired on /tmp/ray/session_2024-12-23_22-48-57_167514_1169454/ports_by_node.json.lock
[2024-12-23 22:48:57,170][filelock][INFO] - Lock 140361397610576 released on /tmp/ray/session_2024-12-23_22-48-57_167514_1169454/ports_by_node.json.lock
[2024-12-23 22:48:57,170][filelock][INFO] - Lock 140361397610960 acquired on /tmp/ray/session_2024-12-23_22-48-57_167514_1169454/ports_by_node.json.lock
[2024-12-23 22:48:57,171][filelock][INFO] - Lock 140361397610960 released on /tmp/ray/session_2024-12-23_22-48-57_167514_1169454/ports_by_node.json.lock
[2024-12-23 22:48:57,171][filelock][INFO] - Lock 140361397610576 acquired on /tmp/ray/session_2024-12-23_22-48-57_167514_1169454/ports_by_node.json.lock
[2024-12-23 22:48:57,171][filelock][INFO] - Lock 140361397610576 released on /tmp/ray/session_2024-12-23_22-48-57_167514_1169454/ports_by_node.json.lock
[2024-12-23 22:49:00,507][flwr][INFO] - Flower VCE: Ray initialized with resources: {'node:__internal_head__': 1.0, 'memory': 4523866523.0, 'object_store_memory': 2261933260.0, 'node:192.168.1.11': 1.0, 'CPU': 12.0}
[2024-12-23 22:49:00,507][flwr][INFO] - Optimize your simulation with Flower VCE: https://flower.ai/docs/framework/how-to-run-simulations.html
[2024-12-23 22:49:00,507][flwr][INFO] - Flower VCE: Resources for each Virtual Client: {'num_cpus': 2, 'num_gpus': 0}
[2024-12-23 22:49:00,529][flwr][INFO] - Flower VCE: Creating VirtualClientEngineActorPool with 6 actors
[2024-12-23 22:49:00,531][flwr][INFO] - [INIT]
[2024-12-23 22:49:00,532][flwr][INFO] - Requesting initial parameters from one random client
[2024-12-23 22:49:02,795][flwr][INFO] - Received initial parameters from one random client
[2024-12-23 22:49:02,795][flwr][INFO] - Starting evaluation of initial global parameters
[2024-12-23 22:49:04,019][flwr][INFO] - initial parameters (loss, other metrics): 182.1016547679901, {'accuracy': 0.0944}
[2024-12-23 22:49:04,019][flwr][INFO] - 
[2024-12-23 22:49:04,019][flwr][INFO] - [ROUND 1]
[2024-12-23 22:49:04,019][flwr][INFO] - configure_fit: strategy sampled 10 clients (out of 100)
[2024-12-23 22:49:07,749][flwr][INFO] - aggregate_fit: received 10 results and 0 failures
[2024-12-23 22:49:07,782][flwr][WARNING] - No fit_metrics_aggregation_fn provided
[2024-12-23 22:49:08,795][flwr][INFO] - fit progress: (1, 157.39153170585632, {'accuracy': 0.6143}, 4.776397786990856)
[2024-12-23 22:49:08,796][flwr][INFO] - configure_evaluate: strategy sampled 25 clients (out of 100)
[2024-12-23 22:49:11,373][flwr][INFO] - aggregate_evaluate: received 25 results and 0 failures
[2024-12-23 22:49:11,374][flwr][WARNING] - No evaluate_metrics_aggregation_fn provided
[2024-12-23 22:49:11,374][flwr][INFO] - 
[2024-12-23 22:49:11,374][flwr][INFO] - [ROUND 2]
[2024-12-23 22:49:11,375][flwr][INFO] - configure_fit: strategy sampled 10 clients (out of 100)
[2024-12-23 22:49:13,154][flwr][INFO] - aggregate_fit: received 10 results and 0 failures
[2024-12-23 22:49:14,217][flwr][INFO] - fit progress: (2, 54.28015810251236, {'accuracy': 0.7743}, 10.198222195002018)
[2024-12-23 22:49:14,218][flwr][INFO] - configure_evaluate: strategy sampled 25 clients (out of 100)
[2024-12-23 22:49:16,592][flwr][INFO] - aggregate_evaluate: received 25 results and 0 failures
[2024-12-23 22:49:16,593][flwr][INFO] - 
[2024-12-23 22:49:16,593][flwr][INFO] - [ROUND 3]
[2024-12-23 22:49:16,594][flwr][INFO] - configure_fit: strategy sampled 10 clients (out of 100)
[2024-12-23 22:49:18,270][flwr][INFO] - aggregate_fit: received 10 results and 0 failures
[2024-12-23 22:49:19,926][flwr][INFO] - fit progress: (3, 33.47518065571785, {'accuracy': 0.853}, 15.906720397993922)
[2024-12-23 22:49:19,926][flwr][INFO] - configure_evaluate: strategy sampled 25 clients (out of 100)
[2024-12-23 22:49:22,265][flwr][INFO] - aggregate_evaluate: received 25 results and 0 failures
[2024-12-23 22:49:22,266][flwr][INFO] - 
[2024-12-23 22:49:22,266][flwr][INFO] - [ROUND 4]
[2024-12-23 22:49:22,266][flwr][INFO] - configure_fit: strategy sampled 10 clients (out of 100)
[2024-12-23 22:49:23,987][flwr][INFO] - aggregate_fit: received 10 results and 0 failures
[2024-12-23 22:49:25,205][flwr][INFO] - fit progress: (4, 24.645960442721844, {'accuracy': 0.9065}, 21.185559099991224)
[2024-12-23 22:49:25,205][flwr][INFO] - configure_evaluate: strategy sampled 25 clients (out of 100)
[2024-12-23 22:49:27,678][flwr][INFO] - aggregate_evaluate: received 25 results and 0 failures
[2024-12-23 22:49:27,679][flwr][INFO] - 
[2024-12-23 22:49:27,679][flwr][INFO] - [ROUND 5]
[2024-12-23 22:49:27,679][flwr][INFO] - configure_fit: strategy sampled 10 clients (out of 100)
[2024-12-23 22:49:29,301][flwr][INFO] - aggregate_fit: received 10 results and 0 failures
[2024-12-23 22:49:31,349][flwr][INFO] - fit progress: (5, 16.938120307400823, {'accuracy': 0.9324}, 27.329465650997008)
[2024-12-23 22:49:31,349][flwr][INFO] - configure_evaluate: strategy sampled 25 clients (out of 100)
[2024-12-23 22:49:33,675][flwr][INFO] - aggregate_evaluate: received 25 results and 0 failures
[2024-12-23 22:49:33,675][flwr][INFO] - 
[2024-12-23 22:49:33,675][flwr][INFO] - [ROUND 6]
[2024-12-23 22:49:33,675][flwr][INFO] - configure_fit: strategy sampled 10 clients (out of 100)
[2024-12-23 22:49:35,262][flwr][INFO] - aggregate_fit: received 10 results and 0 failures
[2024-12-23 22:49:36,258][flwr][INFO] - fit progress: (6, 14.363397343084216, {'accuracy': 0.949}, 32.238940500988974)
[2024-12-23 22:49:36,258][flwr][INFO] - configure_evaluate: strategy sampled 25 clients (out of 100)
[2024-12-23 22:49:38,399][flwr][INFO] - aggregate_evaluate: received 25 results and 0 failures
[2024-12-23 22:49:38,399][flwr][INFO] - 
[2024-12-23 22:49:38,399][flwr][INFO] - [ROUND 7]
[2024-12-23 22:49:38,400][flwr][INFO] - configure_fit: strategy sampled 10 clients (out of 100)
[2024-12-23 22:49:39,956][flwr][INFO] - aggregate_fit: received 10 results and 0 failures
[2024-12-23 22:49:41,301][flwr][INFO] - fit progress: (7, 12.636174568906426, {'accuracy': 0.9543}, 37.28165983399958)
[2024-12-23 22:49:41,301][flwr][INFO] - configure_evaluate: strategy sampled 25 clients (out of 100)
[2024-12-23 22:49:43,862][flwr][INFO] - aggregate_evaluate: received 25 results and 0 failures
[2024-12-23 22:49:43,863][flwr][INFO] - 
[2024-12-23 22:49:43,863][flwr][INFO] - [ROUND 8]
[2024-12-23 22:49:43,864][flwr][INFO] - configure_fit: strategy sampled 10 clients (out of 100)
[2024-12-23 22:49:45,405][flwr][INFO] - aggregate_fit: received 10 results and 0 failures
[2024-12-23 22:49:47,014][flwr][INFO] - fit progress: (8, 10.973045070655644, {'accuracy': 0.9603}, 42.994846215995494)
[2024-12-23 22:49:47,014][flwr][INFO] - configure_evaluate: strategy sampled 25 clients (out of 100)
[2024-12-23 22:49:49,445][flwr][INFO] - aggregate_evaluate: received 25 results and 0 failures
[2024-12-23 22:49:49,446][flwr][INFO] - 
[2024-12-23 22:49:49,446][flwr][INFO] - [ROUND 9]
[2024-12-23 22:49:49,446][flwr][INFO] - configure_fit: strategy sampled 10 clients (out of 100)
[2024-12-23 22:49:51,065][flwr][INFO] - aggregate_fit: received 10 results and 0 failures
[2024-12-23 22:49:52,307][flwr][INFO] - fit progress: (9, 10.560595609247684, {'accuracy': 0.9583}, 48.28839072700066)
[2024-12-23 22:49:52,308][flwr][INFO] - configure_evaluate: strategy sampled 25 clients (out of 100)
[2024-12-23 22:49:54,654][flwr][INFO] - aggregate_evaluate: received 25 results and 0 failures
[2024-12-23 22:49:54,655][flwr][INFO] - 
[2024-12-23 22:49:54,655][flwr][INFO] - [ROUND 10]
[2024-12-23 22:49:54,656][flwr][INFO] - configure_fit: strategy sampled 10 clients (out of 100)
[2024-12-23 22:49:56,359][flwr][INFO] - aggregate_fit: received 10 results and 0 failures
[2024-12-23 22:49:57,813][flwr][INFO] - fit progress: (10, 9.34617157606408, {'accuracy': 0.9647}, 53.79344062900054)
[2024-12-23 22:49:57,813][flwr][INFO] - configure_evaluate: strategy sampled 25 clients (out of 100)
[2024-12-23 22:50:00,348][flwr][INFO] - aggregate_evaluate: received 25 results and 0 failures
[2024-12-23 22:50:00,349][flwr][INFO] - 
[2024-12-23 22:50:00,349][flwr][INFO] - [SUMMARY]
[2024-12-23 22:50:00,350][flwr][INFO] - Run finished 10 round(s) in 56.33s
[2024-12-23 22:50:00,350][flwr][INFO] - 	History (loss, distributed):
[2024-12-23 22:50:00,351][flwr][INFO] - 		round 1: 11.997496981620788
[2024-12-23 22:50:00,351][flwr][INFO] - 		round 2: 4.25792334318161
[2024-12-23 22:50:00,351][flwr][INFO] - 		round 3: 2.6541928516328337
[2024-12-23 22:50:00,351][flwr][INFO] - 		round 4: 2.0222085928171873
[2024-12-23 22:50:00,352][flwr][INFO] - 		round 5: 1.4717743483185768
[2024-12-23 22:50:00,352][flwr][INFO] - 		round 6: 1.1181091720610856
[2024-12-23 22:50:00,352][flwr][INFO] - 		round 7: 0.9451704467087985
[2024-12-23 22:50:00,352][flwr][INFO] - 		round 8: 0.9279711825400591
[2024-12-23 22:50:00,352][flwr][INFO] - 		round 9: 0.8078151659760624
[2024-12-23 22:50:00,352][flwr][INFO] - 		round 10: 0.8861867821216584
[2024-12-23 22:50:00,353][flwr][INFO] - 	History (loss, centralized):
[2024-12-23 22:50:00,353][flwr][INFO] - 		round 0: 182.1016547679901
[2024-12-23 22:50:00,353][flwr][INFO] - 		round 1: 157.39153170585632
[2024-12-23 22:50:00,353][flwr][INFO] - 		round 2: 54.28015810251236
[2024-12-23 22:50:00,353][flwr][INFO] - 		round 3: 33.47518065571785
[2024-12-23 22:50:00,353][flwr][INFO] - 		round 4: 24.645960442721844
[2024-12-23 22:50:00,354][flwr][INFO] - 		round 5: 16.938120307400823
[2024-12-23 22:50:00,354][flwr][INFO] - 		round 6: 14.363397343084216
[2024-12-23 22:50:00,354][flwr][INFO] - 		round 7: 12.636174568906426
[2024-12-23 22:50:00,354][flwr][INFO] - 		round 8: 10.973045070655644
[2024-12-23 22:50:00,354][flwr][INFO] - 		round 9: 10.560595609247684
[2024-12-23 22:50:00,355][flwr][INFO] - 		round 10: 9.34617157606408
[2024-12-23 22:50:00,355][flwr][INFO] - 	History (metrics, centralized):
[2024-12-23 22:50:00,355][flwr][INFO] - 	{'accuracy': [(0, 0.0944),
[2024-12-23 22:50:00,355][flwr][INFO] - 	              (1, 0.6143),
[2024-12-23 22:50:00,356][flwr][INFO] - 	              (2, 0.7743),
[2024-12-23 22:50:00,356][flwr][INFO] - 	              (3, 0.853),
[2024-12-23 22:50:00,356][flwr][INFO] - 	              (4, 0.9065),
[2024-12-23 22:50:00,356][flwr][INFO] - 	              (5, 0.9324),
[2024-12-23 22:50:00,357][flwr][INFO] - 	              (6, 0.949),
[2024-12-23 22:50:00,357][flwr][INFO] - 	              (7, 0.9543),
[2024-12-23 22:50:00,357][flwr][INFO] - 	              (8, 0.9603),
[2024-12-23 22:50:00,357][flwr][INFO] - 	              (9, 0.9583),
[2024-12-23 22:50:00,357][flwr][INFO] - 	              (10, 0.9647)]}
[2024-12-23 22:50:00,358][flwr][INFO] - 
