[2024-12-22 22:05:44,688][flwr][INFO] - Starting Flower simulation, config: num_rounds=10, no round_timeout
[2024-12-22 22:05:44,741][filelock][INFO] - Lock 124663356648416 acquired on /tmp/ray/session_2024-12-22_22-05-44_741372_627704/node_ip_address.json.lock
[2024-12-22 22:05:44,742][filelock][INFO] - Lock 124663356648416 released on /tmp/ray/session_2024-12-22_22-05-44_741372_627704/node_ip_address.json.lock
[2024-12-22 22:05:44,747][filelock][INFO] - Lock 124663356648800 acquired on /tmp/ray/session_2024-12-22_22-05-44_741372_627704/ports_by_node.json.lock
[2024-12-22 22:05:44,748][filelock][INFO] - Lock 124663356648800 released on /tmp/ray/session_2024-12-22_22-05-44_741372_627704/ports_by_node.json.lock
[2024-12-22 22:05:44,748][filelock][INFO] - Lock 124663356648368 acquired on /tmp/ray/session_2024-12-22_22-05-44_741372_627704/ports_by_node.json.lock
[2024-12-22 22:05:44,748][filelock][INFO] - Lock 124663356648368 released on /tmp/ray/session_2024-12-22_22-05-44_741372_627704/ports_by_node.json.lock
[2024-12-22 22:05:44,749][filelock][INFO] - Lock 124663356647504 acquired on /tmp/ray/session_2024-12-22_22-05-44_741372_627704/ports_by_node.json.lock
[2024-12-22 22:05:44,749][filelock][INFO] - Lock 124663356647504 released on /tmp/ray/session_2024-12-22_22-05-44_741372_627704/ports_by_node.json.lock
[2024-12-22 22:05:44,749][filelock][INFO] - Lock 124663356648368 acquired on /tmp/ray/session_2024-12-22_22-05-44_741372_627704/ports_by_node.json.lock
[2024-12-22 22:05:44,749][filelock][INFO] - Lock 124663356648368 released on /tmp/ray/session_2024-12-22_22-05-44_741372_627704/ports_by_node.json.lock
[2024-12-22 22:05:44,749][filelock][INFO] - Lock 124663356277904 acquired on /tmp/ray/session_2024-12-22_22-05-44_741372_627704/ports_by_node.json.lock
[2024-12-22 22:05:44,750][filelock][INFO] - Lock 124663356277904 released on /tmp/ray/session_2024-12-22_22-05-44_741372_627704/ports_by_node.json.lock
[2024-12-22 22:05:46,958][flwr][INFO] - Flower VCE: Ray initialized with resources: {'node:192.168.1.11': 1.0, 'CPU': 12.0, 'memory': 5101073204.0, 'object_store_memory': 2550536601.0, 'node:__internal_head__': 1.0}
[2024-12-22 22:05:46,958][flwr][INFO] - Optimize your simulation with Flower VCE: https://flower.ai/docs/framework/how-to-run-simulations.html
[2024-12-22 22:05:46,958][flwr][INFO] - Flower VCE: Resources for each Virtual Client: {'num_cpus': 2, 'num_gpus': 0}
[2024-12-22 22:05:46,968][flwr][INFO] - Flower VCE: Creating VirtualClientEngineActorPool with 6 actors
[2024-12-22 22:05:46,969][flwr][INFO] - [INIT]
[2024-12-22 22:05:46,970][flwr][INFO] - Requesting initial parameters from one random client
[2024-12-22 22:05:49,355][flwr][INFO] - Received initial parameters from one random client
[2024-12-22 22:05:49,355][flwr][INFO] - Starting evaluation of initial global parameters
[2024-12-22 22:05:50,925][flwr][INFO] - initial parameters (loss, other metrics): 182.04103755950928, {'accuracy': 0.0994}
[2024-12-22 22:05:50,926][flwr][INFO] - 
[2024-12-22 22:05:50,926][flwr][INFO] - [ROUND 1]
[2024-12-22 22:05:50,926][flwr][INFO] - configure_fit: strategy sampled 10 clients (out of 100)
[2024-12-22 22:05:54,915][flwr][INFO] - aggregate_fit: received 10 results and 0 failures
[2024-12-22 22:05:54,929][flwr][WARNING] - No fit_metrics_aggregation_fn provided
[2024-12-22 22:05:56,611][flwr][INFO] - fit progress: (1, 178.83297967910767, {'accuracy': 0.4221}, 5.685637544993369)
[2024-12-22 22:05:56,611][flwr][INFO] - configure_evaluate: strategy sampled 25 clients (out of 100)
[2024-12-22 22:05:59,305][flwr][INFO] - aggregate_evaluate: received 25 results and 0 failures
[2024-12-22 22:05:59,305][flwr][WARNING] - No evaluate_metrics_aggregation_fn provided
[2024-12-22 22:05:59,306][flwr][INFO] - 
[2024-12-22 22:05:59,306][flwr][INFO] - [ROUND 2]
[2024-12-22 22:05:59,306][flwr][INFO] - configure_fit: strategy sampled 10 clients (out of 100)
[2024-12-22 22:06:01,135][flwr][INFO] - aggregate_fit: received 10 results and 0 failures
[2024-12-22 22:06:03,172][flwr][INFO] - fit progress: (2, 157.8046839237213, {'accuracy': 0.5807}, 12.246965290993103)
[2024-12-22 22:06:03,173][flwr][INFO] - configure_evaluate: strategy sampled 25 clients (out of 100)
[2024-12-22 22:06:06,045][flwr][INFO] - aggregate_evaluate: received 25 results and 0 failures
[2024-12-22 22:06:06,045][flwr][INFO] - 
[2024-12-22 22:06:06,045][flwr][INFO] - [ROUND 3]
[2024-12-22 22:06:06,046][flwr][INFO] - configure_fit: strategy sampled 10 clients (out of 100)
[2024-12-22 22:06:08,116][flwr][INFO] - aggregate_fit: received 10 results and 0 failures
[2024-12-22 22:06:10,033][flwr][INFO] - fit progress: (3, 55.92794328927994, {'accuracy': 0.7685}, 19.10720671699528)
[2024-12-22 22:06:10,033][flwr][INFO] - configure_evaluate: strategy sampled 25 clients (out of 100)
[2024-12-22 22:06:12,699][flwr][INFO] - aggregate_evaluate: received 25 results and 0 failures
[2024-12-22 22:06:12,700][flwr][INFO] - 
[2024-12-22 22:06:12,700][flwr][INFO] - [ROUND 4]
[2024-12-22 22:06:12,700][flwr][INFO] - configure_fit: strategy sampled 10 clients (out of 100)
[2024-12-22 22:06:14,640][flwr][INFO] - aggregate_fit: received 10 results and 0 failures
[2024-12-22 22:06:16,575][flwr][INFO] - fit progress: (4, 41.969899103045464, {'accuracy': 0.8619}, 25.64933743799338)
[2024-12-22 22:06:16,575][flwr][INFO] - configure_evaluate: strategy sampled 25 clients (out of 100)
[2024-12-22 22:06:19,537][flwr][INFO] - aggregate_evaluate: received 25 results and 0 failures
[2024-12-22 22:06:19,537][flwr][INFO] - 
[2024-12-22 22:06:19,537][flwr][INFO] - [ROUND 5]
[2024-12-22 22:06:19,537][flwr][INFO] - configure_fit: strategy sampled 10 clients (out of 100)
[2024-12-22 22:06:21,743][flwr][INFO] - aggregate_fit: received 10 results and 0 failures
[2024-12-22 22:06:23,832][flwr][INFO] - fit progress: (5, 35.243495002388954, {'accuracy': 0.8785}, 32.906748648994835)
[2024-12-22 22:06:23,833][flwr][INFO] - configure_evaluate: strategy sampled 25 clients (out of 100)
[2024-12-22 22:06:26,410][flwr][INFO] - aggregate_evaluate: received 25 results and 0 failures
[2024-12-22 22:06:26,410][flwr][INFO] - 
[2024-12-22 22:06:26,410][flwr][INFO] - [ROUND 6]
[2024-12-22 22:06:26,410][flwr][INFO] - configure_fit: strategy sampled 10 clients (out of 100)
[2024-12-22 22:06:28,609][flwr][INFO] - aggregate_fit: received 10 results and 0 failures
[2024-12-22 22:06:30,267][flwr][INFO] - fit progress: (6, 24.662582218647003, {'accuracy': 0.9167}, 39.34130579899647)
[2024-12-22 22:06:30,267][flwr][INFO] - configure_evaluate: strategy sampled 25 clients (out of 100)
[2024-12-22 22:06:33,081][flwr][INFO] - aggregate_evaluate: received 25 results and 0 failures
[2024-12-22 22:06:33,082][flwr][INFO] - 
[2024-12-22 22:06:33,082][flwr][INFO] - [ROUND 7]
[2024-12-22 22:06:33,082][flwr][INFO] - configure_fit: strategy sampled 10 clients (out of 100)
[2024-12-22 22:06:34,996][flwr][INFO] - aggregate_fit: received 10 results and 0 failures
[2024-12-22 22:06:36,840][flwr][INFO] - fit progress: (7, 20.10314262099564, {'accuracy': 0.9232}, 45.91444199099351)
[2024-12-22 22:06:36,840][flwr][INFO] - configure_evaluate: strategy sampled 25 clients (out of 100)
[2024-12-22 22:06:39,323][flwr][INFO] - aggregate_evaluate: received 25 results and 0 failures
[2024-12-22 22:06:39,324][flwr][INFO] - 
[2024-12-22 22:06:39,324][flwr][INFO] - [ROUND 8]
[2024-12-22 22:06:39,324][flwr][INFO] - configure_fit: strategy sampled 10 clients (out of 100)
[2024-12-22 22:06:41,158][flwr][INFO] - aggregate_fit: received 10 results and 0 failures
[2024-12-22 22:06:43,041][flwr][INFO] - fit progress: (8, 18.268243703991175, {'accuracy': 0.931}, 52.11552365599346)
[2024-12-22 22:06:43,041][flwr][INFO] - configure_evaluate: strategy sampled 25 clients (out of 100)
[2024-12-22 22:06:45,485][flwr][INFO] - aggregate_evaluate: received 25 results and 0 failures
[2024-12-22 22:06:45,485][flwr][INFO] - 
[2024-12-22 22:06:45,486][flwr][INFO] - [ROUND 9]
[2024-12-22 22:06:45,486][flwr][INFO] - configure_fit: strategy sampled 10 clients (out of 100)
[2024-12-22 22:06:47,205][flwr][INFO] - aggregate_fit: received 10 results and 0 failures
[2024-12-22 22:06:49,168][flwr][INFO] - fit progress: (9, 14.473975240252912, {'accuracy': 0.945}, 58.242436705993896)
[2024-12-22 22:06:49,168][flwr][INFO] - configure_evaluate: strategy sampled 25 clients (out of 100)
[2024-12-22 22:06:51,766][flwr][INFO] - aggregate_evaluate: received 25 results and 0 failures
[2024-12-22 22:06:51,766][flwr][INFO] - 
[2024-12-22 22:06:51,766][flwr][INFO] - [ROUND 10]
[2024-12-22 22:06:51,766][flwr][INFO] - configure_fit: strategy sampled 10 clients (out of 100)
[2024-12-22 22:06:53,526][flwr][INFO] - aggregate_fit: received 10 results and 0 failures
[2024-12-22 22:06:55,671][flwr][INFO] - fit progress: (10, 13.01047411840409, {'accuracy': 0.9491}, 64.74575530399306)
[2024-12-22 22:06:55,672][flwr][INFO] - configure_evaluate: strategy sampled 25 clients (out of 100)
[2024-12-22 22:06:58,290][flwr][INFO] - aggregate_evaluate: received 25 results and 0 failures
[2024-12-22 22:06:58,291][flwr][INFO] - 
[2024-12-22 22:06:58,291][flwr][INFO] - [SUMMARY]
[2024-12-22 22:06:58,291][flwr][INFO] - Run finished 10 round(s) in 67.37s
[2024-12-22 22:06:58,291][flwr][INFO] - 	History (loss, distributed):
[2024-12-22 22:06:58,291][flwr][INFO] - 		round 1: 6.7860103034973145
[2024-12-22 22:06:58,291][flwr][INFO] - 		round 2: 6.005897107124329
[2024-12-22 22:06:58,292][flwr][INFO] - 		round 3: 2.20284140586853
[2024-12-22 22:06:58,292][flwr][INFO] - 		round 4: 1.6695939654111862
[2024-12-22 22:06:58,292][flwr][INFO] - 		round 5: 1.359352549314499
[2024-12-22 22:06:58,292][flwr][INFO] - 		round 6: 1.0121515876054763
[2024-12-22 22:06:58,292][flwr][INFO] - 		round 7: 0.7783754865825177
[2024-12-22 22:06:58,292][flwr][INFO] - 		round 8: 0.7456965862214565
[2024-12-22 22:06:58,292][flwr][INFO] - 		round 9: 0.5416105085611344
[2024-12-22 22:06:58,292][flwr][INFO] - 		round 10: 0.45617414228618147
[2024-12-22 22:06:58,292][flwr][INFO] - 	History (loss, centralized):
[2024-12-22 22:06:58,292][flwr][INFO] - 		round 0: 182.04103755950928
[2024-12-22 22:06:58,292][flwr][INFO] - 		round 1: 178.83297967910767
[2024-12-22 22:06:58,292][flwr][INFO] - 		round 2: 157.8046839237213
[2024-12-22 22:06:58,292][flwr][INFO] - 		round 3: 55.92794328927994
[2024-12-22 22:06:58,292][flwr][INFO] - 		round 4: 41.969899103045464
[2024-12-22 22:06:58,292][flwr][INFO] - 		round 5: 35.243495002388954
[2024-12-22 22:06:58,292][flwr][INFO] - 		round 6: 24.662582218647003
[2024-12-22 22:06:58,292][flwr][INFO] - 		round 7: 20.10314262099564
[2024-12-22 22:06:58,292][flwr][INFO] - 		round 8: 18.268243703991175
[2024-12-22 22:06:58,292][flwr][INFO] - 		round 9: 14.473975240252912
[2024-12-22 22:06:58,292][flwr][INFO] - 		round 10: 13.01047411840409
[2024-12-22 22:06:58,293][flwr][INFO] - 	History (metrics, centralized):
[2024-12-22 22:06:58,293][flwr][INFO] - 	{'accuracy': [(0, 0.0994),
[2024-12-22 22:06:58,293][flwr][INFO] - 	              (1, 0.4221),
[2024-12-22 22:06:58,293][flwr][INFO] - 	              (2, 0.5807),
[2024-12-22 22:06:58,293][flwr][INFO] - 	              (3, 0.7685),
[2024-12-22 22:06:58,293][flwr][INFO] - 	              (4, 0.8619),
[2024-12-22 22:06:58,293][flwr][INFO] - 	              (5, 0.8785),
[2024-12-22 22:06:58,293][flwr][INFO] - 	              (6, 0.9167),
[2024-12-22 22:06:58,293][flwr][INFO] - 	              (7, 0.9232),
[2024-12-22 22:06:58,293][flwr][INFO] - 	              (8, 0.931),
[2024-12-22 22:06:58,293][flwr][INFO] - 	              (9, 0.945),
[2024-12-22 22:06:58,293][flwr][INFO] - 	              (10, 0.9491)]}
[2024-12-22 22:06:58,293][flwr][INFO] - 
