[2024-12-23 23:15:59,886][flwr][INFO] - Starting Flower simulation, config: num_rounds=10, no round_timeout
[2024-12-23 23:16:03,655][flwr][INFO] - Flower VCE: Ray initialized with resources: {'node:__internal_head__': 1.0, 'object_store_memory': 2130704793.0, 'memory': 4261409588.0, 'node:192.168.1.11': 1.0, 'CPU': 12.0}
[2024-12-23 23:16:03,656][flwr][INFO] - Optimize your simulation with Flower VCE: https://flower.ai/docs/framework/how-to-run-simulations.html
[2024-12-23 23:16:03,656][flwr][INFO] - Flower VCE: Resources for each Virtual Client: {'num_cpus': 2, 'num_gpus': 0}
[2024-12-23 23:16:03,665][flwr][INFO] - Flower VCE: Creating VirtualClientEngineActorPool with 6 actors
[2024-12-23 23:16:03,665][flwr][INFO] - [INIT]
[2024-12-23 23:16:03,666][flwr][INFO] - Using initial global parameters provided by strategy
[2024-12-23 23:16:03,666][flwr][INFO] - Starting evaluation of initial global parameters
[2024-12-23 23:16:06,817][flwr][INFO] - initial parameters (loss, other metrics): 182.11525893211365, {'accuracy': 0.0974}
[2024-12-23 23:16:06,817][flwr][INFO] - 
[2024-12-23 23:16:06,817][flwr][INFO] - [ROUND 1]
[2024-12-23 23:16:06,817][flwr][INFO] - configure_fit: strategy sampled 10 clients (out of 100)
[2024-12-23 23:16:12,281][flwr][INFO] - aggregate_fit: received 10 results and 0 failures
[2024-12-23 23:16:12,318][flwr][WARNING] - No fit_metrics_aggregation_fn provided
[2024-12-23 23:16:14,132][flwr][INFO] - fit progress: (1, 182.04107213020325, {'accuracy': 0.0974}, 7.315273692001938)
[2024-12-23 23:16:14,133][flwr][INFO] - configure_evaluate: strategy sampled 25 clients (out of 100)
[2024-12-23 23:16:16,666][flwr][INFO] - aggregate_evaluate: received 25 results and 0 failures
[2024-12-23 23:16:16,666][flwr][WARNING] - No evaluate_metrics_aggregation_fn provided
[2024-12-23 23:16:16,666][flwr][INFO] - 
[2024-12-23 23:16:16,666][flwr][INFO] - [ROUND 2]
[2024-12-23 23:16:16,667][flwr][INFO] - configure_fit: strategy sampled 10 clients (out of 100)
[2024-12-23 23:16:18,418][flwr][INFO] - aggregate_fit: received 10 results and 0 failures
[2024-12-23 23:16:19,983][flwr][INFO] - fit progress: (2, 181.8932478427887, {'accuracy': 0.0974}, 13.165836700005457)
[2024-12-23 23:16:19,983][flwr][INFO] - configure_evaluate: strategy sampled 25 clients (out of 100)
[2024-12-23 23:16:22,300][flwr][INFO] - aggregate_evaluate: received 25 results and 0 failures
[2024-12-23 23:16:22,301][flwr][INFO] - 
[2024-12-23 23:16:22,301][flwr][INFO] - [ROUND 3]
[2024-12-23 23:16:22,301][flwr][INFO] - configure_fit: strategy sampled 10 clients (out of 100)
[2024-12-23 23:16:23,793][flwr][INFO] - aggregate_fit: received 10 results and 0 failures
[2024-12-23 23:16:25,409][flwr][INFO] - fit progress: (3, 181.6731195449829, {'accuracy': 0.0975}, 18.591653324998333)
[2024-12-23 23:16:25,409][flwr][INFO] - configure_evaluate: strategy sampled 25 clients (out of 100)
[2024-12-23 23:16:28,638][flwr][INFO] - aggregate_evaluate: received 25 results and 0 failures
[2024-12-23 23:16:28,638][flwr][INFO] - 
[2024-12-23 23:16:28,638][flwr][INFO] - [ROUND 4]
[2024-12-23 23:16:28,638][flwr][INFO] - configure_fit: strategy sampled 10 clients (out of 100)
[2024-12-23 23:16:30,266][flwr][INFO] - aggregate_fit: received 10 results and 0 failures
[2024-12-23 23:16:32,002][flwr][INFO] - fit progress: (4, 181.38239908218384, {'accuracy': 0.0975}, 25.185433445003582)
[2024-12-23 23:16:32,003][flwr][INFO] - configure_evaluate: strategy sampled 25 clients (out of 100)
[2024-12-23 23:16:34,872][flwr][INFO] - aggregate_evaluate: received 25 results and 0 failures
[2024-12-23 23:16:34,872][flwr][INFO] - 
[2024-12-23 23:16:34,872][flwr][INFO] - [ROUND 5]
[2024-12-23 23:16:34,872][flwr][INFO] - configure_fit: strategy sampled 10 clients (out of 100)
[2024-12-23 23:16:36,997][flwr][INFO] - aggregate_fit: received 10 results and 0 failures
[2024-12-23 23:16:39,177][flwr][INFO] - fit progress: (5, 181.00813245773315, {'accuracy': 0.1599}, 32.3596085300087)
[2024-12-23 23:16:39,177][flwr][INFO] - configure_evaluate: strategy sampled 25 clients (out of 100)
[2024-12-23 23:16:41,765][flwr][INFO] - aggregate_evaluate: received 25 results and 0 failures
[2024-12-23 23:16:41,765][flwr][INFO] - 
[2024-12-23 23:16:41,765][flwr][INFO] - [ROUND 6]
[2024-12-23 23:16:41,765][flwr][INFO] - configure_fit: strategy sampled 10 clients (out of 100)
[2024-12-23 23:16:43,649][flwr][INFO] - aggregate_fit: received 10 results and 0 failures
[2024-12-23 23:16:45,913][flwr][INFO] - fit progress: (6, 180.51391506195068, {'accuracy': 0.2421}, 39.095808031997876)
[2024-12-23 23:16:45,913][flwr][INFO] - configure_evaluate: strategy sampled 25 clients (out of 100)
[2024-12-23 23:16:48,630][flwr][INFO] - aggregate_evaluate: received 25 results and 0 failures
[2024-12-23 23:16:48,630][flwr][INFO] - 
[2024-12-23 23:16:48,630][flwr][INFO] - [ROUND 7]
[2024-12-23 23:16:48,630][flwr][INFO] - configure_fit: strategy sampled 10 clients (out of 100)
[2024-12-23 23:16:50,527][flwr][INFO] - aggregate_fit: received 10 results and 0 failures
[2024-12-23 23:16:52,749][flwr][INFO] - fit progress: (7, 179.78827595710754, {'accuracy': 0.362}, 45.93210697200266)
[2024-12-23 23:16:52,749][flwr][INFO] - configure_evaluate: strategy sampled 25 clients (out of 100)
[2024-12-23 23:16:55,374][flwr][INFO] - aggregate_evaluate: received 25 results and 0 failures
[2024-12-23 23:16:55,374][flwr][INFO] - 
[2024-12-23 23:16:55,374][flwr][INFO] - [ROUND 8]
[2024-12-23 23:16:55,374][flwr][INFO] - configure_fit: strategy sampled 10 clients (out of 100)
[2024-12-23 23:16:57,003][flwr][INFO] - aggregate_fit: received 10 results and 0 failures
[2024-12-23 23:16:58,493][flwr][INFO] - fit progress: (8, 178.6027057170868, {'accuracy': 0.4133}, 51.676134239009116)
[2024-12-23 23:16:58,493][flwr][INFO] - configure_evaluate: strategy sampled 25 clients (out of 100)
[2024-12-23 23:17:00,748][flwr][INFO] - aggregate_evaluate: received 25 results and 0 failures
[2024-12-23 23:17:00,748][flwr][INFO] - 
[2024-12-23 23:17:00,748][flwr][INFO] - [ROUND 9]
[2024-12-23 23:17:00,749][flwr][INFO] - configure_fit: strategy sampled 10 clients (out of 100)
[2024-12-23 23:17:02,358][flwr][INFO] - aggregate_fit: received 10 results and 0 failures
[2024-12-23 23:17:03,744][flwr][INFO] - fit progress: (9, 176.42320442199707, {'accuracy': 0.398}, 56.92719596000097)
[2024-12-23 23:17:03,745][flwr][INFO] - configure_evaluate: strategy sampled 25 clients (out of 100)
[2024-12-23 23:17:06,207][flwr][INFO] - aggregate_evaluate: received 25 results and 0 failures
[2024-12-23 23:17:06,207][flwr][INFO] - 
[2024-12-23 23:17:06,207][flwr][INFO] - [ROUND 10]
[2024-12-23 23:17:06,208][flwr][INFO] - configure_fit: strategy sampled 10 clients (out of 100)
[2024-12-23 23:17:07,779][flwr][INFO] - aggregate_fit: received 10 results and 0 failures
[2024-12-23 23:17:09,312][flwr][INFO] - fit progress: (10, 172.01946806907654, {'accuracy': 0.3401}, 62.494743315997766)
[2024-12-23 23:17:09,312][flwr][INFO] - configure_evaluate: strategy sampled 25 clients (out of 100)
[2024-12-23 23:17:11,759][flwr][INFO] - aggregate_evaluate: received 25 results and 0 failures
[2024-12-23 23:17:11,759][flwr][INFO] - 
[2024-12-23 23:17:11,760][flwr][INFO] - [SUMMARY]
[2024-12-23 23:17:11,760][flwr][INFO] - Run finished 10 round(s) in 64.94s
[2024-12-23 23:17:11,760][flwr][INFO] - 	History (loss, distributed):
[2024-12-23 23:17:11,760][flwr][INFO] - 		round 1: 4.608550653457642
[2024-12-23 23:17:11,760][flwr][INFO] - 		round 2: 4.605653781890869
[2024-12-23 23:17:11,760][flwr][INFO] - 		round 3: 4.595852966308594
[2024-12-23 23:17:11,760][flwr][INFO] - 		round 4: 4.591611166000366
[2024-12-23 23:17:11,760][flwr][INFO] - 		round 5: 4.583439598083496
[2024-12-23 23:17:11,760][flwr][INFO] - 		round 6: 4.567579517364502
[2024-12-23 23:17:11,760][flwr][INFO] - 		round 7: 4.549360036849976
[2024-12-23 23:17:11,760][flwr][INFO] - 		round 8: 4.521769008636475
[2024-12-23 23:17:11,761][flwr][INFO] - 		round 9: 4.468194169998169
[2024-12-23 23:17:11,761][flwr][INFO] - 		round 10: 4.360075817108155
[2024-12-23 23:17:11,761][flwr][INFO] - 	History (loss, centralized):
[2024-12-23 23:17:11,761][flwr][INFO] - 		round 0: 182.11525893211365
[2024-12-23 23:17:11,761][flwr][INFO] - 		round 1: 182.04107213020325
[2024-12-23 23:17:11,761][flwr][INFO] - 		round 2: 181.8932478427887
[2024-12-23 23:17:11,761][flwr][INFO] - 		round 3: 181.6731195449829
[2024-12-23 23:17:11,761][flwr][INFO] - 		round 4: 181.38239908218384
[2024-12-23 23:17:11,761][flwr][INFO] - 		round 5: 181.00813245773315
[2024-12-23 23:17:11,761][flwr][INFO] - 		round 6: 180.51391506195068
[2024-12-23 23:17:11,761][flwr][INFO] - 		round 7: 179.78827595710754
[2024-12-23 23:17:11,761][flwr][INFO] - 		round 8: 178.6027057170868
[2024-12-23 23:17:11,761][flwr][INFO] - 		round 9: 176.42320442199707
[2024-12-23 23:17:11,761][flwr][INFO] - 		round 10: 172.01946806907654
[2024-12-23 23:17:11,761][flwr][INFO] - 	History (metrics, centralized):
[2024-12-23 23:17:11,761][flwr][INFO] - 	{'accuracy': [(0, 0.0974),
[2024-12-23 23:17:11,761][flwr][INFO] - 	              (1, 0.0974),
[2024-12-23 23:17:11,761][flwr][INFO] - 	              (2, 0.0974),
[2024-12-23 23:17:11,761][flwr][INFO] - 	              (3, 0.0975),
[2024-12-23 23:17:11,761][flwr][INFO] - 	              (4, 0.0975),
[2024-12-23 23:17:11,761][flwr][INFO] - 	              (5, 0.1599),
[2024-12-23 23:17:11,761][flwr][INFO] - 	              (6, 0.2421),
[2024-12-23 23:17:11,761][flwr][INFO] - 	              (7, 0.362),
[2024-12-23 23:17:11,761][flwr][INFO] - 	              (8, 0.4133),
[2024-12-23 23:17:11,762][flwr][INFO] - 	              (9, 0.398),
[2024-12-23 23:17:11,762][flwr][INFO] - 	              (10, 0.3401)]}
[2024-12-23 23:17:11,762][flwr][INFO] - 
