[2024-12-22 23:42:44,725][flwr][INFO] - Starting Flower simulation, config: num_rounds=10, no round_timeout
[2024-12-22 23:42:48,186][flwr][INFO] - Flower VCE: Ray initialized with resources: {'node:__internal_head__': 1.0, 'CPU': 12.0, 'node:192.168.1.11': 1.0, 'object_store_memory': 2578164940.0, 'memory': 5156329883.0}
[2024-12-22 23:42:48,186][flwr][INFO] - Optimize your simulation with Flower VCE: https://flower.ai/docs/framework/how-to-run-simulations.html
[2024-12-22 23:42:48,186][flwr][INFO] - Flower VCE: Resources for each Virtual Client: {'num_cpus': 2, 'num_gpus': 0}
[2024-12-22 23:42:48,193][flwr][INFO] - Flower VCE: Creating VirtualClientEngineActorPool with 6 actors
[2024-12-22 23:42:48,194][flwr][INFO] - [INIT]
[2024-12-22 23:42:48,194][flwr][INFO] - Using initial global parameters provided by strategy
[2024-12-22 23:42:48,194][flwr][INFO] - Starting evaluation of initial global parameters
[2024-12-22 23:42:50,727][flwr][INFO] - initial parameters (loss, other metrics): 181.92194199562073, {'accuracy': 0.1135}
[2024-12-22 23:42:50,727][flwr][INFO] - 
[2024-12-22 23:42:50,728][flwr][INFO] - [ROUND 1]
[2024-12-22 23:42:50,728][flwr][INFO] - configure_fit: strategy sampled 10 clients (out of 100)
[2024-12-22 23:42:56,508][flwr][INFO] - aggregate_fit: received 10 results and 0 failures
[2024-12-22 23:42:56,533][flwr][WARNING] - No fit_metrics_aggregation_fn provided
[2024-12-22 23:42:58,058][flwr][INFO] - fit progress: (1, 181.49810695648193, {'accuracy': 0.1135}, 7.330241985997418)
[2024-12-22 23:42:58,058][flwr][INFO] - configure_evaluate: strategy sampled 25 clients (out of 100)
[2024-12-22 23:43:00,458][flwr][INFO] - aggregate_evaluate: received 25 results and 0 failures
[2024-12-22 23:43:00,459][flwr][WARNING] - No evaluate_metrics_aggregation_fn provided
[2024-12-22 23:43:00,459][flwr][INFO] - 
[2024-12-22 23:43:00,459][flwr][INFO] - [ROUND 2]
[2024-12-22 23:43:00,459][flwr][INFO] - configure_fit: strategy sampled 10 clients (out of 100)
[2024-12-22 23:43:02,019][flwr][INFO] - aggregate_fit: received 10 results and 0 failures
[2024-12-22 23:43:03,412][flwr][INFO] - fit progress: (2, 180.66738080978394, {'accuracy': 0.1178}, 12.684728375999839)
[2024-12-22 23:43:03,413][flwr][INFO] - configure_evaluate: strategy sampled 25 clients (out of 100)
[2024-12-22 23:43:05,817][flwr][INFO] - aggregate_evaluate: received 25 results and 0 failures
[2024-12-22 23:43:05,817][flwr][INFO] - 
[2024-12-22 23:43:05,817][flwr][INFO] - [ROUND 3]
[2024-12-22 23:43:05,817][flwr][INFO] - configure_fit: strategy sampled 10 clients (out of 100)
[2024-12-22 23:43:07,319][flwr][INFO] - aggregate_fit: received 10 results and 0 failures
[2024-12-22 23:43:09,248][flwr][INFO] - fit progress: (3, 179.38125109672546, {'accuracy': 0.1975}, 18.520401909998327)
[2024-12-22 23:43:09,248][flwr][INFO] - configure_evaluate: strategy sampled 25 clients (out of 100)
[2024-12-22 23:43:11,706][flwr][INFO] - aggregate_evaluate: received 25 results and 0 failures
[2024-12-22 23:43:11,706][flwr][INFO] - 
[2024-12-22 23:43:11,706][flwr][INFO] - [ROUND 4]
[2024-12-22 23:43:11,706][flwr][INFO] - configure_fit: strategy sampled 10 clients (out of 100)
[2024-12-22 23:43:13,297][flwr][INFO] - aggregate_fit: received 10 results and 0 failures
[2024-12-22 23:43:14,752][flwr][INFO] - fit progress: (4, 177.32140564918518, {'accuracy': 0.3026}, 24.0247456329962)
[2024-12-22 23:43:14,753][flwr][INFO] - configure_evaluate: strategy sampled 25 clients (out of 100)
[2024-12-22 23:43:17,101][flwr][INFO] - aggregate_evaluate: received 25 results and 0 failures
[2024-12-22 23:43:17,101][flwr][INFO] - 
[2024-12-22 23:43:17,101][flwr][INFO] - [ROUND 5]
[2024-12-22 23:43:17,102][flwr][INFO] - configure_fit: strategy sampled 10 clients (out of 100)
[2024-12-22 23:43:18,617][flwr][INFO] - aggregate_fit: received 10 results and 0 failures
[2024-12-22 23:43:20,171][flwr][INFO] - fit progress: (5, 173.46898341178894, {'accuracy': 0.4093}, 29.44370448600239)
[2024-12-22 23:43:20,171][flwr][INFO] - configure_evaluate: strategy sampled 25 clients (out of 100)
[2024-12-22 23:43:22,569][flwr][INFO] - aggregate_evaluate: received 25 results and 0 failures
[2024-12-22 23:43:22,569][flwr][INFO] - 
[2024-12-22 23:43:22,570][flwr][INFO] - [ROUND 6]
[2024-12-22 23:43:22,570][flwr][INFO] - configure_fit: strategy sampled 10 clients (out of 100)
[2024-12-22 23:43:24,048][flwr][INFO] - aggregate_fit: received 10 results and 0 failures
[2024-12-22 23:43:25,439][flwr][INFO] - fit progress: (6, 164.83441138267517, {'accuracy': 0.4903}, 34.71180050000112)
[2024-12-22 23:43:25,440][flwr][INFO] - configure_evaluate: strategy sampled 25 clients (out of 100)
[2024-12-22 23:43:27,870][flwr][INFO] - aggregate_evaluate: received 25 results and 0 failures
[2024-12-22 23:43:27,870][flwr][INFO] - 
[2024-12-22 23:43:27,870][flwr][INFO] - [ROUND 7]
[2024-12-22 23:43:27,870][flwr][INFO] - configure_fit: strategy sampled 10 clients (out of 100)
[2024-12-22 23:43:29,346][flwr][INFO] - aggregate_fit: received 10 results and 0 failures
[2024-12-22 23:43:30,953][flwr][INFO] - fit progress: (7, 143.05635690689087, {'accuracy': 0.5886}, 40.22600048699678)
[2024-12-22 23:43:30,954][flwr][INFO] - configure_evaluate: strategy sampled 25 clients (out of 100)
[2024-12-22 23:43:33,350][flwr][INFO] - aggregate_evaluate: received 25 results and 0 failures
[2024-12-22 23:43:33,351][flwr][INFO] - 
[2024-12-22 23:43:33,351][flwr][INFO] - [ROUND 8]
[2024-12-22 23:43:33,351][flwr][INFO] - configure_fit: strategy sampled 10 clients (out of 100)
[2024-12-22 23:43:34,895][flwr][INFO] - aggregate_fit: received 10 results and 0 failures
[2024-12-22 23:43:36,654][flwr][INFO] - fit progress: (8, 102.37245428562164, {'accuracy': 0.6585}, 45.92641423900204)
[2024-12-22 23:43:36,654][flwr][INFO] - configure_evaluate: strategy sampled 25 clients (out of 100)
[2024-12-22 23:43:39,016][flwr][INFO] - aggregate_evaluate: received 25 results and 0 failures
[2024-12-22 23:43:39,016][flwr][INFO] - 
[2024-12-22 23:43:39,016][flwr][INFO] - [ROUND 9]
[2024-12-22 23:43:39,017][flwr][INFO] - configure_fit: strategy sampled 10 clients (out of 100)
[2024-12-22 23:43:40,568][flwr][INFO] - aggregate_fit: received 10 results and 0 failures
[2024-12-22 23:43:41,959][flwr][INFO] - fit progress: (9, 70.26423811912537, {'accuracy': 0.6975}, 51.23138452499552)
[2024-12-22 23:43:41,959][flwr][INFO] - configure_evaluate: strategy sampled 25 clients (out of 100)
[2024-12-22 23:43:44,463][flwr][INFO] - aggregate_evaluate: received 25 results and 0 failures
[2024-12-22 23:43:44,463][flwr][INFO] - 
[2024-12-22 23:43:44,463][flwr][INFO] - [ROUND 10]
[2024-12-22 23:43:44,464][flwr][INFO] - configure_fit: strategy sampled 10 clients (out of 100)
[2024-12-22 23:43:46,096][flwr][INFO] - aggregate_fit: received 10 results and 0 failures
[2024-12-22 23:43:47,425][flwr][INFO] - fit progress: (10, 64.34510141611099, {'accuracy': 0.7283}, 56.697735401998216)
[2024-12-22 23:43:47,426][flwr][INFO] - configure_evaluate: strategy sampled 25 clients (out of 100)
[2024-12-22 23:43:49,891][flwr][INFO] - aggregate_evaluate: received 25 results and 0 failures
[2024-12-22 23:43:49,892][flwr][INFO] - 
[2024-12-22 23:43:49,892][flwr][INFO] - [SUMMARY]
[2024-12-22 23:43:49,892][flwr][INFO] - Run finished 10 round(s) in 59.16s
[2024-12-22 23:43:49,892][flwr][INFO] - 	History (loss, distributed):
[2024-12-22 23:43:49,893][flwr][INFO] - 		round 1: 4.594150505065918
[2024-12-22 23:43:49,893][flwr][INFO] - 		round 2: 4.575446825027466
[2024-12-22 23:43:49,893][flwr][INFO] - 		round 3: 4.540870628356934
[2024-12-22 23:43:49,893][flwr][INFO] - 		round 4: 4.494709110260009
[2024-12-22 23:43:49,893][flwr][INFO] - 		round 5: 4.390631799697876
[2024-12-22 23:43:49,893][flwr][INFO] - 		round 6: 4.174067463874817
[2024-12-22 23:43:49,893][flwr][INFO] - 		round 7: 3.62250216960907
[2024-12-22 23:43:49,893][flwr][INFO] - 		round 8: 2.6512228631973267
[2024-12-22 23:43:49,893][flwr][INFO] - 		round 9: 1.809827733039856
[2024-12-22 23:43:49,893][flwr][INFO] - 		round 10: 1.7182629525661468
[2024-12-22 23:43:49,893][flwr][INFO] - 	History (loss, centralized):
[2024-12-22 23:43:49,894][flwr][INFO] - 		round 0: 181.92194199562073
[2024-12-22 23:43:49,894][flwr][INFO] - 		round 1: 181.49810695648193
[2024-12-22 23:43:49,894][flwr][INFO] - 		round 2: 180.66738080978394
[2024-12-22 23:43:49,894][flwr][INFO] - 		round 3: 179.38125109672546
[2024-12-22 23:43:49,894][flwr][INFO] - 		round 4: 177.32140564918518
[2024-12-22 23:43:49,894][flwr][INFO] - 		round 5: 173.46898341178894
[2024-12-22 23:43:49,894][flwr][INFO] - 		round 6: 164.83441138267517
[2024-12-22 23:43:49,894][flwr][INFO] - 		round 7: 143.05635690689087
[2024-12-22 23:43:49,894][flwr][INFO] - 		round 8: 102.37245428562164
[2024-12-22 23:43:49,894][flwr][INFO] - 		round 9: 70.26423811912537
[2024-12-22 23:43:49,894][flwr][INFO] - 		round 10: 64.34510141611099
[2024-12-22 23:43:49,894][flwr][INFO] - 	History (metrics, centralized):
[2024-12-22 23:43:49,894][flwr][INFO] - 	{'accuracy': [(0, 0.1135),
[2024-12-22 23:43:49,894][flwr][INFO] - 	              (1, 0.1135),
[2024-12-22 23:43:49,894][flwr][INFO] - 	              (2, 0.1178),
[2024-12-22 23:43:49,895][flwr][INFO] - 	              (3, 0.1975),
[2024-12-22 23:43:49,895][flwr][INFO] - 	              (4, 0.3026),
[2024-12-22 23:43:49,895][flwr][INFO] - 	              (5, 0.4093),
[2024-12-22 23:43:49,895][flwr][INFO] - 	              (6, 0.4903),
[2024-12-22 23:43:49,895][flwr][INFO] - 	              (7, 0.5886),
[2024-12-22 23:43:49,895][flwr][INFO] - 	              (8, 0.6585),
[2024-12-22 23:43:49,895][flwr][INFO] - 	              (9, 0.6975),
[2024-12-22 23:43:49,895][flwr][INFO] - 	              (10, 0.7283)]}
[2024-12-22 23:43:49,895][flwr][INFO] - 
