[2024-12-23 23:19:41,011][flwr][INFO] - Starting Flower simulation, config: num_rounds=10, no round_timeout
[2024-12-23 23:19:44,700][flwr][INFO] - Flower VCE: Ray initialized with resources: {'node:__internal_head__': 1.0, 'object_store_memory': 2119882752.0, 'memory': 4239765504.0, 'CPU': 12.0, 'node:192.168.1.11': 1.0}
[2024-12-23 23:19:44,700][flwr][INFO] - Optimize your simulation with Flower VCE: https://flower.ai/docs/framework/how-to-run-simulations.html
[2024-12-23 23:19:44,700][flwr][INFO] - Flower VCE: Resources for each Virtual Client: {'num_cpus': 2, 'num_gpus': 0}
[2024-12-23 23:19:44,713][flwr][INFO] - Flower VCE: Creating VirtualClientEngineActorPool with 6 actors
[2024-12-23 23:19:44,714][flwr][INFO] - [INIT]
[2024-12-23 23:19:44,714][flwr][INFO] - Using initial global parameters provided by strategy
[2024-12-23 23:19:44,714][flwr][INFO] - Starting evaluation of initial global parameters
[2024-12-23 23:19:48,125][flwr][INFO] - initial parameters (loss, other metrics): 182.3970754146576, {'accuracy': 0.103}
[2024-12-23 23:19:48,125][flwr][INFO] - 
[2024-12-23 23:19:48,125][flwr][INFO] - [ROUND 1]
[2024-12-23 23:19:48,125][flwr][INFO] - configure_fit: strategy sampled 10 clients (out of 100)
[2024-12-23 23:19:54,417][flwr][INFO] - aggregate_fit: received 10 results and 0 failures
[2024-12-23 23:19:54,442][flwr][WARNING] - No fit_metrics_aggregation_fn provided
[2024-12-23 23:19:56,540][flwr][INFO] - fit progress: (1, 182.25484490394592, {'accuracy': 0.1031}, 8.414509955997346)
[2024-12-23 23:19:56,540][flwr][INFO] - configure_evaluate: strategy sampled 25 clients (out of 100)
[2024-12-23 23:19:59,045][flwr][INFO] - aggregate_evaluate: received 25 results and 0 failures
[2024-12-23 23:19:59,045][flwr][WARNING] - No evaluate_metrics_aggregation_fn provided
[2024-12-23 23:19:59,045][flwr][INFO] - 
[2024-12-23 23:19:59,045][flwr][INFO] - [ROUND 2]
[2024-12-23 23:19:59,046][flwr][INFO] - configure_fit: strategy sampled 10 clients (out of 100)
[2024-12-23 23:20:00,620][flwr][INFO] - aggregate_fit: received 10 results and 0 failures
[2024-12-23 23:20:02,297][flwr][INFO] - fit progress: (2, 181.9749186038971, {'accuracy': 0.1032}, 14.172162289003609)
[2024-12-23 23:20:02,298][flwr][INFO] - configure_evaluate: strategy sampled 25 clients (out of 100)
[2024-12-23 23:20:04,924][flwr][INFO] - aggregate_evaluate: received 25 results and 0 failures
[2024-12-23 23:20:04,924][flwr][INFO] - 
[2024-12-23 23:20:04,924][flwr][INFO] - [ROUND 3]
[2024-12-23 23:20:04,924][flwr][INFO] - configure_fit: strategy sampled 10 clients (out of 100)
[2024-12-23 23:20:06,550][flwr][INFO] - aggregate_fit: received 10 results and 0 failures
[2024-12-23 23:20:08,448][flwr][INFO] - fit progress: (3, 181.5637927055359, {'accuracy': 0.1047}, 20.322864950008807)
[2024-12-23 23:20:08,448][flwr][INFO] - configure_evaluate: strategy sampled 25 clients (out of 100)
[2024-12-23 23:20:10,924][flwr][INFO] - aggregate_evaluate: received 25 results and 0 failures
[2024-12-23 23:20:10,924][flwr][INFO] - 
[2024-12-23 23:20:10,924][flwr][INFO] - [ROUND 4]
[2024-12-23 23:20:10,924][flwr][INFO] - configure_fit: strategy sampled 10 clients (out of 100)
[2024-12-23 23:20:12,651][flwr][INFO] - aggregate_fit: received 10 results and 0 failures
[2024-12-23 23:20:15,034][flwr][INFO] - fit progress: (4, 181.0469250679016, {'accuracy': 0.1198}, 26.90858786800527)
[2024-12-23 23:20:15,034][flwr][INFO] - configure_evaluate: strategy sampled 25 clients (out of 100)
[2024-12-23 23:20:17,644][flwr][INFO] - aggregate_evaluate: received 25 results and 0 failures
[2024-12-23 23:20:17,644][flwr][INFO] - 
[2024-12-23 23:20:17,644][flwr][INFO] - [ROUND 5]
[2024-12-23 23:20:17,644][flwr][INFO] - configure_fit: strategy sampled 10 clients (out of 100)
[2024-12-23 23:20:19,345][flwr][INFO] - aggregate_fit: received 10 results and 0 failures
[2024-12-23 23:20:21,239][flwr][INFO] - fit progress: (5, 180.458735704422, {'accuracy': 0.1914}, 33.1135159819969)
[2024-12-23 23:20:21,239][flwr][INFO] - configure_evaluate: strategy sampled 25 clients (out of 100)
[2024-12-23 23:20:23,798][flwr][INFO] - aggregate_evaluate: received 25 results and 0 failures
[2024-12-23 23:20:23,799][flwr][INFO] - 
[2024-12-23 23:20:23,799][flwr][INFO] - [ROUND 6]
[2024-12-23 23:20:23,799][flwr][INFO] - configure_fit: strategy sampled 10 clients (out of 100)
[2024-12-23 23:20:25,354][flwr][INFO] - aggregate_fit: received 10 results and 0 failures
[2024-12-23 23:20:27,425][flwr][INFO] - fit progress: (6, 179.8302698135376, {'accuracy': 0.2696}, 39.299832297998364)
[2024-12-23 23:20:27,425][flwr][INFO] - configure_evaluate: strategy sampled 25 clients (out of 100)
[2024-12-23 23:20:29,976][flwr][INFO] - aggregate_evaluate: received 25 results and 0 failures
[2024-12-23 23:20:29,976][flwr][INFO] - 
[2024-12-23 23:20:29,976][flwr][INFO] - [ROUND 7]
[2024-12-23 23:20:29,977][flwr][INFO] - configure_fit: strategy sampled 10 clients (out of 100)
[2024-12-23 23:20:31,622][flwr][INFO] - aggregate_fit: received 10 results and 0 failures
[2024-12-23 23:20:33,515][flwr][INFO] - fit progress: (7, 179.11411786079407, {'accuracy': 0.3175}, 45.390326402004575)
[2024-12-23 23:20:33,516][flwr][INFO] - configure_evaluate: strategy sampled 25 clients (out of 100)
[2024-12-23 23:20:36,072][flwr][INFO] - aggregate_evaluate: received 25 results and 0 failures
[2024-12-23 23:20:36,072][flwr][INFO] - 
[2024-12-23 23:20:36,072][flwr][INFO] - [ROUND 8]
[2024-12-23 23:20:36,072][flwr][INFO] - configure_fit: strategy sampled 10 clients (out of 100)
[2024-12-23 23:20:37,624][flwr][INFO] - aggregate_fit: received 10 results and 0 failures
[2024-12-23 23:20:39,396][flwr][INFO] - fit progress: (8, 178.19510054588318, {'accuracy': 0.3331}, 51.27062987499812)
[2024-12-23 23:20:39,396][flwr][INFO] - configure_evaluate: strategy sampled 25 clients (out of 100)
[2024-12-23 23:20:42,042][flwr][INFO] - aggregate_evaluate: received 25 results and 0 failures
[2024-12-23 23:20:42,042][flwr][INFO] - 
[2024-12-23 23:20:42,042][flwr][INFO] - [ROUND 9]
[2024-12-23 23:20:42,042][flwr][INFO] - configure_fit: strategy sampled 10 clients (out of 100)
[2024-12-23 23:20:43,663][flwr][INFO] - aggregate_fit: received 10 results and 0 failures
[2024-12-23 23:20:45,183][flwr][INFO] - fit progress: (9, 176.93404269218445, {'accuracy': 0.3375}, 57.05813856200257)
[2024-12-23 23:20:45,184][flwr][INFO] - configure_evaluate: strategy sampled 25 clients (out of 100)
[2024-12-23 23:20:47,756][flwr][INFO] - aggregate_evaluate: received 25 results and 0 failures
[2024-12-23 23:20:47,756][flwr][INFO] - 
[2024-12-23 23:20:47,757][flwr][INFO] - [ROUND 10]
[2024-12-23 23:20:47,757][flwr][INFO] - configure_fit: strategy sampled 10 clients (out of 100)
[2024-12-23 23:20:49,347][flwr][INFO] - aggregate_fit: received 10 results and 0 failures
[2024-12-23 23:20:51,423][flwr][INFO] - fit progress: (10, 175.11014890670776, {'accuracy': 0.3095}, 63.29740500199841)
[2024-12-23 23:20:51,423][flwr][INFO] - configure_evaluate: strategy sampled 25 clients (out of 100)
[2024-12-23 23:20:54,007][flwr][INFO] - aggregate_evaluate: received 25 results and 0 failures
[2024-12-23 23:20:54,008][flwr][INFO] - 
[2024-12-23 23:20:54,008][flwr][INFO] - [SUMMARY]
[2024-12-23 23:20:54,008][flwr][INFO] - Run finished 10 round(s) in 65.88s
[2024-12-23 23:20:54,008][flwr][INFO] - 	History (loss, distributed):
[2024-12-23 23:20:54,008][flwr][INFO] - 		round 1: 2.3056257915496827
[2024-12-23 23:20:54,009][flwr][INFO] - 		round 2: 2.3042916297912597
[2024-12-23 23:20:54,009][flwr][INFO] - 		round 3: 2.296939744949341
[2024-12-23 23:20:54,009][flwr][INFO] - 		round 4: 2.2865745639801025
[2024-12-23 23:20:54,009][flwr][INFO] - 		round 5: 2.284334354400635
[2024-12-23 23:20:54,009][flwr][INFO] - 		round 6: 2.277186269760132
[2024-12-23 23:20:54,009][flwr][INFO] - 		round 7: 2.265330047607422
[2024-12-23 23:20:54,009][flwr][INFO] - 		round 8: 2.25599045753479
[2024-12-23 23:20:54,009][flwr][INFO] - 		round 9: 2.243372611999512
[2024-12-23 23:20:54,009][flwr][INFO] - 		round 10: 2.2150600719451905
[2024-12-23 23:20:54,009][flwr][INFO] - 	History (loss, centralized):
[2024-12-23 23:20:54,009][flwr][INFO] - 		round 0: 182.3970754146576
[2024-12-23 23:20:54,010][flwr][INFO] - 		round 1: 182.25484490394592
[2024-12-23 23:20:54,010][flwr][INFO] - 		round 2: 181.9749186038971
[2024-12-23 23:20:54,010][flwr][INFO] - 		round 3: 181.5637927055359
[2024-12-23 23:20:54,010][flwr][INFO] - 		round 4: 181.0469250679016
[2024-12-23 23:20:54,010][flwr][INFO] - 		round 5: 180.458735704422
[2024-12-23 23:20:54,010][flwr][INFO] - 		round 6: 179.8302698135376
[2024-12-23 23:20:54,010][flwr][INFO] - 		round 7: 179.11411786079407
[2024-12-23 23:20:54,010][flwr][INFO] - 		round 8: 178.19510054588318
[2024-12-23 23:20:54,010][flwr][INFO] - 		round 9: 176.93404269218445
[2024-12-23 23:20:54,010][flwr][INFO] - 		round 10: 175.11014890670776
[2024-12-23 23:20:54,011][flwr][INFO] - 	History (metrics, centralized):
[2024-12-23 23:20:54,011][flwr][INFO] - 	{'accuracy': [(0, 0.103),
[2024-12-23 23:20:54,011][flwr][INFO] - 	              (1, 0.1031),
[2024-12-23 23:20:54,011][flwr][INFO] - 	              (2, 0.1032),
[2024-12-23 23:20:54,011][flwr][INFO] - 	              (3, 0.1047),
[2024-12-23 23:20:54,011][flwr][INFO] - 	              (4, 0.1198),
[2024-12-23 23:20:54,011][flwr][INFO] - 	              (5, 0.1914),
[2024-12-23 23:20:54,011][flwr][INFO] - 	              (6, 0.2696),
[2024-12-23 23:20:54,011][flwr][INFO] - 	              (7, 0.3175),
[2024-12-23 23:20:54,011][flwr][INFO] - 	              (8, 0.3331),
[2024-12-23 23:20:54,011][flwr][INFO] - 	              (9, 0.3375),
[2024-12-23 23:20:54,011][flwr][INFO] - 	              (10, 0.3095)]}
[2024-12-23 23:20:54,012][flwr][INFO] - 
