[2024-12-22 17:52:34,445][flwr][INFO] - Starting Flower simulation, config: num_rounds=5, no round_timeout
[2024-12-22 17:52:34,490][filelock][INFO] - Lock 139839972208400 acquired on /tmp/ray/session_2024-12-22_17-52-34_489558_318411/node_ip_address.json.lock
[2024-12-22 17:52:34,490][filelock][INFO] - Lock 139839972208400 released on /tmp/ray/session_2024-12-22_17-52-34_489558_318411/node_ip_address.json.lock
[2024-12-22 17:52:34,491][filelock][INFO] - Lock 139839972206096 acquired on /tmp/ray/session_2024-12-22_17-52-34_489558_318411/ports_by_node.json.lock
[2024-12-22 17:52:34,491][filelock][INFO] - Lock 139839972206096 released on /tmp/ray/session_2024-12-22_17-52-34_489558_318411/ports_by_node.json.lock
[2024-12-22 17:52:34,491][filelock][INFO] - Lock 139839972208400 acquired on /tmp/ray/session_2024-12-22_17-52-34_489558_318411/ports_by_node.json.lock
[2024-12-22 17:52:34,491][filelock][INFO] - Lock 139839972208400 released on /tmp/ray/session_2024-12-22_17-52-34_489558_318411/ports_by_node.json.lock
[2024-12-22 17:52:34,491][filelock][INFO] - Lock 139839972206096 acquired on /tmp/ray/session_2024-12-22_17-52-34_489558_318411/ports_by_node.json.lock
[2024-12-22 17:52:34,492][filelock][INFO] - Lock 139839972206096 released on /tmp/ray/session_2024-12-22_17-52-34_489558_318411/ports_by_node.json.lock
[2024-12-22 17:52:34,492][filelock][INFO] - Lock 139839971806560 acquired on /tmp/ray/session_2024-12-22_17-52-34_489558_318411/ports_by_node.json.lock
[2024-12-22 17:52:34,492][filelock][INFO] - Lock 139839971806560 released on /tmp/ray/session_2024-12-22_17-52-34_489558_318411/ports_by_node.json.lock
[2024-12-22 17:52:34,492][filelock][INFO] - Lock 139839971805504 acquired on /tmp/ray/session_2024-12-22_17-52-34_489558_318411/ports_by_node.json.lock
[2024-12-22 17:52:34,492][filelock][INFO] - Lock 139839971805504 released on /tmp/ray/session_2024-12-22_17-52-34_489558_318411/ports_by_node.json.lock
[2024-12-22 17:52:36,611][flwr][INFO] - Flower VCE: Ray initialized with resources: {'CPU': 12.0, 'node:192.168.1.11': 1.0, 'node:__internal_head__': 1.0, 'memory': 5760255591.0, 'object_store_memory': 2880127795.0}
[2024-12-22 17:52:36,611][flwr][INFO] - Optimize your simulation with Flower VCE: https://flower.ai/docs/framework/how-to-run-simulations.html
[2024-12-22 17:52:36,611][flwr][INFO] - No `client_resources` specified. Using minimal resources for clients.
[2024-12-22 17:52:36,611][flwr][INFO] - Flower VCE: Resources for each Virtual Client: {'num_cpus': 1, 'num_gpus': 0.0}
[2024-12-22 17:52:36,632][flwr][INFO] - Flower VCE: Creating VirtualClientEngineActorPool with 12 actors
[2024-12-22 17:52:36,642][flwr][INFO] - [INIT]
[2024-12-22 17:52:36,642][flwr][INFO] - Requesting initial parameters from one random client
[2024-12-22 17:52:39,429][flwr][INFO] - Received initial parameters from one random client
[2024-12-22 17:52:39,429][flwr][INFO] - Starting evaluation of initial global parameters
[2024-12-22 17:52:40,958][flwr][INFO] - initial parameters (loss, other metrics): 182.1881697177887, {'accuracy': 0.0972}
[2024-12-22 17:52:40,958][flwr][INFO] - 
[2024-12-22 17:52:40,958][flwr][INFO] - [ROUND 1]
[2024-12-22 17:52:40,959][flwr][INFO] - configure_fit: strategy sampled 10 clients (out of 500)
[2024-12-22 17:52:45,962][flwr][INFO] - aggregate_fit: received 10 results and 0 failures
[2024-12-22 17:52:45,982][flwr][WARNING] - No fit_metrics_aggregation_fn provided
[2024-12-22 17:52:47,882][flwr][INFO] - fit progress: (1, 181.91342782974243, {'accuracy': 0.1007}, 6.9240423849987565)
[2024-12-22 17:52:47,883][flwr][INFO] - configure_evaluate: strategy sampled 25 clients (out of 500)
[2024-12-22 17:52:51,875][flwr][INFO] - aggregate_evaluate: received 25 results and 0 failures
[2024-12-22 17:52:51,875][flwr][WARNING] - No evaluate_metrics_aggregation_fn provided
[2024-12-22 17:52:51,875][flwr][INFO] - 
[2024-12-22 17:52:51,875][flwr][INFO] - [ROUND 2]
[2024-12-22 17:52:51,876][flwr][INFO] - configure_fit: strategy sampled 10 clients (out of 500)
[2024-12-22 17:52:53,053][flwr][INFO] - aggregate_fit: received 10 results and 0 failures
[2024-12-22 17:52:54,211][flwr][INFO] - fit progress: (2, 181.6514368057251, {'accuracy': 0.1033}, 13.252344693999476)
[2024-12-22 17:52:54,211][flwr][INFO] - configure_evaluate: strategy sampled 25 clients (out of 500)
[2024-12-22 17:52:56,470][flwr][INFO] - aggregate_evaluate: received 25 results and 0 failures
[2024-12-22 17:52:56,470][flwr][INFO] - 
[2024-12-22 17:52:56,470][flwr][INFO] - [ROUND 3]
[2024-12-22 17:52:56,471][flwr][INFO] - configure_fit: strategy sampled 10 clients (out of 500)
[2024-12-22 17:52:57,487][flwr][INFO] - aggregate_fit: received 10 results and 0 failures
[2024-12-22 17:52:58,756][flwr][INFO] - fit progress: (3, 181.40132880210876, {'accuracy': 0.1143}, 17.798153449999518)
[2024-12-22 17:52:58,757][flwr][INFO] - configure_evaluate: strategy sampled 25 clients (out of 500)
[2024-12-22 17:53:01,006][flwr][INFO] - aggregate_evaluate: received 25 results and 0 failures
[2024-12-22 17:53:01,006][flwr][INFO] - 
[2024-12-22 17:53:01,006][flwr][INFO] - [ROUND 4]
[2024-12-22 17:53:01,006][flwr][INFO] - configure_fit: strategy sampled 10 clients (out of 500)
[2024-12-22 17:53:01,995][flwr][INFO] - aggregate_fit: received 10 results and 0 failures
[2024-12-22 17:53:03,679][flwr][INFO] - fit progress: (4, 181.14472937583923, {'accuracy': 0.132}, 22.720312732999446)
[2024-12-22 17:53:03,679][flwr][INFO] - configure_evaluate: strategy sampled 25 clients (out of 500)
[2024-12-22 17:53:05,780][flwr][INFO] - aggregate_evaluate: received 25 results and 0 failures
[2024-12-22 17:53:05,780][flwr][INFO] - 
[2024-12-22 17:53:05,780][flwr][INFO] - [ROUND 5]
[2024-12-22 17:53:05,781][flwr][INFO] - configure_fit: strategy sampled 10 clients (out of 500)
[2024-12-22 17:53:06,684][flwr][INFO] - aggregate_fit: received 10 results and 0 failures
[2024-12-22 17:53:07,748][flwr][INFO] - fit progress: (5, 180.8403344154358, {'accuracy': 0.1858}, 26.79017994899914)
[2024-12-22 17:53:07,749][flwr][INFO] - configure_evaluate: strategy sampled 25 clients (out of 500)
[2024-12-22 17:53:09,723][flwr][INFO] - aggregate_evaluate: received 25 results and 0 failures
[2024-12-22 17:53:09,724][flwr][INFO] - 
[2024-12-22 17:53:09,724][flwr][INFO] - [SUMMARY]
[2024-12-22 17:53:09,724][flwr][INFO] - Run finished 5 round(s) in 28.77s
[2024-12-22 17:53:09,724][flwr][INFO] - 	History (loss, distributed):
[2024-12-22 17:53:09,724][flwr][INFO] - 		round 1: 2.3046203327178953
[2024-12-22 17:53:09,724][flwr][INFO] - 		round 2: 2.2984010791778564
[2024-12-22 17:53:09,724][flwr][INFO] - 		round 3: 2.2910670471191406
[2024-12-22 17:53:09,725][flwr][INFO] - 		round 4: 2.2935548496246336
[2024-12-22 17:53:09,725][flwr][INFO] - 		round 5: 2.288113822937012
[2024-12-22 17:53:09,725][flwr][INFO] - 	History (loss, centralized):
[2024-12-22 17:53:09,725][flwr][INFO] - 		round 0: 182.1881697177887
[2024-12-22 17:53:09,725][flwr][INFO] - 		round 1: 181.91342782974243
[2024-12-22 17:53:09,725][flwr][INFO] - 		round 2: 181.6514368057251
[2024-12-22 17:53:09,725][flwr][INFO] - 		round 3: 181.40132880210876
[2024-12-22 17:53:09,725][flwr][INFO] - 		round 4: 181.14472937583923
[2024-12-22 17:53:09,725][flwr][INFO] - 		round 5: 180.8403344154358
[2024-12-22 17:53:09,725][flwr][INFO] - 	History (metrics, centralized):
[2024-12-22 17:53:09,725][flwr][INFO] - 	{'accuracy': [(0, 0.0972),
[2024-12-22 17:53:09,725][flwr][INFO] - 	              (1, 0.1007),
[2024-12-22 17:53:09,725][flwr][INFO] - 	              (2, 0.1033),
[2024-12-22 17:53:09,726][flwr][INFO] - 	              (3, 0.1143),
[2024-12-22 17:53:09,726][flwr][INFO] - 	              (4, 0.132),
[2024-12-22 17:53:09,726][flwr][INFO] - 	              (5, 0.1858)]}
[2024-12-22 17:53:09,726][flwr][INFO] - 
