[2024-12-23 22:54:22,893][flwr][INFO] - Starting Flower simulation, config: num_rounds=10, no round_timeout
[2024-12-23 22:54:27,704][flwr][INFO] - Flower VCE: Ray initialized with resources: {'memory': 4623158478.0, 'object_store_memory': 2311579238.0, 'node:192.168.1.11': 1.0, 'CPU': 12.0, 'node:__internal_head__': 1.0}
[2024-12-23 22:54:27,704][flwr][INFO] - Optimize your simulation with Flower VCE: https://flower.ai/docs/framework/how-to-run-simulations.html
[2024-12-23 22:54:27,704][flwr][INFO] - Flower VCE: Resources for each Virtual Client: {'num_cpus': 2, 'num_gpus': 0}
[2024-12-23 22:54:27,723][flwr][INFO] - Flower VCE: Creating VirtualClientEngineActorPool with 6 actors
[2024-12-23 22:54:27,726][flwr][INFO] - [INIT]
[2024-12-23 22:54:27,726][flwr][INFO] - Using initial global parameters provided by strategy
[2024-12-23 22:54:27,726][flwr][INFO] - Starting evaluation of initial global parameters
[2024-12-23 22:54:30,453][flwr][INFO] - initial parameters (loss, other metrics): 181.98905754089355, {'accuracy': 0.0925}
[2024-12-23 22:54:30,453][flwr][INFO] - 
[2024-12-23 22:54:30,453][flwr][INFO] - [ROUND 1]
[2024-12-23 22:54:30,453][flwr][INFO] - configure_fit: strategy sampled 10 clients (out of 100)
[2024-12-23 22:54:34,538][flwr][INFO] - aggregate_fit: received 10 results and 0 failures
[2024-12-23 22:54:34,713][flwr][WARNING] - No fit_metrics_aggregation_fn provided
[2024-12-23 22:54:35,775][flwr][INFO] - fit progress: (1, 181.8796215057373, {'accuracy': 0.094}, 5.321889655999257)
[2024-12-23 22:54:35,775][flwr][INFO] - configure_evaluate: strategy sampled 25 clients (out of 100)
[2024-12-23 22:54:38,307][flwr][INFO] - aggregate_evaluate: received 25 results and 0 failures
[2024-12-23 22:54:38,307][flwr][WARNING] - No evaluate_metrics_aggregation_fn provided
[2024-12-23 22:54:38,308][flwr][INFO] - 
[2024-12-23 22:54:38,308][flwr][INFO] - [ROUND 2]
[2024-12-23 22:54:38,308][flwr][INFO] - configure_fit: strategy sampled 10 clients (out of 100)
[2024-12-23 22:54:39,644][flwr][INFO] - aggregate_fit: received 10 results and 0 failures
[2024-12-23 22:54:40,963][flwr][INFO] - fit progress: (2, 181.671053647995, {'accuracy': 0.1013}, 10.509625195001718)
[2024-12-23 22:54:40,963][flwr][INFO] - configure_evaluate: strategy sampled 25 clients (out of 100)
[2024-12-23 22:54:43,633][flwr][INFO] - aggregate_evaluate: received 25 results and 0 failures
[2024-12-23 22:54:43,634][flwr][INFO] - 
[2024-12-23 22:54:43,634][flwr][INFO] - [ROUND 3]
[2024-12-23 22:54:43,634][flwr][INFO] - configure_fit: strategy sampled 10 clients (out of 100)
[2024-12-23 22:54:44,835][flwr][INFO] - aggregate_fit: received 10 results and 0 failures
[2024-12-23 22:54:46,877][flwr][INFO] - fit progress: (3, 181.38774371147156, {'accuracy': 0.1185}, 16.423787464998895)
[2024-12-23 22:54:46,877][flwr][INFO] - configure_evaluate: strategy sampled 25 clients (out of 100)
[2024-12-23 22:54:49,141][flwr][INFO] - aggregate_evaluate: received 25 results and 0 failures
[2024-12-23 22:54:49,142][flwr][INFO] - 
[2024-12-23 22:54:49,142][flwr][INFO] - [ROUND 4]
[2024-12-23 22:54:49,142][flwr][INFO] - configure_fit: strategy sampled 10 clients (out of 100)
[2024-12-23 22:54:50,415][flwr][INFO] - aggregate_fit: received 10 results and 0 failures
[2024-12-23 22:54:51,545][flwr][INFO] - fit progress: (4, 181.04154777526855, {'accuracy': 0.1366}, 21.091767537000123)
[2024-12-23 22:54:51,545][flwr][INFO] - configure_evaluate: strategy sampled 25 clients (out of 100)
[2024-12-23 22:54:54,105][flwr][INFO] - aggregate_evaluate: received 25 results and 0 failures
[2024-12-23 22:54:54,105][flwr][INFO] - 
[2024-12-23 22:54:54,105][flwr][INFO] - [ROUND 5]
[2024-12-23 22:54:54,105][flwr][INFO] - configure_fit: strategy sampled 10 clients (out of 100)
[2024-12-23 22:54:55,439][flwr][INFO] - aggregate_fit: received 10 results and 0 failures
[2024-12-23 22:54:56,987][flwr][INFO] - fit progress: (5, 180.63556289672852, {'accuracy': 0.1624}, 26.533974270001636)
[2024-12-23 22:54:56,987][flwr][INFO] - configure_evaluate: strategy sampled 25 clients (out of 100)
[2024-12-23 22:54:59,570][flwr][INFO] - aggregate_evaluate: received 25 results and 0 failures
[2024-12-23 22:54:59,571][flwr][INFO] - 
[2024-12-23 22:54:59,571][flwr][INFO] - [ROUND 6]
[2024-12-23 22:54:59,571][flwr][INFO] - configure_fit: strategy sampled 10 clients (out of 100)
[2024-12-23 22:55:00,706][flwr][INFO] - aggregate_fit: received 10 results and 0 failures
[2024-12-23 22:55:02,080][flwr][INFO] - fit progress: (6, 180.14521074295044, {'accuracy': 0.2016}, 31.62691777999862)
[2024-12-23 22:55:02,080][flwr][INFO] - configure_evaluate: strategy sampled 25 clients (out of 100)
[2024-12-23 22:55:04,435][flwr][INFO] - aggregate_evaluate: received 25 results and 0 failures
[2024-12-23 22:55:04,435][flwr][INFO] - 
[2024-12-23 22:55:04,435][flwr][INFO] - [ROUND 7]
[2024-12-23 22:55:04,436][flwr][INFO] - configure_fit: strategy sampled 10 clients (out of 100)
[2024-12-23 22:55:05,724][flwr][INFO] - aggregate_fit: received 10 results and 0 failures
[2024-12-23 22:55:07,859][flwr][INFO] - fit progress: (7, 179.52107739448547, {'accuracy': 0.2294}, 37.405787657000474)
[2024-12-23 22:55:07,860][flwr][INFO] - configure_evaluate: strategy sampled 25 clients (out of 100)
[2024-12-23 22:55:10,283][flwr][INFO] - aggregate_evaluate: received 25 results and 0 failures
[2024-12-23 22:55:10,284][flwr][INFO] - 
[2024-12-23 22:55:10,284][flwr][INFO] - [ROUND 8]
[2024-12-23 22:55:10,284][flwr][INFO] - configure_fit: strategy sampled 10 clients (out of 100)
[2024-12-23 22:55:11,560][flwr][INFO] - aggregate_fit: received 10 results and 0 failures
[2024-12-23 22:55:13,094][flwr][INFO] - fit progress: (8, 178.72470998764038, {'accuracy': 0.2448}, 42.64078683400294)
[2024-12-23 22:55:13,094][flwr][INFO] - configure_evaluate: strategy sampled 25 clients (out of 100)
[2024-12-23 22:55:15,613][flwr][INFO] - aggregate_evaluate: received 25 results and 0 failures
[2024-12-23 22:55:15,613][flwr][INFO] - 
[2024-12-23 22:55:15,614][flwr][INFO] - [ROUND 9]
[2024-12-23 22:55:15,614][flwr][INFO] - configure_fit: strategy sampled 10 clients (out of 100)
[2024-12-23 22:55:16,846][flwr][INFO] - aggregate_fit: received 10 results and 0 failures
[2024-12-23 22:55:18,187][flwr][INFO] - fit progress: (9, 177.69362926483154, {'accuracy': 0.2437}, 47.73384096799418)
[2024-12-23 22:55:18,187][flwr][INFO] - configure_evaluate: strategy sampled 25 clients (out of 100)
[2024-12-23 22:55:20,670][flwr][INFO] - aggregate_evaluate: received 25 results and 0 failures
[2024-12-23 22:55:20,670][flwr][INFO] - 
[2024-12-23 22:55:20,671][flwr][INFO] - [ROUND 10]
[2024-12-23 22:55:20,671][flwr][INFO] - configure_fit: strategy sampled 10 clients (out of 100)
[2024-12-23 22:55:21,987][flwr][INFO] - aggregate_fit: received 10 results and 0 failures
[2024-12-23 22:55:23,262][flwr][INFO] - fit progress: (10, 176.31293654441833, {'accuracy': 0.2498}, 52.80923389499367)
[2024-12-23 22:55:23,263][flwr][INFO] - configure_evaluate: strategy sampled 25 clients (out of 100)
[2024-12-23 22:55:26,059][flwr][INFO] - aggregate_evaluate: received 25 results and 0 failures
[2024-12-23 22:55:26,060][flwr][INFO] - 
[2024-12-23 22:55:26,060][flwr][INFO] - [SUMMARY]
[2024-12-23 22:55:26,060][flwr][INFO] - Run finished 10 round(s) in 55.61s
[2024-12-23 22:55:26,061][flwr][INFO] - 	History (loss, distributed):
[2024-12-23 22:55:26,061][flwr][INFO] - 		round 1: 2.300723695755005
[2024-12-23 22:55:26,061][flwr][INFO] - 		round 2: 2.3005989742279054
[2024-12-23 22:55:26,061][flwr][INFO] - 		round 3: 2.296278924942017
[2024-12-23 22:55:26,061][flwr][INFO] - 		round 4: 2.294094648361206
[2024-12-23 22:55:26,061][flwr][INFO] - 		round 5: 2.2894296264648437
[2024-12-23 22:55:26,062][flwr][INFO] - 		round 6: 2.28190299987793
[2024-12-23 22:55:26,062][flwr][INFO] - 		round 7: 2.274681119918823
[2024-12-23 22:55:26,062][flwr][INFO] - 		round 8: 2.264391288757324
[2024-12-23 22:55:26,062][flwr][INFO] - 		round 9: 2.2516683769226074
[2024-12-23 22:55:26,062][flwr][INFO] - 		round 10: 2.2345222187042237
[2024-12-23 22:55:26,062][flwr][INFO] - 	History (loss, centralized):
[2024-12-23 22:55:26,062][flwr][INFO] - 		round 0: 181.98905754089355
[2024-12-23 22:55:26,063][flwr][INFO] - 		round 1: 181.8796215057373
[2024-12-23 22:55:26,063][flwr][INFO] - 		round 2: 181.671053647995
[2024-12-23 22:55:26,063][flwr][INFO] - 		round 3: 181.38774371147156
[2024-12-23 22:55:26,063][flwr][INFO] - 		round 4: 181.04154777526855
[2024-12-23 22:55:26,063][flwr][INFO] - 		round 5: 180.63556289672852
[2024-12-23 22:55:26,063][flwr][INFO] - 		round 6: 180.14521074295044
[2024-12-23 22:55:26,063][flwr][INFO] - 		round 7: 179.52107739448547
[2024-12-23 22:55:26,063][flwr][INFO] - 		round 8: 178.72470998764038
[2024-12-23 22:55:26,063][flwr][INFO] - 		round 9: 177.69362926483154
[2024-12-23 22:55:26,063][flwr][INFO] - 		round 10: 176.31293654441833
[2024-12-23 22:55:26,063][flwr][INFO] - 	History (metrics, centralized):
[2024-12-23 22:55:26,063][flwr][INFO] - 	{'accuracy': [(0, 0.0925),
[2024-12-23 22:55:26,063][flwr][INFO] - 	              (1, 0.094),
[2024-12-23 22:55:26,063][flwr][INFO] - 	              (2, 0.1013),
[2024-12-23 22:55:26,063][flwr][INFO] - 	              (3, 0.1185),
[2024-12-23 22:55:26,063][flwr][INFO] - 	              (4, 0.1366),
[2024-12-23 22:55:26,063][flwr][INFO] - 	              (5, 0.1624),
[2024-12-23 22:55:26,064][flwr][INFO] - 	              (6, 0.2016),
[2024-12-23 22:55:26,064][flwr][INFO] - 	              (7, 0.2294),
[2024-12-23 22:55:26,064][flwr][INFO] - 	              (8, 0.2448),
[2024-12-23 22:55:26,064][flwr][INFO] - 	              (9, 0.2437),
[2024-12-23 22:55:26,064][flwr][INFO] - 	              (10, 0.2498)]}
[2024-12-23 22:55:26,064][flwr][INFO] - 
