[2024-12-22 18:04:07,790][flwr][INFO] - Starting Flower simulation, config: num_rounds=10, no round_timeout
[2024-12-22 18:04:07,857][filelock][INFO] - Lock 131401457815504 acquired on /tmp/ray/session_2024-12-22_18-04-07_857033_356135/node_ip_address.json.lock
[2024-12-22 18:04:07,857][filelock][INFO] - Lock 131401457815504 released on /tmp/ray/session_2024-12-22_18-04-07_857033_356135/node_ip_address.json.lock
[2024-12-22 18:04:07,857][filelock][INFO] - Lock 131401457390160 acquired on /tmp/ray/session_2024-12-22_18-04-07_857033_356135/ports_by_node.json.lock
[2024-12-22 18:04:07,858][filelock][INFO] - Lock 131401457390160 released on /tmp/ray/session_2024-12-22_18-04-07_857033_356135/ports_by_node.json.lock
[2024-12-22 18:04:07,858][filelock][INFO] - Lock 131401457391648 acquired on /tmp/ray/session_2024-12-22_18-04-07_857033_356135/ports_by_node.json.lock
[2024-12-22 18:04:07,858][filelock][INFO] - Lock 131401457391648 released on /tmp/ray/session_2024-12-22_18-04-07_857033_356135/ports_by_node.json.lock
[2024-12-22 18:04:07,858][filelock][INFO] - Lock 131401457390160 acquired on /tmp/ray/session_2024-12-22_18-04-07_857033_356135/ports_by_node.json.lock
[2024-12-22 18:04:07,858][filelock][INFO] - Lock 131401457390160 released on /tmp/ray/session_2024-12-22_18-04-07_857033_356135/ports_by_node.json.lock
[2024-12-22 18:04:07,858][filelock][INFO] - Lock 131401457434048 acquired on /tmp/ray/session_2024-12-22_18-04-07_857033_356135/ports_by_node.json.lock
[2024-12-22 18:04:07,858][filelock][INFO] - Lock 131401457434048 released on /tmp/ray/session_2024-12-22_18-04-07_857033_356135/ports_by_node.json.lock
[2024-12-22 18:04:07,858][filelock][INFO] - Lock 131401457432992 acquired on /tmp/ray/session_2024-12-22_18-04-07_857033_356135/ports_by_node.json.lock
[2024-12-22 18:04:07,858][filelock][INFO] - Lock 131401457432992 released on /tmp/ray/session_2024-12-22_18-04-07_857033_356135/ports_by_node.json.lock
[2024-12-22 18:04:10,083][flwr][INFO] - Flower VCE: Ray initialized with resources: {'node:__internal_head__': 1.0, 'node:192.168.1.11': 1.0, 'CPU': 12.0, 'memory': 5924533863.0, 'object_store_memory': 2962266931.0}
[2024-12-22 18:04:10,083][flwr][INFO] - Optimize your simulation with Flower VCE: https://flower.ai/docs/framework/how-to-run-simulations.html
[2024-12-22 18:04:10,083][flwr][INFO] - No `client_resources` specified. Using minimal resources for clients.
[2024-12-22 18:04:10,083][flwr][INFO] - Flower VCE: Resources for each Virtual Client: {'num_cpus': 1, 'num_gpus': 0.0}
[2024-12-22 18:04:10,094][flwr][INFO] - Flower VCE: Creating VirtualClientEngineActorPool with 12 actors
[2024-12-22 18:04:10,095][flwr][INFO] - [INIT]
[2024-12-22 18:04:10,095][flwr][INFO] - Requesting initial parameters from one random client
[2024-12-22 18:04:12,737][flwr][INFO] - Received initial parameters from one random client
[2024-12-22 18:04:12,738][flwr][INFO] - Starting evaluation of initial global parameters
[2024-12-22 18:04:14,234][flwr][INFO] - initial parameters (loss, other metrics): 182.26723885536194, {'accuracy': 0.0788}
[2024-12-22 18:04:14,234][flwr][INFO] - 
[2024-12-22 18:04:14,234][flwr][INFO] - [ROUND 1]
[2024-12-22 18:04:14,235][flwr][INFO] - configure_fit: strategy sampled 10 clients (out of 100)
[2024-12-22 18:04:18,922][flwr][INFO] - aggregate_fit: received 10 results and 0 failures
[2024-12-22 18:04:18,938][flwr][WARNING] - No fit_metrics_aggregation_fn provided
[2024-12-22 18:04:20,129][flwr][INFO] - fit progress: (1, 177.43660140037537, {'accuracy': 0.2912}, 5.894347303001268)
[2024-12-22 18:04:20,129][flwr][INFO] - configure_evaluate: strategy sampled 25 clients (out of 100)
[2024-12-22 18:04:23,624][flwr][INFO] - aggregate_evaluate: received 25 results and 0 failures
[2024-12-22 18:04:23,624][flwr][WARNING] - No evaluate_metrics_aggregation_fn provided
[2024-12-22 18:04:23,624][flwr][INFO] - 
[2024-12-22 18:04:23,624][flwr][INFO] - [ROUND 2]
[2024-12-22 18:04:23,624][flwr][INFO] - configure_fit: strategy sampled 10 clients (out of 100)
[2024-12-22 18:04:24,838][flwr][INFO] - aggregate_fit: received 10 results and 0 failures
[2024-12-22 18:04:26,345][flwr][INFO] - fit progress: (2, 139.17369139194489, {'accuracy': 0.6596}, 12.111000580000109)
[2024-12-22 18:04:26,346][flwr][INFO] - configure_evaluate: strategy sampled 25 clients (out of 100)
[2024-12-22 18:04:28,316][flwr][INFO] - aggregate_evaluate: received 25 results and 0 failures
[2024-12-22 18:04:28,317][flwr][INFO] - 
[2024-12-22 18:04:28,317][flwr][INFO] - [ROUND 3]
[2024-12-22 18:04:28,317][flwr][INFO] - configure_fit: strategy sampled 10 clients (out of 100)
[2024-12-22 18:04:29,545][flwr][INFO] - aggregate_fit: received 10 results and 0 failures
[2024-12-22 18:04:31,307][flwr][INFO] - fit progress: (3, 58.414805591106415, {'accuracy': 0.7406}, 17.072325987999648)
[2024-12-22 18:04:31,307][flwr][INFO] - configure_evaluate: strategy sampled 25 clients (out of 100)
[2024-12-22 18:04:33,303][flwr][INFO] - aggregate_evaluate: received 25 results and 0 failures
[2024-12-22 18:04:33,304][flwr][INFO] - 
[2024-12-22 18:04:33,304][flwr][INFO] - [ROUND 4]
[2024-12-22 18:04:33,304][flwr][INFO] - configure_fit: strategy sampled 10 clients (out of 100)
[2024-12-22 18:04:34,520][flwr][INFO] - aggregate_fit: received 10 results and 0 failures
[2024-12-22 18:04:36,142][flwr][INFO] - fit progress: (4, 54.942945659160614, {'accuracy': 0.7983}, 21.90726736400029)
[2024-12-22 18:04:36,142][flwr][INFO] - configure_evaluate: strategy sampled 25 clients (out of 100)
[2024-12-22 18:04:38,238][flwr][INFO] - aggregate_evaluate: received 25 results and 0 failures
[2024-12-22 18:04:38,238][flwr][INFO] - 
[2024-12-22 18:04:38,238][flwr][INFO] - [ROUND 5]
[2024-12-22 18:04:38,239][flwr][INFO] - configure_fit: strategy sampled 10 clients (out of 100)
[2024-12-22 18:04:39,359][flwr][INFO] - aggregate_fit: received 10 results and 0 failures
[2024-12-22 18:04:40,531][flwr][INFO] - fit progress: (5, 27.647405929863453, {'accuracy': 0.9096}, 26.296792736000498)
[2024-12-22 18:04:40,532][flwr][INFO] - configure_evaluate: strategy sampled 25 clients (out of 100)
[2024-12-22 18:04:42,453][flwr][INFO] - aggregate_evaluate: received 25 results and 0 failures
[2024-12-22 18:04:42,453][flwr][INFO] - 
[2024-12-22 18:04:42,453][flwr][INFO] - [ROUND 6]
[2024-12-22 18:04:42,454][flwr][INFO] - configure_fit: strategy sampled 10 clients (out of 100)
[2024-12-22 18:04:43,593][flwr][INFO] - aggregate_fit: received 10 results and 0 failures
[2024-12-22 18:04:45,195][flwr][INFO] - fit progress: (6, 21.11616176739335, {'accuracy': 0.9227}, 30.960782514997845)
[2024-12-22 18:04:45,195][flwr][INFO] - configure_evaluate: strategy sampled 25 clients (out of 100)
[2024-12-22 18:04:47,252][flwr][INFO] - aggregate_evaluate: received 25 results and 0 failures
[2024-12-22 18:04:47,252][flwr][INFO] - 
[2024-12-22 18:04:47,252][flwr][INFO] - [ROUND 7]
[2024-12-22 18:04:47,252][flwr][INFO] - configure_fit: strategy sampled 10 clients (out of 100)
[2024-12-22 18:04:48,718][flwr][INFO] - aggregate_fit: received 10 results and 0 failures
[2024-12-22 18:04:49,949][flwr][INFO] - fit progress: (7, 18.229364957660437, {'accuracy': 0.9297}, 35.714342046998354)
[2024-12-22 18:04:49,949][flwr][INFO] - configure_evaluate: strategy sampled 25 clients (out of 100)
[2024-12-22 18:04:52,229][flwr][INFO] - aggregate_evaluate: received 25 results and 0 failures
[2024-12-22 18:04:52,229][flwr][INFO] - 
[2024-12-22 18:04:52,229][flwr][INFO] - [ROUND 8]
[2024-12-22 18:04:52,229][flwr][INFO] - configure_fit: strategy sampled 10 clients (out of 100)
[2024-12-22 18:04:53,769][flwr][INFO] - aggregate_fit: received 10 results and 0 failures
[2024-12-22 18:04:55,166][flwr][INFO] - fit progress: (8, 15.05896554607898, {'accuracy': 0.9418}, 40.93163757699949)
[2024-12-22 18:04:55,166][flwr][INFO] - configure_evaluate: strategy sampled 25 clients (out of 100)
[2024-12-22 18:04:57,411][flwr][INFO] - aggregate_evaluate: received 25 results and 0 failures
[2024-12-22 18:04:57,412][flwr][INFO] - 
[2024-12-22 18:04:57,412][flwr][INFO] - [ROUND 9]
[2024-12-22 18:04:57,412][flwr][INFO] - configure_fit: strategy sampled 10 clients (out of 100)
[2024-12-22 18:04:58,952][flwr][INFO] - aggregate_fit: received 10 results and 0 failures
[2024-12-22 18:05:00,192][flwr][INFO] - fit progress: (9, 14.45933141745627, {'accuracy': 0.9447}, 45.957572119998076)
[2024-12-22 18:05:00,192][flwr][INFO] - configure_evaluate: strategy sampled 25 clients (out of 100)
[2024-12-22 18:05:02,395][flwr][INFO] - aggregate_evaluate: received 25 results and 0 failures
[2024-12-22 18:05:02,395][flwr][INFO] - 
[2024-12-22 18:05:02,395][flwr][INFO] - [ROUND 10]
[2024-12-22 18:05:02,396][flwr][INFO] - configure_fit: strategy sampled 10 clients (out of 100)
[2024-12-22 18:05:03,907][flwr][INFO] - aggregate_fit: received 10 results and 0 failures
[2024-12-22 18:05:05,104][flwr][INFO] - fit progress: (10, 12.80745582934469, {'accuracy': 0.9509}, 50.869325116000255)
[2024-12-22 18:05:05,104][flwr][INFO] - configure_evaluate: strategy sampled 25 clients (out of 100)
[2024-12-22 18:05:07,339][flwr][INFO] - aggregate_evaluate: received 25 results and 0 failures
[2024-12-22 18:05:07,339][flwr][INFO] - 
[2024-12-22 18:05:07,339][flwr][INFO] - [SUMMARY]
[2024-12-22 18:05:07,339][flwr][INFO] - Run finished 10 round(s) in 53.10s
[2024-12-22 18:05:07,339][flwr][INFO] - 	History (loss, distributed):
[2024-12-22 18:05:07,340][flwr][INFO] - 		round 1: 6.748184785842896
[2024-12-22 18:05:07,340][flwr][INFO] - 		round 2: 5.3049219131469725
[2024-12-22 18:05:07,340][flwr][INFO] - 		round 3: 2.334538246393204
[2024-12-22 18:05:07,340][flwr][INFO] - 		round 4: 2.146642903089523
[2024-12-22 18:05:07,340][flwr][INFO] - 		round 5: 1.1772339004278183
[2024-12-22 18:05:07,340][flwr][INFO] - 		round 6: 0.8728396898508072
[2024-12-22 18:05:07,340][flwr][INFO] - 		round 7: 0.8189441634714604
[2024-12-22 18:05:07,340][flwr][INFO] - 		round 8: 0.7679226668179036
[2024-12-22 18:05:07,340][flwr][INFO] - 		round 9: 0.6664666472375393
[2024-12-22 18:05:07,340][flwr][INFO] - 		round 10: 0.484092955738306
[2024-12-22 18:05:07,340][flwr][INFO] - 	History (loss, centralized):
[2024-12-22 18:05:07,340][flwr][INFO] - 		round 0: 182.26723885536194
[2024-12-22 18:05:07,340][flwr][INFO] - 		round 1: 177.43660140037537
[2024-12-22 18:05:07,340][flwr][INFO] - 		round 2: 139.17369139194489
[2024-12-22 18:05:07,340][flwr][INFO] - 		round 3: 58.414805591106415
[2024-12-22 18:05:07,340][flwr][INFO] - 		round 4: 54.942945659160614
[2024-12-22 18:05:07,340][flwr][INFO] - 		round 5: 27.647405929863453
[2024-12-22 18:05:07,340][flwr][INFO] - 		round 6: 21.11616176739335
[2024-12-22 18:05:07,340][flwr][INFO] - 		round 7: 18.229364957660437
[2024-12-22 18:05:07,340][flwr][INFO] - 		round 8: 15.05896554607898
[2024-12-22 18:05:07,340][flwr][INFO] - 		round 9: 14.45933141745627
[2024-12-22 18:05:07,341][flwr][INFO] - 		round 10: 12.80745582934469
[2024-12-22 18:05:07,341][flwr][INFO] - 	History (metrics, centralized):
[2024-12-22 18:05:07,341][flwr][INFO] - 	{'accuracy': [(0, 0.0788),
[2024-12-22 18:05:07,341][flwr][INFO] - 	              (1, 0.2912),
[2024-12-22 18:05:07,341][flwr][INFO] - 	              (2, 0.6596),
[2024-12-22 18:05:07,341][flwr][INFO] - 	              (3, 0.7406),
[2024-12-22 18:05:07,341][flwr][INFO] - 	              (4, 0.7983),
[2024-12-22 18:05:07,341][flwr][INFO] - 	              (5, 0.9096),
[2024-12-22 18:05:07,341][flwr][INFO] - 	              (6, 0.9227),
[2024-12-22 18:05:07,341][flwr][INFO] - 	              (7, 0.9297),
[2024-12-22 18:05:07,341][flwr][INFO] - 	              (8, 0.9418),
[2024-12-22 18:05:07,341][flwr][INFO] - 	              (9, 0.9447),
[2024-12-22 18:05:07,341][flwr][INFO] - 	              (10, 0.9509)]}
[2024-12-22 18:05:07,341][flwr][INFO] - 
