[2024-12-22 23:40:17,449][flwr][INFO] - Starting Flower simulation, config: num_rounds=10, no round_timeout
[2024-12-22 23:40:21,200][flwr][INFO] - Flower VCE: Ray initialized with resources: {'node:__internal_head__': 1.0, 'object_store_memory': 2543581593.0, 'memory': 5087163188.0, 'CPU': 12.0, 'node:192.168.1.11': 1.0}
[2024-12-22 23:40:21,200][flwr][INFO] - Optimize your simulation with Flower VCE: https://flower.ai/docs/framework/how-to-run-simulations.html
[2024-12-22 23:40:21,201][flwr][INFO] - Flower VCE: Resources for each Virtual Client: {'num_cpus': 2, 'num_gpus': 0}
[2024-12-22 23:40:21,209][flwr][INFO] - Flower VCE: Creating VirtualClientEngineActorPool with 6 actors
[2024-12-22 23:40:21,210][flwr][INFO] - [INIT]
[2024-12-22 23:40:21,210][flwr][INFO] - Using initial global parameters provided by strategy
[2024-12-22 23:40:21,210][flwr][INFO] - Starting evaluation of initial global parameters
[2024-12-22 23:40:24,679][flwr][INFO] - initial parameters (loss, other metrics): 182.37907648086548, {'accuracy': 0.1009}
[2024-12-22 23:40:24,680][flwr][INFO] - 
[2024-12-22 23:40:24,680][flwr][INFO] - [ROUND 1]
[2024-12-22 23:40:24,680][flwr][INFO] - configure_fit: strategy sampled 10 clients (out of 100)
[2024-12-22 23:40:33,262][flwr][INFO] - aggregate_fit: received 10 results and 0 failures
[2024-12-22 23:40:33,301][flwr][WARNING] - No fit_metrics_aggregation_fn provided
[2024-12-22 23:40:35,357][flwr][INFO] - fit progress: (1, 180.31678247451782, {'accuracy': 0.1009}, 10.677145535999443)
[2024-12-22 23:40:35,358][flwr][INFO] - configure_evaluate: strategy sampled 25 clients (out of 100)
[2024-12-22 23:40:38,268][flwr][INFO] - aggregate_evaluate: received 25 results and 0 failures
[2024-12-22 23:40:38,268][flwr][WARNING] - No evaluate_metrics_aggregation_fn provided
[2024-12-22 23:40:38,268][flwr][INFO] - 
[2024-12-22 23:40:38,268][flwr][INFO] - [ROUND 2]
[2024-12-22 23:40:38,268][flwr][INFO] - configure_fit: strategy sampled 10 clients (out of 100)
[2024-12-22 23:40:40,999][flwr][INFO] - aggregate_fit: received 10 results and 0 failures
[2024-12-22 23:40:43,178][flwr][INFO] - fit progress: (2, 166.10835242271423, {'accuracy': 0.4362}, 18.498791120000533)
[2024-12-22 23:40:43,179][flwr][INFO] - configure_evaluate: strategy sampled 25 clients (out of 100)
[2024-12-22 23:40:46,387][flwr][INFO] - aggregate_evaluate: received 25 results and 0 failures
[2024-12-22 23:40:46,388][flwr][INFO] - 
[2024-12-22 23:40:46,388][flwr][INFO] - [ROUND 3]
[2024-12-22 23:40:46,388][flwr][INFO] - configure_fit: strategy sampled 10 clients (out of 100)
[2024-12-22 23:40:49,459][flwr][INFO] - aggregate_fit: received 10 results and 0 failures
[2024-12-22 23:40:51,241][flwr][INFO] - fit progress: (3, 113.95849871635437, {'accuracy': 0.7127}, 26.561836097003834)
[2024-12-22 23:40:51,242][flwr][INFO] - configure_evaluate: strategy sampled 25 clients (out of 100)
[2024-12-22 23:40:53,841][flwr][INFO] - aggregate_evaluate: received 25 results and 0 failures
[2024-12-22 23:40:53,841][flwr][INFO] - 
[2024-12-22 23:40:53,841][flwr][INFO] - [ROUND 4]
[2024-12-22 23:40:53,841][flwr][INFO] - configure_fit: strategy sampled 10 clients (out of 100)
[2024-12-22 23:40:56,023][flwr][INFO] - aggregate_fit: received 10 results and 0 failures
[2024-12-22 23:40:57,508][flwr][INFO] - fit progress: (4, 61.02006560564041, {'accuracy': 0.7285}, 32.82874243200058)
[2024-12-22 23:40:57,509][flwr][INFO] - configure_evaluate: strategy sampled 25 clients (out of 100)
[2024-12-22 23:41:00,045][flwr][INFO] - aggregate_evaluate: received 25 results and 0 failures
[2024-12-22 23:41:00,046][flwr][INFO] - 
[2024-12-22 23:41:00,046][flwr][INFO] - [ROUND 5]
[2024-12-22 23:41:00,046][flwr][INFO] - configure_fit: strategy sampled 10 clients (out of 100)
[2024-12-22 23:41:02,182][flwr][INFO] - aggregate_fit: received 10 results and 0 failures
[2024-12-22 23:41:03,782][flwr][INFO] - fit progress: (5, 55.476240664720535, {'accuracy': 0.771}, 39.102734478001366)
[2024-12-22 23:41:03,784][flwr][INFO] - configure_evaluate: strategy sampled 25 clients (out of 100)
[2024-12-22 23:41:06,268][flwr][INFO] - aggregate_evaluate: received 25 results and 0 failures
[2024-12-22 23:41:06,268][flwr][INFO] - 
[2024-12-22 23:41:06,268][flwr][INFO] - [ROUND 6]
[2024-12-22 23:41:06,268][flwr][INFO] - configure_fit: strategy sampled 10 clients (out of 100)
[2024-12-22 23:41:08,351][flwr][INFO] - aggregate_fit: received 10 results and 0 failures
[2024-12-22 23:41:10,049][flwr][INFO] - fit progress: (6, 65.40706019103527, {'accuracy': 0.8084}, 45.369678861003194)
[2024-12-22 23:41:10,050][flwr][INFO] - configure_evaluate: strategy sampled 25 clients (out of 100)
[2024-12-22 23:41:12,984][flwr][INFO] - aggregate_evaluate: received 25 results and 0 failures
[2024-12-22 23:41:12,987][flwr][INFO] - 
[2024-12-22 23:41:12,988][flwr][INFO] - [ROUND 7]
[2024-12-22 23:41:12,989][flwr][INFO] - configure_fit: strategy sampled 10 clients (out of 100)
[2024-12-22 23:41:15,998][flwr][INFO] - aggregate_fit: received 10 results and 0 failures
[2024-12-22 23:41:17,416][flwr][INFO] - fit progress: (7, 66.95040582120419, {'accuracy': 0.8336}, 52.73635555199871)
[2024-12-22 23:41:17,416][flwr][INFO] - configure_evaluate: strategy sampled 25 clients (out of 100)
[2024-12-22 23:41:19,866][flwr][INFO] - aggregate_evaluate: received 25 results and 0 failures
[2024-12-22 23:41:19,866][flwr][INFO] - 
[2024-12-22 23:41:19,866][flwr][INFO] - [ROUND 8]
[2024-12-22 23:41:19,867][flwr][INFO] - configure_fit: strategy sampled 10 clients (out of 100)
[2024-12-22 23:41:21,937][flwr][INFO] - aggregate_fit: received 10 results and 0 failures
[2024-12-22 23:41:23,227][flwr][INFO] - fit progress: (8, 56.99808123707771, {'accuracy': 0.859}, 58.54727777100197)
[2024-12-22 23:41:23,227][flwr][INFO] - configure_evaluate: strategy sampled 25 clients (out of 100)
[2024-12-22 23:41:25,682][flwr][INFO] - aggregate_evaluate: received 25 results and 0 failures
[2024-12-22 23:41:25,682][flwr][INFO] - 
[2024-12-22 23:41:25,683][flwr][INFO] - [ROUND 9]
[2024-12-22 23:41:25,683][flwr][INFO] - configure_fit: strategy sampled 10 clients (out of 100)
[2024-12-22 23:41:27,807][flwr][INFO] - aggregate_fit: received 10 results and 0 failures
[2024-12-22 23:41:29,190][flwr][INFO] - fit progress: (9, 39.56568297743797, {'accuracy': 0.8934}, 64.51003072800086)
[2024-12-22 23:41:29,190][flwr][INFO] - configure_evaluate: strategy sampled 25 clients (out of 100)
[2024-12-22 23:41:31,657][flwr][INFO] - aggregate_evaluate: received 25 results and 0 failures
[2024-12-22 23:41:31,657][flwr][INFO] - 
[2024-12-22 23:41:31,658][flwr][INFO] - [ROUND 10]
[2024-12-22 23:41:31,658][flwr][INFO] - configure_fit: strategy sampled 10 clients (out of 100)
[2024-12-22 23:41:33,701][flwr][INFO] - aggregate_fit: received 10 results and 0 failures
[2024-12-22 23:41:34,952][flwr][INFO] - fit progress: (10, 24.37259546853602, {'accuracy': 0.926}, 70.27285611299885)
[2024-12-22 23:41:34,953][flwr][INFO] - configure_evaluate: strategy sampled 25 clients (out of 100)
[2024-12-22 23:41:37,474][flwr][INFO] - aggregate_evaluate: received 25 results and 0 failures
[2024-12-22 23:41:37,474][flwr][INFO] - 
[2024-12-22 23:41:37,474][flwr][INFO] - [SUMMARY]
[2024-12-22 23:41:37,474][flwr][INFO] - Run finished 10 round(s) in 72.79s
[2024-12-22 23:41:37,475][flwr][INFO] - 	History (loss, distributed):
[2024-12-22 23:41:37,475][flwr][INFO] - 		round 1: 13.701454162597656
[2024-12-22 23:41:37,475][flwr][INFO] - 		round 2: 12.614555711746215
[2024-12-22 23:41:37,475][flwr][INFO] - 		round 3: 8.718827681541443
[2024-12-22 23:41:37,475][flwr][INFO] - 		round 4: 4.781741986274719
[2024-12-22 23:41:37,475][flwr][INFO] - 		round 5: 4.6255064476281404
[2024-12-22 23:41:37,476][flwr][INFO] - 		round 6: 5.208568256259896
[2024-12-22 23:41:37,476][flwr][INFO] - 		round 7: 5.6119477637123785
[2024-12-22 23:41:37,476][flwr][INFO] - 		round 8: 4.57375395232089
[2024-12-22 23:41:37,476][flwr][INFO] - 		round 9: 3.059594763079949
[2024-12-22 23:41:37,476][flwr][INFO] - 		round 10: 2.018034950592555
[2024-12-22 23:41:37,476][flwr][INFO] - 	History (loss, centralized):
[2024-12-22 23:41:37,476][flwr][INFO] - 		round 0: 182.37907648086548
[2024-12-22 23:41:37,476][flwr][INFO] - 		round 1: 180.31678247451782
[2024-12-22 23:41:37,476][flwr][INFO] - 		round 2: 166.10835242271423
[2024-12-22 23:41:37,476][flwr][INFO] - 		round 3: 113.95849871635437
[2024-12-22 23:41:37,477][flwr][INFO] - 		round 4: 61.02006560564041
[2024-12-22 23:41:37,477][flwr][INFO] - 		round 5: 55.476240664720535
[2024-12-22 23:41:37,477][flwr][INFO] - 		round 6: 65.40706019103527
[2024-12-22 23:41:37,477][flwr][INFO] - 		round 7: 66.95040582120419
[2024-12-22 23:41:37,477][flwr][INFO] - 		round 8: 56.99808123707771
[2024-12-22 23:41:37,477][flwr][INFO] - 		round 9: 39.56568297743797
[2024-12-22 23:41:37,477][flwr][INFO] - 		round 10: 24.37259546853602
[2024-12-22 23:41:37,477][flwr][INFO] - 	History (metrics, centralized):
[2024-12-22 23:41:37,477][flwr][INFO] - 	{'accuracy': [(0, 0.1009),
[2024-12-22 23:41:37,477][flwr][INFO] - 	              (1, 0.1009),
[2024-12-22 23:41:37,477][flwr][INFO] - 	              (2, 0.4362),
[2024-12-22 23:41:37,477][flwr][INFO] - 	              (3, 0.7127),
[2024-12-22 23:41:37,477][flwr][INFO] - 	              (4, 0.7285),
[2024-12-22 23:41:37,477][flwr][INFO] - 	              (5, 0.771),
[2024-12-22 23:41:37,477][flwr][INFO] - 	              (6, 0.8084),
[2024-12-22 23:41:37,477][flwr][INFO] - 	              (7, 0.8336),
[2024-12-22 23:41:37,478][flwr][INFO] - 	              (8, 0.859),
[2024-12-22 23:41:37,478][flwr][INFO] - 	              (9, 0.8934),
[2024-12-22 23:41:37,478][flwr][INFO] - 	              (10, 0.926)]}
[2024-12-22 23:41:37,478][flwr][INFO] - 
