[2024-12-23 22:52:16,468][flwr][INFO] - Starting Flower simulation, config: num_rounds=10, no round_timeout
[2024-12-23 22:52:20,241][flwr][INFO] - Flower VCE: Ray initialized with resources: {'node:192.168.1.11': 1.0, 'CPU': 12.0, 'node:__internal_head__': 1.0, 'memory': 4642730804.0, 'object_store_memory': 2321365401.0}
[2024-12-23 22:52:20,242][flwr][INFO] - Optimize your simulation with Flower VCE: https://flower.ai/docs/framework/how-to-run-simulations.html
[2024-12-23 22:52:20,242][flwr][INFO] - Flower VCE: Resources for each Virtual Client: {'num_cpus': 2, 'num_gpus': 0}
[2024-12-23 22:52:20,250][flwr][INFO] - Flower VCE: Creating VirtualClientEngineActorPool with 6 actors
[2024-12-23 22:52:20,251][flwr][INFO] - [INIT]
[2024-12-23 22:52:20,251][flwr][INFO] - Using initial global parameters provided by strategy
[2024-12-23 22:52:20,252][flwr][INFO] - Starting evaluation of initial global parameters
[2024-12-23 22:52:22,414][flwr][INFO] - initial parameters (loss, other metrics): 182.2597541809082, {'accuracy': 0.1136}
[2024-12-23 22:52:22,414][flwr][INFO] - 
[2024-12-23 22:52:22,414][flwr][INFO] - [ROUND 1]
[2024-12-23 22:52:22,415][flwr][INFO] - configure_fit: strategy sampled 10 clients (out of 100)
[2024-12-23 22:52:27,118][flwr][INFO] - aggregate_fit: received 10 results and 0 failures
[2024-12-23 22:52:27,150][flwr][WARNING] - No fit_metrics_aggregation_fn provided
[2024-12-23 22:52:28,918][flwr][INFO] - fit progress: (1, 181.76806497573853, {'accuracy': 0.151}, 6.504087760986295)
[2024-12-23 22:52:28,919][flwr][INFO] - configure_evaluate: strategy sampled 25 clients (out of 100)
[2024-12-23 22:52:31,472][flwr][INFO] - aggregate_evaluate: received 25 results and 0 failures
[2024-12-23 22:52:31,473][flwr][WARNING] - No evaluate_metrics_aggregation_fn provided
[2024-12-23 22:52:31,473][flwr][INFO] - 
[2024-12-23 22:52:31,473][flwr][INFO] - [ROUND 2]
[2024-12-23 22:52:31,474][flwr][INFO] - configure_fit: strategy sampled 10 clients (out of 100)
[2024-12-23 22:52:32,724][flwr][INFO] - aggregate_fit: received 10 results and 0 failures
[2024-12-23 22:52:34,957][flwr][INFO] - fit progress: (2, 180.8161060810089, {'accuracy': 0.1873}, 12.542402707986184)
[2024-12-23 22:52:34,957][flwr][INFO] - configure_evaluate: strategy sampled 25 clients (out of 100)
[2024-12-23 22:52:37,509][flwr][INFO] - aggregate_evaluate: received 25 results and 0 failures
[2024-12-23 22:52:37,510][flwr][INFO] - 
[2024-12-23 22:52:37,510][flwr][INFO] - [ROUND 3]
[2024-12-23 22:52:37,511][flwr][INFO] - configure_fit: strategy sampled 10 clients (out of 100)
[2024-12-23 22:52:38,746][flwr][INFO] - aggregate_fit: received 10 results and 0 failures
[2024-12-23 22:52:39,860][flwr][INFO] - fit progress: (3, 179.43259406089783, {'accuracy': 0.2603}, 17.445798286993522)
[2024-12-23 22:52:39,861][flwr][INFO] - configure_evaluate: strategy sampled 25 clients (out of 100)
[2024-12-23 22:52:42,424][flwr][INFO] - aggregate_evaluate: received 25 results and 0 failures
[2024-12-23 22:52:42,425][flwr][INFO] - 
[2024-12-23 22:52:42,425][flwr][INFO] - [ROUND 4]
[2024-12-23 22:52:42,425][flwr][INFO] - configure_fit: strategy sampled 10 clients (out of 100)
[2024-12-23 22:52:43,855][flwr][INFO] - aggregate_fit: received 10 results and 0 failures
[2024-12-23 22:52:45,338][flwr][INFO] - fit progress: (4, 177.2093470096588, {'accuracy': 0.337}, 22.923883491996094)
[2024-12-23 22:52:45,339][flwr][INFO] - configure_evaluate: strategy sampled 25 clients (out of 100)
[2024-12-23 22:52:47,946][flwr][INFO] - aggregate_evaluate: received 25 results and 0 failures
[2024-12-23 22:52:47,946][flwr][INFO] - 
[2024-12-23 22:52:47,946][flwr][INFO] - [ROUND 5]
[2024-12-23 22:52:47,947][flwr][INFO] - configure_fit: strategy sampled 10 clients (out of 100)
[2024-12-23 22:52:49,277][flwr][INFO] - aggregate_fit: received 10 results and 0 failures
[2024-12-23 22:52:50,414][flwr][INFO] - fit progress: (5, 172.9291114807129, {'accuracy': 0.4578}, 27.9998639409896)
[2024-12-23 22:52:50,415][flwr][INFO] - configure_evaluate: strategy sampled 25 clients (out of 100)
[2024-12-23 22:52:52,901][flwr][INFO] - aggregate_evaluate: received 25 results and 0 failures
[2024-12-23 22:52:52,901][flwr][INFO] - 
[2024-12-23 22:52:52,901][flwr][INFO] - [ROUND 6]
[2024-12-23 22:52:52,902][flwr][INFO] - configure_fit: strategy sampled 10 clients (out of 100)
[2024-12-23 22:52:54,280][flwr][INFO] - aggregate_fit: received 10 results and 0 failures
[2024-12-23 22:52:55,824][flwr][INFO] - fit progress: (6, 163.36185145378113, {'accuracy': 0.489}, 33.410079004999716)
[2024-12-23 22:52:55,825][flwr][INFO] - configure_evaluate: strategy sampled 25 clients (out of 100)
[2024-12-23 22:52:58,166][flwr][INFO] - aggregate_evaluate: received 25 results and 0 failures
[2024-12-23 22:52:58,166][flwr][INFO] - 
[2024-12-23 22:52:58,166][flwr][INFO] - [ROUND 7]
[2024-12-23 22:52:58,166][flwr][INFO] - configure_fit: strategy sampled 10 clients (out of 100)
[2024-12-23 22:52:59,568][flwr][INFO] - aggregate_fit: received 10 results and 0 failures
[2024-12-23 22:53:01,035][flwr][INFO] - fit progress: (7, 140.4406043291092, {'accuracy': 0.5486}, 38.62052901199786)
[2024-12-23 22:53:01,035][flwr][INFO] - configure_evaluate: strategy sampled 25 clients (out of 100)
[2024-12-23 22:53:03,664][flwr][INFO] - aggregate_evaluate: received 25 results and 0 failures
[2024-12-23 22:53:03,664][flwr][INFO] - 
[2024-12-23 22:53:03,664][flwr][INFO] - [ROUND 8]
[2024-12-23 22:53:03,665][flwr][INFO] - configure_fit: strategy sampled 10 clients (out of 100)
[2024-12-23 22:53:04,889][flwr][INFO] - aggregate_fit: received 10 results and 0 failures
[2024-12-23 22:53:06,060][flwr][INFO] - fit progress: (8, 99.50009566545486, {'accuracy': 0.6311}, 43.645229335990734)
[2024-12-23 22:53:06,060][flwr][INFO] - configure_evaluate: strategy sampled 25 clients (out of 100)
[2024-12-23 22:53:08,969][flwr][INFO] - aggregate_evaluate: received 25 results and 0 failures
[2024-12-23 22:53:08,970][flwr][INFO] - 
[2024-12-23 22:53:08,970][flwr][INFO] - [ROUND 9]
[2024-12-23 22:53:08,970][flwr][INFO] - configure_fit: strategy sampled 10 clients (out of 100)
[2024-12-23 22:53:10,285][flwr][INFO] - aggregate_fit: received 10 results and 0 failures
[2024-12-23 22:53:11,473][flwr][INFO] - fit progress: (9, 65.9023674428463, {'accuracy': 0.7162}, 49.05846306598687)
[2024-12-23 22:53:11,473][flwr][INFO] - configure_evaluate: strategy sampled 25 clients (out of 100)
[2024-12-23 22:53:14,069][flwr][INFO] - aggregate_evaluate: received 25 results and 0 failures
[2024-12-23 22:53:14,069][flwr][INFO] - 
[2024-12-23 22:53:14,070][flwr][INFO] - [ROUND 10]
[2024-12-23 22:53:14,070][flwr][INFO] - configure_fit: strategy sampled 10 clients (out of 100)
[2024-12-23 22:53:15,515][flwr][INFO] - aggregate_fit: received 10 results and 0 failures
[2024-12-23 22:53:17,144][flwr][INFO] - fit progress: (10, 57.46619991958141, {'accuracy': 0.7771}, 54.72967052499007)
[2024-12-23 22:53:17,144][flwr][INFO] - configure_evaluate: strategy sampled 25 clients (out of 100)
[2024-12-23 22:53:19,699][flwr][INFO] - aggregate_evaluate: received 25 results and 0 failures
[2024-12-23 22:53:19,699][flwr][INFO] - 
[2024-12-23 22:53:19,700][flwr][INFO] - [SUMMARY]
[2024-12-23 22:53:19,700][flwr][INFO] - Run finished 10 round(s) in 57.28s
[2024-12-23 22:53:19,700][flwr][INFO] - 	History (loss, distributed):
[2024-12-23 22:53:19,700][flwr][INFO] - 		round 1: 4.597904863357544
[2024-12-23 22:53:19,701][flwr][INFO] - 		round 2: 4.573523035049439
[2024-12-23 22:53:19,701][flwr][INFO] - 		round 3: 4.5440202236175535
[2024-12-23 22:53:19,701][flwr][INFO] - 		round 4: 4.486470899581909
[2024-12-23 22:53:19,701][flwr][INFO] - 		round 5: 4.3814685249328615
[2024-12-23 22:53:19,701][flwr][INFO] - 		round 6: 4.144799728393554
[2024-12-23 22:53:19,701][flwr][INFO] - 		round 7: 3.548137540817261
[2024-12-23 22:53:19,701][flwr][INFO] - 		round 8: 2.587438869476318
[2024-12-23 22:53:19,701][flwr][INFO] - 		round 9: 1.7604444003105164
[2024-12-23 22:53:19,701][flwr][INFO] - 		round 10: 1.5088087499141694
[2024-12-23 22:53:19,701][flwr][INFO] - 	History (loss, centralized):
[2024-12-23 22:53:19,701][flwr][INFO] - 		round 0: 182.2597541809082
[2024-12-23 22:53:19,701][flwr][INFO] - 		round 1: 181.76806497573853
[2024-12-23 22:53:19,701][flwr][INFO] - 		round 2: 180.8161060810089
[2024-12-23 22:53:19,701][flwr][INFO] - 		round 3: 179.43259406089783
[2024-12-23 22:53:19,701][flwr][INFO] - 		round 4: 177.2093470096588
[2024-12-23 22:53:19,702][flwr][INFO] - 		round 5: 172.9291114807129
[2024-12-23 22:53:19,702][flwr][INFO] - 		round 6: 163.36185145378113
[2024-12-23 22:53:19,702][flwr][INFO] - 		round 7: 140.4406043291092
[2024-12-23 22:53:19,702][flwr][INFO] - 		round 8: 99.50009566545486
[2024-12-23 22:53:19,702][flwr][INFO] - 		round 9: 65.9023674428463
[2024-12-23 22:53:19,702][flwr][INFO] - 		round 10: 57.46619991958141
[2024-12-23 22:53:19,702][flwr][INFO] - 	History (metrics, centralized):
[2024-12-23 22:53:19,702][flwr][INFO] - 	{'accuracy': [(0, 0.1136),
[2024-12-23 22:53:19,702][flwr][INFO] - 	              (1, 0.151),
[2024-12-23 22:53:19,702][flwr][INFO] - 	              (2, 0.1873),
[2024-12-23 22:53:19,702][flwr][INFO] - 	              (3, 0.2603),
[2024-12-23 22:53:19,702][flwr][INFO] - 	              (4, 0.337),
[2024-12-23 22:53:19,702][flwr][INFO] - 	              (5, 0.4578),
[2024-12-23 22:53:19,702][flwr][INFO] - 	              (6, 0.489),
[2024-12-23 22:53:19,702][flwr][INFO] - 	              (7, 0.5486),
[2024-12-23 22:53:19,702][flwr][INFO] - 	              (8, 0.6311),
[2024-12-23 22:53:19,702][flwr][INFO] - 	              (9, 0.7162),
[2024-12-23 22:53:19,703][flwr][INFO] - 	              (10, 0.7771)]}
[2024-12-23 22:53:19,703][flwr][INFO] - 
