[2024-12-23 22:51:12,343][flwr][INFO] - Starting Flower simulation, config: num_rounds=10, no round_timeout
[2024-12-23 22:51:16,226][flwr][INFO] - Flower VCE: Ray initialized with resources: {'node:__internal_head__': 1.0, 'node:192.168.1.11': 1.0, 'CPU': 12.0, 'object_store_memory': 2306172518.0, 'memory': 4612345038.0}
[2024-12-23 22:51:16,226][flwr][INFO] - Optimize your simulation with Flower VCE: https://flower.ai/docs/framework/how-to-run-simulations.html
[2024-12-23 22:51:16,226][flwr][INFO] - Flower VCE: Resources for each Virtual Client: {'num_cpus': 2, 'num_gpus': 0}
[2024-12-23 22:51:16,249][flwr][INFO] - Flower VCE: Creating VirtualClientEngineActorPool with 6 actors
[2024-12-23 22:51:16,252][flwr][INFO] - [INIT]
[2024-12-23 22:51:16,252][flwr][INFO] - Requesting initial parameters from one random client
[2024-12-23 22:51:18,402][flwr][INFO] - Received initial parameters from one random client
[2024-12-23 22:51:18,402][flwr][INFO] - Starting evaluation of initial global parameters
[2024-12-23 22:51:19,526][flwr][INFO] - initial parameters (loss, other metrics): 182.03720140457153, {'accuracy': 0.0824}
[2024-12-23 22:51:19,526][flwr][INFO] - 
[2024-12-23 22:51:19,526][flwr][INFO] - [ROUND 1]
[2024-12-23 22:51:19,527][flwr][INFO] - configure_fit: strategy sampled 10 clients (out of 100)
[2024-12-23 22:51:23,959][flwr][INFO] - aggregate_fit: received 10 results and 0 failures
[2024-12-23 22:51:23,975][flwr][WARNING] - No fit_metrics_aggregation_fn provided
[2024-12-23 22:51:25,310][flwr][INFO] - fit progress: (1, 180.29865860939026, {'accuracy': 0.2267}, 5.7831964929937385)
[2024-12-23 22:51:25,310][flwr][INFO] - configure_evaluate: strategy sampled 25 clients (out of 100)
[2024-12-23 22:51:28,047][flwr][INFO] - aggregate_evaluate: received 25 results and 0 failures
[2024-12-23 22:51:28,047][flwr][WARNING] - No evaluate_metrics_aggregation_fn provided
[2024-12-23 22:51:28,047][flwr][INFO] - 
[2024-12-23 22:51:28,047][flwr][INFO] - [ROUND 2]
[2024-12-23 22:51:28,048][flwr][INFO] - configure_fit: strategy sampled 10 clients (out of 100)
[2024-12-23 22:51:29,423][flwr][INFO] - aggregate_fit: received 10 results and 0 failures
[2024-12-23 22:51:30,602][flwr][INFO] - fit progress: (2, 177.2921438217163, {'accuracy': 0.3445}, 11.075752047996502)
[2024-12-23 22:51:30,602][flwr][INFO] - configure_evaluate: strategy sampled 25 clients (out of 100)
[2024-12-23 22:51:33,165][flwr][INFO] - aggregate_evaluate: received 25 results and 0 failures
[2024-12-23 22:51:33,165][flwr][INFO] - 
[2024-12-23 22:51:33,165][flwr][INFO] - [ROUND 3]
[2024-12-23 22:51:33,166][flwr][INFO] - configure_fit: strategy sampled 10 clients (out of 100)
[2024-12-23 22:51:34,568][flwr][INFO] - aggregate_fit: received 10 results and 0 failures
[2024-12-23 22:51:36,031][flwr][INFO] - fit progress: (3, 167.17897272109985, {'accuracy': 0.4975}, 16.50464315499994)
[2024-12-23 22:51:36,031][flwr][INFO] - configure_evaluate: strategy sampled 25 clients (out of 100)
[2024-12-23 22:51:38,719][flwr][INFO] - aggregate_evaluate: received 25 results and 0 failures
[2024-12-23 22:51:38,720][flwr][INFO] - 
[2024-12-23 22:51:38,720][flwr][INFO] - [ROUND 4]
[2024-12-23 22:51:38,721][flwr][INFO] - configure_fit: strategy sampled 10 clients (out of 100)
[2024-12-23 22:51:39,999][flwr][INFO] - aggregate_fit: received 10 results and 0 failures
[2024-12-23 22:51:41,544][flwr][INFO] - fit progress: (4, 123.83139204978943, {'accuracy': 0.57}, 22.017283698995016)
[2024-12-23 22:51:41,544][flwr][INFO] - configure_evaluate: strategy sampled 25 clients (out of 100)
[2024-12-23 22:51:44,048][flwr][INFO] - aggregate_evaluate: received 25 results and 0 failures
[2024-12-23 22:51:44,049][flwr][INFO] - 
[2024-12-23 22:51:44,049][flwr][INFO] - [ROUND 5]
[2024-12-23 22:51:44,049][flwr][INFO] - configure_fit: strategy sampled 10 clients (out of 100)
[2024-12-23 22:51:45,350][flwr][INFO] - aggregate_fit: received 10 results and 0 failures
[2024-12-23 22:51:46,862][flwr][INFO] - fit progress: (5, 67.22410809993744, {'accuracy': 0.7492}, 27.335811532000662)
[2024-12-23 22:51:46,862][flwr][INFO] - configure_evaluate: strategy sampled 25 clients (out of 100)
[2024-12-23 22:51:49,521][flwr][INFO] - aggregate_evaluate: received 25 results and 0 failures
[2024-12-23 22:51:49,522][flwr][INFO] - 
[2024-12-23 22:51:49,522][flwr][INFO] - [ROUND 6]
[2024-12-23 22:51:49,522][flwr][INFO] - configure_fit: strategy sampled 10 clients (out of 100)
[2024-12-23 22:51:50,821][flwr][INFO] - aggregate_fit: received 10 results and 0 failures
[2024-12-23 22:51:51,942][flwr][INFO] - fit progress: (6, 49.40371352434158, {'accuracy': 0.8223}, 32.41611230499984)
[2024-12-23 22:51:51,943][flwr][INFO] - configure_evaluate: strategy sampled 25 clients (out of 100)
[2024-12-23 22:51:54,467][flwr][INFO] - aggregate_evaluate: received 25 results and 0 failures
[2024-12-23 22:51:54,467][flwr][INFO] - 
[2024-12-23 22:51:54,468][flwr][INFO] - [ROUND 7]
[2024-12-23 22:51:54,468][flwr][INFO] - configure_fit: strategy sampled 10 clients (out of 100)
[2024-12-23 22:51:55,887][flwr][INFO] - aggregate_fit: received 10 results and 0 failures
[2024-12-23 22:51:58,326][flwr][INFO] - fit progress: (7, 36.45494031906128, {'accuracy': 0.8638}, 38.79997205600375)
[2024-12-23 22:51:58,327][flwr][INFO] - configure_evaluate: strategy sampled 25 clients (out of 100)
[2024-12-23 22:52:00,661][flwr][INFO] - aggregate_evaluate: received 25 results and 0 failures
[2024-12-23 22:52:00,661][flwr][INFO] - 
[2024-12-23 22:52:00,661][flwr][INFO] - [ROUND 8]
[2024-12-23 22:52:00,662][flwr][INFO] - configure_fit: strategy sampled 10 clients (out of 100)
[2024-12-23 22:52:01,960][flwr][INFO] - aggregate_fit: received 10 results and 0 failures
[2024-12-23 22:52:02,968][flwr][INFO] - fit progress: (8, 33.72390025854111, {'accuracy': 0.8709}, 43.44184334100282)
[2024-12-23 22:52:02,968][flwr][INFO] - configure_evaluate: strategy sampled 25 clients (out of 100)
[2024-12-23 22:52:05,435][flwr][INFO] - aggregate_evaluate: received 25 results and 0 failures
[2024-12-23 22:52:05,436][flwr][INFO] - 
[2024-12-23 22:52:05,436][flwr][INFO] - [ROUND 9]
[2024-12-23 22:52:05,437][flwr][INFO] - configure_fit: strategy sampled 10 clients (out of 100)
[2024-12-23 22:52:07,063][flwr][INFO] - aggregate_fit: received 10 results and 0 failures
[2024-12-23 22:52:08,335][flwr][INFO] - fit progress: (9, 27.257938981056213, {'accuracy': 0.8985}, 48.808657861998654)
[2024-12-23 22:52:08,335][flwr][INFO] - configure_evaluate: strategy sampled 25 clients (out of 100)
[2024-12-23 22:52:10,848][flwr][INFO] - aggregate_evaluate: received 25 results and 0 failures
[2024-12-23 22:52:10,848][flwr][INFO] - 
[2024-12-23 22:52:10,849][flwr][INFO] - [ROUND 10]
[2024-12-23 22:52:10,849][flwr][INFO] - configure_fit: strategy sampled 10 clients (out of 100)
[2024-12-23 22:52:12,284][flwr][INFO] - aggregate_fit: received 10 results and 0 failures
[2024-12-23 22:52:13,451][flwr][INFO] - fit progress: (10, 23.212600875645876, {'accuracy': 0.9121}, 53.92456940100237)
[2024-12-23 22:52:13,451][flwr][INFO] - configure_evaluate: strategy sampled 25 clients (out of 100)
[2024-12-23 22:52:16,148][flwr][INFO] - aggregate_evaluate: received 25 results and 0 failures
[2024-12-23 22:52:16,148][flwr][INFO] - 
[2024-12-23 22:52:16,149][flwr][INFO] - [SUMMARY]
[2024-12-23 22:52:16,149][flwr][INFO] - Run finished 10 round(s) in 56.62s
[2024-12-23 22:52:16,149][flwr][INFO] - 	History (loss, distributed):
[2024-12-23 22:52:16,150][flwr][INFO] - 		round 1: 4.561946516036987
[2024-12-23 22:52:16,150][flwr][INFO] - 		round 2: 4.493326015472412
[2024-12-23 22:52:16,150][flwr][INFO] - 		round 3: 4.250480375289917
[2024-12-23 22:52:16,150][flwr][INFO] - 		round 4: 3.145909996032715
[2024-12-23 22:52:16,150][flwr][INFO] - 		round 5: 1.7221646976470948
[2024-12-23 22:52:16,150][flwr][INFO] - 		round 6: 1.2689362597465514
[2024-12-23 22:52:16,150][flwr][INFO] - 		round 7: 0.946338313817978
[2024-12-23 22:52:16,150][flwr][INFO] - 		round 8: 0.866933856010437
[2024-12-23 22:52:16,150][flwr][INFO] - 		round 9: 0.7128979933261871
[2024-12-23 22:52:16,150][flwr][INFO] - 		round 10: 0.663383092880249
[2024-12-23 22:52:16,150][flwr][INFO] - 	History (loss, centralized):
[2024-12-23 22:52:16,151][flwr][INFO] - 		round 0: 182.03720140457153
[2024-12-23 22:52:16,151][flwr][INFO] - 		round 1: 180.29865860939026
[2024-12-23 22:52:16,151][flwr][INFO] - 		round 2: 177.2921438217163
[2024-12-23 22:52:16,151][flwr][INFO] - 		round 3: 167.17897272109985
[2024-12-23 22:52:16,151][flwr][INFO] - 		round 4: 123.83139204978943
[2024-12-23 22:52:16,151][flwr][INFO] - 		round 5: 67.22410809993744
[2024-12-23 22:52:16,151][flwr][INFO] - 		round 6: 49.40371352434158
[2024-12-23 22:52:16,151][flwr][INFO] - 		round 7: 36.45494031906128
[2024-12-23 22:52:16,151][flwr][INFO] - 		round 8: 33.72390025854111
[2024-12-23 22:52:16,151][flwr][INFO] - 		round 9: 27.257938981056213
[2024-12-23 22:52:16,151][flwr][INFO] - 		round 10: 23.212600875645876
[2024-12-23 22:52:16,152][flwr][INFO] - 	History (metrics, centralized):
[2024-12-23 22:52:16,152][flwr][INFO] - 	{'accuracy': [(0, 0.0824),
[2024-12-23 22:52:16,152][flwr][INFO] - 	              (1, 0.2267),
[2024-12-23 22:52:16,152][flwr][INFO] - 	              (2, 0.3445),
[2024-12-23 22:52:16,152][flwr][INFO] - 	              (3, 0.4975),
[2024-12-23 22:52:16,152][flwr][INFO] - 	              (4, 0.57),
[2024-12-23 22:52:16,152][flwr][INFO] - 	              (5, 0.7492),
[2024-12-23 22:52:16,152][flwr][INFO] - 	              (6, 0.8223),
[2024-12-23 22:52:16,152][flwr][INFO] - 	              (7, 0.8638),
[2024-12-23 22:52:16,152][flwr][INFO] - 	              (8, 0.8709),
[2024-12-23 22:52:16,152][flwr][INFO] - 	              (9, 0.8985),
[2024-12-23 22:52:16,153][flwr][INFO] - 	              (10, 0.9121)]}
[2024-12-23 22:52:16,153][flwr][INFO] - 
