[2024-12-23 23:11:17,172][flwr][INFO] - Starting Flower simulation, config: num_rounds=10, no round_timeout
[2024-12-23 23:11:17,220][filelock][INFO] - Lock 135848782563504 acquired on /tmp/ray/session_2024-12-23_23-11-17_220146_1273034/node_ip_address.json.lock
[2024-12-23 23:11:17,220][filelock][INFO] - Lock 135848782563504 released on /tmp/ray/session_2024-12-23_23-11-17_220146_1273034/node_ip_address.json.lock
[2024-12-23 23:11:17,221][filelock][INFO] - Lock 135848783728256 acquired on /tmp/ray/session_2024-12-23_23-11-17_220146_1273034/ports_by_node.json.lock
[2024-12-23 23:11:17,221][filelock][INFO] - Lock 135848783728256 released on /tmp/ray/session_2024-12-23_23-11-17_220146_1273034/ports_by_node.json.lock
[2024-12-23 23:11:17,221][filelock][INFO] - Lock 135848845424768 acquired on /tmp/ray/session_2024-12-23_23-11-17_220146_1273034/ports_by_node.json.lock
[2024-12-23 23:11:17,221][filelock][INFO] - Lock 135848845424768 released on /tmp/ray/session_2024-12-23_23-11-17_220146_1273034/ports_by_node.json.lock
[2024-12-23 23:11:17,221][filelock][INFO] - Lock 135848782236208 acquired on /tmp/ray/session_2024-12-23_23-11-17_220146_1273034/ports_by_node.json.lock
[2024-12-23 23:11:17,221][filelock][INFO] - Lock 135848782236208 released on /tmp/ray/session_2024-12-23_23-11-17_220146_1273034/ports_by_node.json.lock
[2024-12-23 23:11:17,221][filelock][INFO] - Lock 135848845424768 acquired on /tmp/ray/session_2024-12-23_23-11-17_220146_1273034/ports_by_node.json.lock
[2024-12-23 23:11:17,221][filelock][INFO] - Lock 135848845424768 released on /tmp/ray/session_2024-12-23_23-11-17_220146_1273034/ports_by_node.json.lock
[2024-12-23 23:11:17,222][filelock][INFO] - Lock 135848782236208 acquired on /tmp/ray/session_2024-12-23_23-11-17_220146_1273034/ports_by_node.json.lock
[2024-12-23 23:11:17,222][filelock][INFO] - Lock 135848782236208 released on /tmp/ray/session_2024-12-23_23-11-17_220146_1273034/ports_by_node.json.lock
[2024-12-23 23:11:19,292][flwr][INFO] - Flower VCE: Ray initialized with resources: {'object_store_memory': 2387795558.0, 'memory': 4775591118.0, 'node:__internal_head__': 1.0, 'node:192.168.1.11': 1.0, 'CPU': 12.0}
[2024-12-23 23:11:19,292][flwr][INFO] - Optimize your simulation with Flower VCE: https://flower.ai/docs/framework/how-to-run-simulations.html
[2024-12-23 23:11:19,292][flwr][INFO] - Flower VCE: Resources for each Virtual Client: {'num_cpus': 2, 'num_gpus': 0}
[2024-12-23 23:11:19,301][flwr][INFO] - Flower VCE: Creating VirtualClientEngineActorPool with 6 actors
[2024-12-23 23:11:19,302][flwr][INFO] - [INIT]
[2024-12-23 23:11:19,302][flwr][INFO] - Requesting initial parameters from one random client
[2024-12-23 23:11:21,311][flwr][INFO] - Received initial parameters from one random client
[2024-12-23 23:11:21,311][flwr][INFO] - Starting evaluation of initial global parameters
[2024-12-23 23:11:22,753][flwr][INFO] - initial parameters (loss, other metrics): 181.6270546913147, {'accuracy': 0.0974}
[2024-12-23 23:11:22,753][flwr][INFO] - 
[2024-12-23 23:11:22,753][flwr][INFO] - [ROUND 1]
[2024-12-23 23:11:22,753][flwr][INFO] - configure_fit: strategy sampled 10 clients (out of 100)
[2024-12-23 23:11:26,138][flwr][INFO] - aggregate_fit: received 10 results and 0 failures
[2024-12-23 23:11:26,148][flwr][WARNING] - No fit_metrics_aggregation_fn provided
[2024-12-23 23:11:27,359][flwr][INFO] - fit progress: (1, 104.63916528224945, {'accuracy': 0.6657}, 4.605806951003615)
[2024-12-23 23:11:27,359][flwr][INFO] - configure_evaluate: strategy sampled 25 clients (out of 100)
[2024-12-23 23:11:29,128][flwr][INFO] - aggregate_evaluate: received 25 results and 0 failures
[2024-12-23 23:11:29,128][flwr][WARNING] - No evaluate_metrics_aggregation_fn provided
[2024-12-23 23:11:29,129][flwr][INFO] - 
[2024-12-23 23:11:29,129][flwr][INFO] - [ROUND 2]
[2024-12-23 23:11:29,129][flwr][INFO] - configure_fit: strategy sampled 10 clients (out of 100)
[2024-12-23 23:11:30,403][flwr][INFO] - aggregate_fit: received 10 results and 0 failures
[2024-12-23 23:11:31,794][flwr][INFO] - fit progress: (2, 39.5664818584919, {'accuracy': 0.8509}, 9.040520100999856)
[2024-12-23 23:11:31,794][flwr][INFO] - configure_evaluate: strategy sampled 25 clients (out of 100)
[2024-12-23 23:11:33,433][flwr][INFO] - aggregate_evaluate: received 25 results and 0 failures
[2024-12-23 23:11:33,433][flwr][INFO] - 
[2024-12-23 23:11:33,433][flwr][INFO] - [ROUND 3]
[2024-12-23 23:11:33,433][flwr][INFO] - configure_fit: strategy sampled 10 clients (out of 100)
[2024-12-23 23:11:35,069][flwr][INFO] - aggregate_fit: received 10 results and 0 failures
[2024-12-23 23:11:36,623][flwr][INFO] - fit progress: (3, 22.149050939828157, {'accuracy': 0.9159}, 13.87005930399755)
[2024-12-23 23:11:36,624][flwr][INFO] - configure_evaluate: strategy sampled 25 clients (out of 100)
[2024-12-23 23:11:38,727][flwr][INFO] - aggregate_evaluate: received 25 results and 0 failures
[2024-12-23 23:11:38,728][flwr][INFO] - 
[2024-12-23 23:11:38,728][flwr][INFO] - [ROUND 4]
[2024-12-23 23:11:38,728][flwr][INFO] - configure_fit: strategy sampled 10 clients (out of 100)
[2024-12-23 23:11:40,473][flwr][INFO] - aggregate_fit: received 10 results and 0 failures
[2024-12-23 23:11:41,615][flwr][INFO] - fit progress: (4, 16.222701516002417, {'accuracy': 0.9396}, 18.861529275993234)
[2024-12-23 23:11:41,615][flwr][INFO] - configure_evaluate: strategy sampled 25 clients (out of 100)
[2024-12-23 23:11:43,753][flwr][INFO] - aggregate_evaluate: received 25 results and 0 failures
[2024-12-23 23:11:43,753][flwr][INFO] - 
[2024-12-23 23:11:43,753][flwr][INFO] - [ROUND 5]
[2024-12-23 23:11:43,753][flwr][INFO] - configure_fit: strategy sampled 10 clients (out of 100)
[2024-12-23 23:11:45,384][flwr][INFO] - aggregate_fit: received 10 results and 0 failures
[2024-12-23 23:11:47,037][flwr][INFO] - fit progress: (5, 14.570322206243873, {'accuracy': 0.9485}, 24.28430640899751)
[2024-12-23 23:11:47,038][flwr][INFO] - configure_evaluate: strategy sampled 25 clients (out of 100)
[2024-12-23 23:11:49,175][flwr][INFO] - aggregate_evaluate: received 25 results and 0 failures
[2024-12-23 23:11:49,175][flwr][INFO] - 
[2024-12-23 23:11:49,175][flwr][INFO] - [ROUND 6]
[2024-12-23 23:11:49,176][flwr][INFO] - configure_fit: strategy sampled 10 clients (out of 100)
[2024-12-23 23:11:51,084][flwr][INFO] - aggregate_fit: received 10 results and 0 failures
[2024-12-23 23:11:52,406][flwr][INFO] - fit progress: (6, 12.3537263199687, {'accuracy': 0.95}, 29.65249196399236)
[2024-12-23 23:11:52,406][flwr][INFO] - configure_evaluate: strategy sampled 25 clients (out of 100)
[2024-12-23 23:11:54,686][flwr][INFO] - aggregate_evaluate: received 25 results and 0 failures
[2024-12-23 23:11:54,687][flwr][INFO] - 
[2024-12-23 23:11:54,687][flwr][INFO] - [ROUND 7]
[2024-12-23 23:11:54,687][flwr][INFO] - configure_fit: strategy sampled 10 clients (out of 100)
[2024-12-23 23:11:56,737][flwr][INFO] - aggregate_fit: received 10 results and 0 failures
[2024-12-23 23:11:58,196][flwr][INFO] - fit progress: (7, 11.256378784775734, {'accuracy': 0.9578}, 35.44310810200113)
[2024-12-23 23:11:58,196][flwr][INFO] - configure_evaluate: strategy sampled 25 clients (out of 100)
[2024-12-23 23:12:00,460][flwr][INFO] - aggregate_evaluate: received 25 results and 0 failures
[2024-12-23 23:12:00,460][flwr][INFO] - 
[2024-12-23 23:12:00,460][flwr][INFO] - [ROUND 8]
[2024-12-23 23:12:00,460][flwr][INFO] - configure_fit: strategy sampled 10 clients (out of 100)
[2024-12-23 23:12:03,087][flwr][INFO] - aggregate_fit: received 10 results and 0 failures
[2024-12-23 23:12:04,743][flwr][INFO] - fit progress: (8, 10.737511624582112, {'accuracy': 0.9583}, 41.98942898599489)
[2024-12-23 23:12:04,743][flwr][INFO] - configure_evaluate: strategy sampled 25 clients (out of 100)
[2024-12-23 23:12:07,092][flwr][INFO] - aggregate_evaluate: received 25 results and 0 failures
[2024-12-23 23:12:07,092][flwr][INFO] - 
[2024-12-23 23:12:07,092][flwr][INFO] - [ROUND 9]
[2024-12-23 23:12:07,092][flwr][INFO] - configure_fit: strategy sampled 10 clients (out of 100)
[2024-12-23 23:12:09,159][flwr][INFO] - aggregate_fit: received 10 results and 0 failures
[2024-12-23 23:12:10,374][flwr][INFO] - fit progress: (9, 9.602714823093265, {'accuracy': 0.9638}, 47.62128464099078)
[2024-12-23 23:12:10,375][flwr][INFO] - configure_evaluate: strategy sampled 25 clients (out of 100)
[2024-12-23 23:12:12,780][flwr][INFO] - aggregate_evaluate: received 25 results and 0 failures
[2024-12-23 23:12:12,780][flwr][INFO] - 
[2024-12-23 23:12:12,780][flwr][INFO] - [ROUND 10]
[2024-12-23 23:12:12,780][flwr][INFO] - configure_fit: strategy sampled 10 clients (out of 100)
[2024-12-23 23:12:14,786][flwr][INFO] - aggregate_fit: received 10 results and 0 failures
[2024-12-23 23:12:15,931][flwr][INFO] - fit progress: (10, 8.20483454503119, {'accuracy': 0.9665}, 53.17741871799808)
[2024-12-23 23:12:15,931][flwr][INFO] - configure_evaluate: strategy sampled 25 clients (out of 100)
[2024-12-23 23:12:18,290][flwr][INFO] - aggregate_evaluate: received 25 results and 0 failures
[2024-12-23 23:12:18,290][flwr][INFO] - 
[2024-12-23 23:12:18,290][flwr][INFO] - [SUMMARY]
[2024-12-23 23:12:18,290][flwr][INFO] - Run finished 10 round(s) in 55.54s
[2024-12-23 23:12:18,291][flwr][INFO] - 	History (loss, distributed):
[2024-12-23 23:12:18,291][flwr][INFO] - 		round 1: 8.083077442646026
[2024-12-23 23:12:18,291][flwr][INFO] - 		round 2: 3.098052651286125
[2024-12-23 23:12:18,291][flwr][INFO] - 		round 3: 2.051319664269686
[2024-12-23 23:12:18,291][flwr][INFO] - 		round 4: 1.3505083014443517
[2024-12-23 23:12:18,291][flwr][INFO] - 		round 5: 1.1587286609038712
[2024-12-23 23:12:18,292][flwr][INFO] - 		round 6: 1.07603209591005
[2024-12-23 23:12:18,292][flwr][INFO] - 		round 7: 1.0365863675624132
[2024-12-23 23:12:18,292][flwr][INFO] - 		round 8: 1.0305642936564983
[2024-12-23 23:12:18,292][flwr][INFO] - 		round 9: 0.8181604803260416
[2024-12-23 23:12:18,292][flwr][INFO] - 		round 10: 0.757704944005236
[2024-12-23 23:12:18,292][flwr][INFO] - 	History (loss, centralized):
[2024-12-23 23:12:18,292][flwr][INFO] - 		round 0: 181.6270546913147
[2024-12-23 23:12:18,292][flwr][INFO] - 		round 1: 104.63916528224945
[2024-12-23 23:12:18,292][flwr][INFO] - 		round 2: 39.5664818584919
[2024-12-23 23:12:18,292][flwr][INFO] - 		round 3: 22.149050939828157
[2024-12-23 23:12:18,292][flwr][INFO] - 		round 4: 16.222701516002417
[2024-12-23 23:12:18,293][flwr][INFO] - 		round 5: 14.570322206243873
[2024-12-23 23:12:18,293][flwr][INFO] - 		round 6: 12.3537263199687
[2024-12-23 23:12:18,293][flwr][INFO] - 		round 7: 11.256378784775734
[2024-12-23 23:12:18,293][flwr][INFO] - 		round 8: 10.737511624582112
[2024-12-23 23:12:18,293][flwr][INFO] - 		round 9: 9.602714823093265
[2024-12-23 23:12:18,293][flwr][INFO] - 		round 10: 8.20483454503119
[2024-12-23 23:12:18,293][flwr][INFO] - 	History (metrics, centralized):
[2024-12-23 23:12:18,293][flwr][INFO] - 	{'accuracy': [(0, 0.0974),
[2024-12-23 23:12:18,293][flwr][INFO] - 	              (1, 0.6657),
[2024-12-23 23:12:18,293][flwr][INFO] - 	              (2, 0.8509),
[2024-12-23 23:12:18,293][flwr][INFO] - 	              (3, 0.9159),
[2024-12-23 23:12:18,293][flwr][INFO] - 	              (4, 0.9396),
[2024-12-23 23:12:18,294][flwr][INFO] - 	              (5, 0.9485),
[2024-12-23 23:12:18,294][flwr][INFO] - 	              (6, 0.95),
[2024-12-23 23:12:18,294][flwr][INFO] - 	              (7, 0.9578),
[2024-12-23 23:12:18,294][flwr][INFO] - 	              (8, 0.9583),
[2024-12-23 23:12:18,294][flwr][INFO] - 	              (9, 0.9638),
[2024-12-23 23:12:18,294][flwr][INFO] - 	              (10, 0.9665)]}
[2024-12-23 23:12:18,294][flwr][INFO] - 
