[2024-12-22 23:41:37,702][flwr][INFO] - Starting Flower simulation, config: num_rounds=10, no round_timeout
[2024-12-22 23:41:41,202][flwr][INFO] - Flower VCE: Ray initialized with resources: {'object_store_memory': 2601402777.0, 'memory': 5202805556.0, 'node:__internal_head__': 1.0, 'node:192.168.1.11': 1.0, 'CPU': 12.0}
[2024-12-22 23:41:41,202][flwr][INFO] - Optimize your simulation with Flower VCE: https://flower.ai/docs/framework/how-to-run-simulations.html
[2024-12-22 23:41:41,202][flwr][INFO] - Flower VCE: Resources for each Virtual Client: {'num_cpus': 2, 'num_gpus': 0}
[2024-12-22 23:41:41,211][flwr][INFO] - Flower VCE: Creating VirtualClientEngineActorPool with 6 actors
[2024-12-22 23:41:41,212][flwr][INFO] - [INIT]
[2024-12-22 23:41:41,212][flwr][INFO] - Requesting initial parameters from one random client
[2024-12-22 23:41:43,914][flwr][INFO] - Received initial parameters from one random client
[2024-12-22 23:41:43,914][flwr][INFO] - Starting evaluation of initial global parameters
[2024-12-22 23:41:45,345][flwr][INFO] - initial parameters (loss, other metrics): 182.11590433120728, {'accuracy': 0.0958}
[2024-12-22 23:41:45,345][flwr][INFO] - 
[2024-12-22 23:41:45,345][flwr][INFO] - [ROUND 1]
[2024-12-22 23:41:45,345][flwr][INFO] - configure_fit: strategy sampled 10 clients (out of 100)
[2024-12-22 23:41:50,627][flwr][INFO] - aggregate_fit: received 10 results and 0 failures
[2024-12-22 23:41:50,761][flwr][WARNING] - No fit_metrics_aggregation_fn provided
[2024-12-22 23:41:52,030][flwr][INFO] - fit progress: (1, 181.32942366600037, {'accuracy': 0.1018}, 6.6852252710014)
[2024-12-22 23:41:52,031][flwr][INFO] - configure_evaluate: strategy sampled 25 clients (out of 100)
[2024-12-22 23:41:54,469][flwr][INFO] - aggregate_evaluate: received 25 results and 0 failures
[2024-12-22 23:41:54,470][flwr][WARNING] - No evaluate_metrics_aggregation_fn provided
[2024-12-22 23:41:54,470][flwr][INFO] - 
[2024-12-22 23:41:54,470][flwr][INFO] - [ROUND 2]
[2024-12-22 23:41:54,470][flwr][INFO] - configure_fit: strategy sampled 10 clients (out of 100)
[2024-12-22 23:41:56,001][flwr][INFO] - aggregate_fit: received 10 results and 0 failures
[2024-12-22 23:41:57,290][flwr][INFO] - fit progress: (2, 180.22433710098267, {'accuracy': 0.1263}, 11.944803919999686)
[2024-12-22 23:41:57,290][flwr][INFO] - configure_evaluate: strategy sampled 25 clients (out of 100)
[2024-12-22 23:41:59,651][flwr][INFO] - aggregate_evaluate: received 25 results and 0 failures
[2024-12-22 23:41:59,651][flwr][INFO] - 
[2024-12-22 23:41:59,651][flwr][INFO] - [ROUND 3]
[2024-12-22 23:41:59,651][flwr][INFO] - configure_fit: strategy sampled 10 clients (out of 100)
[2024-12-22 23:42:01,180][flwr][INFO] - aggregate_fit: received 10 results and 0 failures
[2024-12-22 23:42:02,972][flwr][INFO] - fit progress: (3, 177.66881132125854, {'accuracy': 0.3246}, 17.6272816769997)
[2024-12-22 23:42:02,973][flwr][INFO] - configure_evaluate: strategy sampled 25 clients (out of 100)
[2024-12-22 23:42:05,313][flwr][INFO] - aggregate_evaluate: received 25 results and 0 failures
[2024-12-22 23:42:05,313][flwr][INFO] - 
[2024-12-22 23:42:05,313][flwr][INFO] - [ROUND 4]
[2024-12-22 23:42:05,313][flwr][INFO] - configure_fit: strategy sampled 10 clients (out of 100)
[2024-12-22 23:42:06,844][flwr][INFO] - aggregate_fit: received 10 results and 0 failures
[2024-12-22 23:42:08,432][flwr][INFO] - fit progress: (4, 169.28009867668152, {'accuracy': 0.5113}, 23.086937331005174)
[2024-12-22 23:42:08,432][flwr][INFO] - configure_evaluate: strategy sampled 25 clients (out of 100)
[2024-12-22 23:42:10,923][flwr][INFO] - aggregate_evaluate: received 25 results and 0 failures
[2024-12-22 23:42:10,924][flwr][INFO] - 
[2024-12-22 23:42:10,924][flwr][INFO] - [ROUND 5]
[2024-12-22 23:42:10,924][flwr][INFO] - configure_fit: strategy sampled 10 clients (out of 100)
[2024-12-22 23:42:12,656][flwr][INFO] - aggregate_fit: received 10 results and 0 failures
[2024-12-22 23:42:13,987][flwr][INFO] - fit progress: (5, 122.7545177936554, {'accuracy': 0.6046}, 28.642366058003972)
[2024-12-22 23:42:13,988][flwr][INFO] - configure_evaluate: strategy sampled 25 clients (out of 100)
[2024-12-22 23:42:16,610][flwr][INFO] - aggregate_evaluate: received 25 results and 0 failures
[2024-12-22 23:42:16,611][flwr][INFO] - 
[2024-12-22 23:42:16,611][flwr][INFO] - [ROUND 6]
[2024-12-22 23:42:16,611][flwr][INFO] - configure_fit: strategy sampled 10 clients (out of 100)
[2024-12-22 23:42:18,165][flwr][INFO] - aggregate_fit: received 10 results and 0 failures
[2024-12-22 23:42:19,877][flwr][INFO] - fit progress: (6, 55.470190584659576, {'accuracy': 0.7952}, 34.53239900600602)
[2024-12-22 23:42:19,878][flwr][INFO] - configure_evaluate: strategy sampled 25 clients (out of 100)
[2024-12-22 23:42:22,286][flwr][INFO] - aggregate_evaluate: received 25 results and 0 failures
[2024-12-22 23:42:22,286][flwr][INFO] - 
[2024-12-22 23:42:22,286][flwr][INFO] - [ROUND 7]
[2024-12-22 23:42:22,286][flwr][INFO] - configure_fit: strategy sampled 10 clients (out of 100)
[2024-12-22 23:42:23,777][flwr][INFO] - aggregate_fit: received 10 results and 0 failures
[2024-12-22 23:42:25,345][flwr][INFO] - fit progress: (7, 41.58020558953285, {'accuracy': 0.8313}, 40.00010332900274)
[2024-12-22 23:42:25,345][flwr][INFO] - configure_evaluate: strategy sampled 25 clients (out of 100)
[2024-12-22 23:42:27,825][flwr][INFO] - aggregate_evaluate: received 25 results and 0 failures
[2024-12-22 23:42:27,826][flwr][INFO] - 
[2024-12-22 23:42:27,826][flwr][INFO] - [ROUND 8]
[2024-12-22 23:42:27,826][flwr][INFO] - configure_fit: strategy sampled 10 clients (out of 100)
[2024-12-22 23:42:29,304][flwr][INFO] - aggregate_fit: received 10 results and 0 failures
[2024-12-22 23:42:30,683][flwr][INFO] - fit progress: (8, 33.605027072131634, {'accuracy': 0.8695}, 45.338365300005535)
[2024-12-22 23:42:30,684][flwr][INFO] - configure_evaluate: strategy sampled 25 clients (out of 100)
[2024-12-22 23:42:33,012][flwr][INFO] - aggregate_evaluate: received 25 results and 0 failures
[2024-12-22 23:42:33,013][flwr][INFO] - 
[2024-12-22 23:42:33,013][flwr][INFO] - [ROUND 9]
[2024-12-22 23:42:33,013][flwr][INFO] - configure_fit: strategy sampled 10 clients (out of 100)
[2024-12-22 23:42:34,716][flwr][INFO] - aggregate_fit: received 10 results and 0 failures
[2024-12-22 23:42:36,434][flwr][INFO] - fit progress: (9, 28.509256288409233, {'accuracy': 0.8905}, 51.08877496000059)
[2024-12-22 23:42:36,434][flwr][INFO] - configure_evaluate: strategy sampled 25 clients (out of 100)
[2024-12-22 23:42:38,961][flwr][INFO] - aggregate_evaluate: received 25 results and 0 failures
[2024-12-22 23:42:38,961][flwr][INFO] - 
[2024-12-22 23:42:38,961][flwr][INFO] - [ROUND 10]
[2024-12-22 23:42:38,962][flwr][INFO] - configure_fit: strategy sampled 10 clients (out of 100)
[2024-12-22 23:42:40,597][flwr][INFO] - aggregate_fit: received 10 results and 0 failures
[2024-12-22 23:42:41,961][flwr][INFO] - fit progress: (10, 26.41496978700161, {'accuracy': 0.8976}, 56.61617745300464)
[2024-12-22 23:42:41,962][flwr][INFO] - configure_evaluate: strategy sampled 25 clients (out of 100)
[2024-12-22 23:42:44,489][flwr][INFO] - aggregate_evaluate: received 25 results and 0 failures
[2024-12-22 23:42:44,490][flwr][INFO] - 
[2024-12-22 23:42:44,490][flwr][INFO] - [SUMMARY]
[2024-12-22 23:42:44,490][flwr][INFO] - Run finished 10 round(s) in 59.14s
[2024-12-22 23:42:44,490][flwr][INFO] - 	History (loss, distributed):
[2024-12-22 23:42:44,490][flwr][INFO] - 		round 1: 4.590463304519654
[2024-12-22 23:42:44,490][flwr][INFO] - 		round 2: 4.563149299621582
[2024-12-22 23:42:44,490][flwr][INFO] - 		round 3: 4.497214345932007
[2024-12-22 23:42:44,490][flwr][INFO] - 		round 4: 4.280971565246582
[2024-12-22 23:42:44,490][flwr][INFO] - 		round 5: 3.1522221994400024
[2024-12-22 23:42:44,490][flwr][INFO] - 		round 6: 1.444529334306717
[2024-12-22 23:42:44,491][flwr][INFO] - 		round 7: 1.1527382338047027
[2024-12-22 23:42:44,491][flwr][INFO] - 		round 8: 0.925827008485794
[2024-12-22 23:42:44,491][flwr][INFO] - 		round 9: 0.7388055425882339
[2024-12-22 23:42:44,491][flwr][INFO] - 		round 10: 0.7058922857046127
[2024-12-22 23:42:44,491][flwr][INFO] - 	History (loss, centralized):
[2024-12-22 23:42:44,491][flwr][INFO] - 		round 0: 182.11590433120728
[2024-12-22 23:42:44,491][flwr][INFO] - 		round 1: 181.32942366600037
[2024-12-22 23:42:44,491][flwr][INFO] - 		round 2: 180.22433710098267
[2024-12-22 23:42:44,491][flwr][INFO] - 		round 3: 177.66881132125854
[2024-12-22 23:42:44,491][flwr][INFO] - 		round 4: 169.28009867668152
[2024-12-22 23:42:44,491][flwr][INFO] - 		round 5: 122.7545177936554
[2024-12-22 23:42:44,491][flwr][INFO] - 		round 6: 55.470190584659576
[2024-12-22 23:42:44,491][flwr][INFO] - 		round 7: 41.58020558953285
[2024-12-22 23:42:44,491][flwr][INFO] - 		round 8: 33.605027072131634
[2024-12-22 23:42:44,491][flwr][INFO] - 		round 9: 28.509256288409233
[2024-12-22 23:42:44,491][flwr][INFO] - 		round 10: 26.41496978700161
[2024-12-22 23:42:44,491][flwr][INFO] - 	History (metrics, centralized):
[2024-12-22 23:42:44,491][flwr][INFO] - 	{'accuracy': [(0, 0.0958),
[2024-12-22 23:42:44,491][flwr][INFO] - 	              (1, 0.1018),
[2024-12-22 23:42:44,491][flwr][INFO] - 	              (2, 0.1263),
[2024-12-22 23:42:44,491][flwr][INFO] - 	              (3, 0.3246),
[2024-12-22 23:42:44,491][flwr][INFO] - 	              (4, 0.5113),
[2024-12-22 23:42:44,491][flwr][INFO] - 	              (5, 0.6046),
[2024-12-22 23:42:44,491][flwr][INFO] - 	              (6, 0.7952),
[2024-12-22 23:42:44,491][flwr][INFO] - 	              (7, 0.8313),
[2024-12-22 23:42:44,491][flwr][INFO] - 	              (8, 0.8695),
[2024-12-22 23:42:44,492][flwr][INFO] - 	              (9, 0.8905),
[2024-12-22 23:42:44,492][flwr][INFO] - 	              (10, 0.8976)]}
[2024-12-22 23:42:44,492][flwr][INFO] - 
