[2024-12-23 22:53:20,313][flwr][INFO] - Starting Flower simulation, config: num_rounds=10, no round_timeout
[2024-12-23 22:53:24,126][flwr][INFO] - Flower VCE: Ray initialized with resources: {'node:__internal_head__': 1.0, 'node:192.168.1.11': 1.0, 'CPU': 12.0, 'memory': 4600698471.0, 'object_store_memory': 2300349235.0}
[2024-12-23 22:53:24,126][flwr][INFO] - Optimize your simulation with Flower VCE: https://flower.ai/docs/framework/how-to-run-simulations.html
[2024-12-23 22:53:24,126][flwr][INFO] - Flower VCE: Resources for each Virtual Client: {'num_cpus': 2, 'num_gpus': 0}
[2024-12-23 22:53:24,134][flwr][INFO] - Flower VCE: Creating VirtualClientEngineActorPool with 6 actors
[2024-12-23 22:53:24,136][flwr][INFO] - [INIT]
[2024-12-23 22:53:24,137][flwr][INFO] - Requesting initial parameters from one random client
[2024-12-23 22:53:26,454][flwr][INFO] - Received initial parameters from one random client
[2024-12-23 22:53:26,455][flwr][INFO] - Starting evaluation of initial global parameters
[2024-12-23 22:53:27,359][flwr][INFO] - initial parameters (loss, other metrics): 181.58359003067017, {'accuracy': 0.1155}
[2024-12-23 22:53:27,359][flwr][INFO] - 
[2024-12-23 22:53:27,359][flwr][INFO] - [ROUND 1]
[2024-12-23 22:53:27,359][flwr][INFO] - configure_fit: strategy sampled 10 clients (out of 100)
[2024-12-23 22:53:31,550][flwr][INFO] - aggregate_fit: received 10 results and 0 failures
[2024-12-23 22:53:31,566][flwr][WARNING] - No fit_metrics_aggregation_fn provided
[2024-12-23 22:53:32,645][flwr][INFO] - fit progress: (1, 180.97819900512695, {'accuracy': 0.1158}, 5.286037871992448)
[2024-12-23 22:53:32,645][flwr][INFO] - configure_evaluate: strategy sampled 25 clients (out of 100)
[2024-12-23 22:53:35,150][flwr][INFO] - aggregate_evaluate: received 25 results and 0 failures
[2024-12-23 22:53:35,150][flwr][WARNING] - No evaluate_metrics_aggregation_fn provided
[2024-12-23 22:53:35,151][flwr][INFO] - 
[2024-12-23 22:53:35,151][flwr][INFO] - [ROUND 2]
[2024-12-23 22:53:35,151][flwr][INFO] - configure_fit: strategy sampled 10 clients (out of 100)
[2024-12-23 22:53:36,489][flwr][INFO] - aggregate_fit: received 10 results and 0 failures
[2024-12-23 22:53:38,395][flwr][INFO] - fit progress: (2, 180.34064722061157, {'accuracy': 0.1345}, 11.036378287986736)
[2024-12-23 22:53:38,396][flwr][INFO] - configure_evaluate: strategy sampled 25 clients (out of 100)
[2024-12-23 22:53:40,776][flwr][INFO] - aggregate_evaluate: received 25 results and 0 failures
[2024-12-23 22:53:40,777][flwr][INFO] - 
[2024-12-23 22:53:40,777][flwr][INFO] - [ROUND 3]
[2024-12-23 22:53:40,777][flwr][INFO] - configure_fit: strategy sampled 10 clients (out of 100)
[2024-12-23 22:53:42,025][flwr][INFO] - aggregate_fit: received 10 results and 0 failures
[2024-12-23 22:53:44,243][flwr][INFO] - fit progress: (3, 179.57406544685364, {'accuracy': 0.2046}, 16.88393935498607)
[2024-12-23 22:53:44,243][flwr][INFO] - configure_evaluate: strategy sampled 25 clients (out of 100)
[2024-12-23 22:53:46,454][flwr][INFO] - aggregate_evaluate: received 25 results and 0 failures
[2024-12-23 22:53:46,455][flwr][INFO] - 
[2024-12-23 22:53:46,455][flwr][INFO] - [ROUND 4]
[2024-12-23 22:53:46,456][flwr][INFO] - configure_fit: strategy sampled 10 clients (out of 100)
[2024-12-23 22:53:47,659][flwr][INFO] - aggregate_fit: received 10 results and 0 failures
[2024-12-23 22:53:48,790][flwr][INFO] - fit progress: (4, 178.52436113357544, {'accuracy': 0.3528}, 21.431476127996575)
[2024-12-23 22:53:48,791][flwr][INFO] - configure_evaluate: strategy sampled 25 clients (out of 100)
[2024-12-23 22:53:51,244][flwr][INFO] - aggregate_evaluate: received 25 results and 0 failures
[2024-12-23 22:53:51,245][flwr][INFO] - 
[2024-12-23 22:53:51,245][flwr][INFO] - [ROUND 5]
[2024-12-23 22:53:51,245][flwr][INFO] - configure_fit: strategy sampled 10 clients (out of 100)
[2024-12-23 22:53:52,542][flwr][INFO] - aggregate_fit: received 10 results and 0 failures
[2024-12-23 22:53:54,285][flwr][INFO] - fit progress: (5, 177.0082142353058, {'accuracy': 0.4777}, 26.92624096799409)
[2024-12-23 22:53:54,285][flwr][INFO] - configure_evaluate: strategy sampled 25 clients (out of 100)
[2024-12-23 22:53:56,569][flwr][INFO] - aggregate_evaluate: received 25 results and 0 failures
[2024-12-23 22:53:56,570][flwr][INFO] - 
[2024-12-23 22:53:56,570][flwr][INFO] - [ROUND 6]
[2024-12-23 22:53:56,571][flwr][INFO] - configure_fit: strategy sampled 10 clients (out of 100)
[2024-12-23 22:53:57,837][flwr][INFO] - aggregate_fit: received 10 results and 0 failures
[2024-12-23 22:53:58,938][flwr][INFO] - fit progress: (6, 174.57412266731262, {'accuracy': 0.5384}, 31.578965491993586)
[2024-12-23 22:53:58,938][flwr][INFO] - configure_evaluate: strategy sampled 25 clients (out of 100)
[2024-12-23 22:54:01,388][flwr][INFO] - aggregate_evaluate: received 25 results and 0 failures
[2024-12-23 22:54:01,389][flwr][INFO] - 
[2024-12-23 22:54:01,389][flwr][INFO] - [ROUND 7]
[2024-12-23 22:54:01,389][flwr][INFO] - configure_fit: strategy sampled 10 clients (out of 100)
[2024-12-23 22:54:02,678][flwr][INFO] - aggregate_fit: received 10 results and 0 failures
[2024-12-23 22:54:03,869][flwr][INFO] - fit progress: (7, 170.31432914733887, {'accuracy': 0.5518}, 36.50962535999133)
[2024-12-23 22:54:03,869][flwr][INFO] - configure_evaluate: strategy sampled 25 clients (out of 100)
[2024-12-23 22:54:06,478][flwr][INFO] - aggregate_evaluate: received 25 results and 0 failures
[2024-12-23 22:54:06,479][flwr][INFO] - 
[2024-12-23 22:54:06,479][flwr][INFO] - [ROUND 8]
[2024-12-23 22:54:06,479][flwr][INFO] - configure_fit: strategy sampled 10 clients (out of 100)
[2024-12-23 22:54:07,717][flwr][INFO] - aggregate_fit: received 10 results and 0 failures
[2024-12-23 22:54:09,692][flwr][INFO] - fit progress: (8, 162.3691793680191, {'accuracy': 0.6061}, 42.33300343199517)
[2024-12-23 22:54:09,692][flwr][INFO] - configure_evaluate: strategy sampled 25 clients (out of 100)
[2024-12-23 22:54:12,234][flwr][INFO] - aggregate_evaluate: received 25 results and 0 failures
[2024-12-23 22:54:12,235][flwr][INFO] - 
[2024-12-23 22:54:12,235][flwr][INFO] - [ROUND 9]
[2024-12-23 22:54:12,236][flwr][INFO] - configure_fit: strategy sampled 10 clients (out of 100)
[2024-12-23 22:54:13,448][flwr][INFO] - aggregate_fit: received 10 results and 0 failures
[2024-12-23 22:54:14,449][flwr][INFO] - fit progress: (9, 145.25148558616638, {'accuracy': 0.6331}, 47.09046801899967)
[2024-12-23 22:54:14,450][flwr][INFO] - configure_evaluate: strategy sampled 25 clients (out of 100)
[2024-12-23 22:54:17,036][flwr][INFO] - aggregate_evaluate: received 25 results and 0 failures
[2024-12-23 22:54:17,036][flwr][INFO] - 
[2024-12-23 22:54:17,036][flwr][INFO] - [ROUND 10]
[2024-12-23 22:54:17,037][flwr][INFO] - configure_fit: strategy sampled 10 clients (out of 100)
[2024-12-23 22:54:18,305][flwr][INFO] - aggregate_fit: received 10 results and 0 failures
[2024-12-23 22:54:19,990][flwr][INFO] - fit progress: (10, 111.81995415687561, {'accuracy': 0.6737}, 52.6312203189882)
[2024-12-23 22:54:19,990][flwr][INFO] - configure_evaluate: strategy sampled 25 clients (out of 100)
[2024-12-23 22:54:22,596][flwr][INFO] - aggregate_evaluate: received 25 results and 0 failures
[2024-12-23 22:54:22,596][flwr][INFO] - 
[2024-12-23 22:54:22,596][flwr][INFO] - [SUMMARY]
[2024-12-23 22:54:22,597][flwr][INFO] - Run finished 10 round(s) in 55.24s
[2024-12-23 22:54:22,597][flwr][INFO] - 	History (loss, distributed):
[2024-12-23 22:54:22,597][flwr][INFO] - 		round 1: 2.292940788269043
[2024-12-23 22:54:22,597][flwr][INFO] - 		round 2: 2.284190845489502
[2024-12-23 22:54:22,597][flwr][INFO] - 		round 3: 2.272666015625
[2024-12-23 22:54:22,597][flwr][INFO] - 		round 4: 2.2618546867370606
[2024-12-23 22:54:22,597][flwr][INFO] - 		round 5: 2.2428320693969725
[2024-12-23 22:54:22,597][flwr][INFO] - 		round 6: 2.211749038696289
[2024-12-23 22:54:22,598][flwr][INFO] - 		round 7: 2.154603137969971
[2024-12-23 22:54:22,598][flwr][INFO] - 		round 8: 2.059208517074585
[2024-12-23 22:54:22,598][flwr][INFO] - 		round 9: 1.8376757764816285
[2024-12-23 22:54:22,598][flwr][INFO] - 		round 10: 1.4376224660873413
[2024-12-23 22:54:22,598][flwr][INFO] - 	History (loss, centralized):
[2024-12-23 22:54:22,598][flwr][INFO] - 		round 0: 181.58359003067017
[2024-12-23 22:54:22,598][flwr][INFO] - 		round 1: 180.97819900512695
[2024-12-23 22:54:22,598][flwr][INFO] - 		round 2: 180.34064722061157
[2024-12-23 22:54:22,598][flwr][INFO] - 		round 3: 179.57406544685364
[2024-12-23 22:54:22,598][flwr][INFO] - 		round 4: 178.52436113357544
[2024-12-23 22:54:22,598][flwr][INFO] - 		round 5: 177.0082142353058
[2024-12-23 22:54:22,598][flwr][INFO] - 		round 6: 174.57412266731262
[2024-12-23 22:54:22,598][flwr][INFO] - 		round 7: 170.31432914733887
[2024-12-23 22:54:22,598][flwr][INFO] - 		round 8: 162.3691793680191
[2024-12-23 22:54:22,598][flwr][INFO] - 		round 9: 145.25148558616638
[2024-12-23 22:54:22,598][flwr][INFO] - 		round 10: 111.81995415687561
[2024-12-23 22:54:22,599][flwr][INFO] - 	History (metrics, centralized):
[2024-12-23 22:54:22,599][flwr][INFO] - 	{'accuracy': [(0, 0.1155),
[2024-12-23 22:54:22,599][flwr][INFO] - 	              (1, 0.1158),
[2024-12-23 22:54:22,599][flwr][INFO] - 	              (2, 0.1345),
[2024-12-23 22:54:22,599][flwr][INFO] - 	              (3, 0.2046),
[2024-12-23 22:54:22,599][flwr][INFO] - 	              (4, 0.3528),
[2024-12-23 22:54:22,599][flwr][INFO] - 	              (5, 0.4777),
[2024-12-23 22:54:22,599][flwr][INFO] - 	              (6, 0.5384),
[2024-12-23 22:54:22,599][flwr][INFO] - 	              (7, 0.5518),
[2024-12-23 22:54:22,599][flwr][INFO] - 	              (8, 0.6061),
[2024-12-23 22:54:22,599][flwr][INFO] - 	              (9, 0.6331),
[2024-12-23 22:54:22,599][flwr][INFO] - 	              (10, 0.6737)]}
[2024-12-23 22:54:22,599][flwr][INFO] - 
