[2024-12-23 23:14:52,564][flwr][INFO] - Starting Flower simulation, config: num_rounds=10, no round_timeout
[2024-12-23 23:14:56,083][flwr][INFO] - Flower VCE: Ray initialized with resources: {'node:__internal_head__': 1.0, 'node:192.168.1.11': 1.0, 'CPU': 12.0, 'object_store_memory': 2188441190.0, 'memory': 4376882382.0}
[2024-12-23 23:14:56,083][flwr][INFO] - Optimize your simulation with Flower VCE: https://flower.ai/docs/framework/how-to-run-simulations.html
[2024-12-23 23:14:56,083][flwr][INFO] - Flower VCE: Resources for each Virtual Client: {'num_cpus': 2, 'num_gpus': 0}
[2024-12-23 23:14:56,090][flwr][INFO] - Flower VCE: Creating VirtualClientEngineActorPool with 6 actors
[2024-12-23 23:14:56,091][flwr][INFO] - [INIT]
[2024-12-23 23:14:56,091][flwr][INFO] - Requesting initial parameters from one random client
[2024-12-23 23:14:58,827][flwr][INFO] - Received initial parameters from one random client
[2024-12-23 23:14:58,828][flwr][INFO] - Starting evaluation of initial global parameters
[2024-12-23 23:15:00,170][flwr][INFO] - initial parameters (loss, other metrics): 182.6012101173401, {'accuracy': 0.0923}
[2024-12-23 23:15:00,170][flwr][INFO] - 
[2024-12-23 23:15:00,170][flwr][INFO] - [ROUND 1]
[2024-12-23 23:15:00,171][flwr][INFO] - configure_fit: strategy sampled 10 clients (out of 100)
[2024-12-23 23:15:05,519][flwr][INFO] - aggregate_fit: received 10 results and 0 failures
[2024-12-23 23:15:05,538][flwr][WARNING] - No fit_metrics_aggregation_fn provided
[2024-12-23 23:15:07,561][flwr][INFO] - fit progress: (1, 179.0375485420227, {'accuracy': 0.3166}, 7.3909397479874315)
[2024-12-23 23:15:07,562][flwr][INFO] - configure_evaluate: strategy sampled 25 clients (out of 100)
[2024-12-23 23:15:10,098][flwr][INFO] - aggregate_evaluate: received 25 results and 0 failures
[2024-12-23 23:15:10,098][flwr][WARNING] - No evaluate_metrics_aggregation_fn provided
[2024-12-23 23:15:10,098][flwr][INFO] - 
[2024-12-23 23:15:10,098][flwr][INFO] - [ROUND 2]
[2024-12-23 23:15:10,098][flwr][INFO] - configure_fit: strategy sampled 10 clients (out of 100)
[2024-12-23 23:15:11,663][flwr][INFO] - aggregate_fit: received 10 results and 0 failures
[2024-12-23 23:15:13,125][flwr][INFO] - fit progress: (2, 172.1928334236145, {'accuracy': 0.4247}, 12.955089094990399)
[2024-12-23 23:15:13,126][flwr][INFO] - configure_evaluate: strategy sampled 25 clients (out of 100)
[2024-12-23 23:15:15,733][flwr][INFO] - aggregate_evaluate: received 25 results and 0 failures
[2024-12-23 23:15:15,733][flwr][INFO] - 
[2024-12-23 23:15:15,733][flwr][INFO] - [ROUND 3]
[2024-12-23 23:15:15,735][flwr][INFO] - configure_fit: strategy sampled 10 clients (out of 100)
[2024-12-23 23:15:17,377][flwr][INFO] - aggregate_fit: received 10 results and 0 failures
[2024-12-23 23:15:18,910][flwr][INFO] - fit progress: (3, 140.4014881849289, {'accuracy': 0.5808}, 18.74011300499842)
[2024-12-23 23:15:18,911][flwr][INFO] - configure_evaluate: strategy sampled 25 clients (out of 100)
[2024-12-23 23:15:21,202][flwr][INFO] - aggregate_evaluate: received 25 results and 0 failures
[2024-12-23 23:15:21,202][flwr][INFO] - 
[2024-12-23 23:15:21,202][flwr][INFO] - [ROUND 4]
[2024-12-23 23:15:21,203][flwr][INFO] - configure_fit: strategy sampled 10 clients (out of 100)
[2024-12-23 23:15:22,806][flwr][INFO] - aggregate_fit: received 10 results and 0 failures
[2024-12-23 23:15:24,385][flwr][INFO] - fit progress: (4, 75.61765486001968, {'accuracy': 0.6978}, 24.21464161199401)
[2024-12-23 23:15:24,385][flwr][INFO] - configure_evaluate: strategy sampled 25 clients (out of 100)
[2024-12-23 23:15:26,849][flwr][INFO] - aggregate_evaluate: received 25 results and 0 failures
[2024-12-23 23:15:26,849][flwr][INFO] - 
[2024-12-23 23:15:26,849][flwr][INFO] - [ROUND 5]
[2024-12-23 23:15:26,849][flwr][INFO] - configure_fit: strategy sampled 10 clients (out of 100)
[2024-12-23 23:15:28,394][flwr][INFO] - aggregate_fit: received 10 results and 0 failures
[2024-12-23 23:15:29,916][flwr][INFO] - fit progress: (5, 55.62349817156792, {'accuracy': 0.7847}, 29.7452326539933)
[2024-12-23 23:15:29,916][flwr][INFO] - configure_evaluate: strategy sampled 25 clients (out of 100)
[2024-12-23 23:15:32,326][flwr][INFO] - aggregate_evaluate: received 25 results and 0 failures
[2024-12-23 23:15:32,326][flwr][INFO] - 
[2024-12-23 23:15:32,327][flwr][INFO] - [ROUND 6]
[2024-12-23 23:15:32,327][flwr][INFO] - configure_fit: strategy sampled 10 clients (out of 100)
[2024-12-23 23:15:33,807][flwr][INFO] - aggregate_fit: received 10 results and 0 failures
[2024-12-23 23:15:35,510][flwr][INFO] - fit progress: (6, 46.50189037621021, {'accuracy': 0.8109}, 35.339561458997196)
[2024-12-23 23:15:35,510][flwr][INFO] - configure_evaluate: strategy sampled 25 clients (out of 100)
[2024-12-23 23:15:37,729][flwr][INFO] - aggregate_evaluate: received 25 results and 0 failures
[2024-12-23 23:15:37,729][flwr][INFO] - 
[2024-12-23 23:15:37,729][flwr][INFO] - [ROUND 7]
[2024-12-23 23:15:37,729][flwr][INFO] - configure_fit: strategy sampled 10 clients (out of 100)
[2024-12-23 23:15:39,155][flwr][INFO] - aggregate_fit: received 10 results and 0 failures
[2024-12-23 23:15:40,907][flwr][INFO] - fit progress: (7, 38.646309211850166, {'accuracy': 0.8436}, 40.7370458739897)
[2024-12-23 23:15:40,908][flwr][INFO] - configure_evaluate: strategy sampled 25 clients (out of 100)
[2024-12-23 23:15:43,227][flwr][INFO] - aggregate_evaluate: received 25 results and 0 failures
[2024-12-23 23:15:43,227][flwr][INFO] - 
[2024-12-23 23:15:43,227][flwr][INFO] - [ROUND 8]
[2024-12-23 23:15:43,227][flwr][INFO] - configure_fit: strategy sampled 10 clients (out of 100)
[2024-12-23 23:15:44,687][flwr][INFO] - aggregate_fit: received 10 results and 0 failures
[2024-12-23 23:15:45,955][flwr][INFO] - fit progress: (8, 31.797937780618668, {'accuracy': 0.8791}, 45.78435686699231)
[2024-12-23 23:15:45,955][flwr][INFO] - configure_evaluate: strategy sampled 25 clients (out of 100)
[2024-12-23 23:15:48,260][flwr][INFO] - aggregate_evaluate: received 25 results and 0 failures
[2024-12-23 23:15:48,261][flwr][INFO] - 
[2024-12-23 23:15:48,261][flwr][INFO] - [ROUND 9]
[2024-12-23 23:15:48,261][flwr][INFO] - configure_fit: strategy sampled 10 clients (out of 100)
[2024-12-23 23:15:49,755][flwr][INFO] - aggregate_fit: received 10 results and 0 failures
[2024-12-23 23:15:51,073][flwr][INFO] - fit progress: (9, 29.948072664439678, {'accuracy': 0.8786}, 50.90306004798913)
[2024-12-23 23:15:51,074][flwr][INFO] - configure_evaluate: strategy sampled 25 clients (out of 100)
[2024-12-23 23:15:53,479][flwr][INFO] - aggregate_evaluate: received 25 results and 0 failures
[2024-12-23 23:15:53,479][flwr][INFO] - 
[2024-12-23 23:15:53,479][flwr][INFO] - [ROUND 10]
[2024-12-23 23:15:53,479][flwr][INFO] - configure_fit: strategy sampled 10 clients (out of 100)
[2024-12-23 23:15:55,048][flwr][INFO] - aggregate_fit: received 10 results and 0 failures
[2024-12-23 23:15:56,814][flwr][INFO] - fit progress: (10, 28.337909899652004, {'accuracy': 0.8892}, 56.643906564990175)
[2024-12-23 23:15:56,815][flwr][INFO] - configure_evaluate: strategy sampled 25 clients (out of 100)
[2024-12-23 23:15:59,508][flwr][INFO] - aggregate_evaluate: received 25 results and 0 failures
[2024-12-23 23:15:59,509][flwr][INFO] - 
[2024-12-23 23:15:59,509][flwr][INFO] - [SUMMARY]
[2024-12-23 23:15:59,509][flwr][INFO] - Run finished 10 round(s) in 59.34s
[2024-12-23 23:15:59,509][flwr][INFO] - 	History (loss, distributed):
[2024-12-23 23:15:59,510][flwr][INFO] - 		round 1: 4.533279457092285
[2024-12-23 23:15:59,510][flwr][INFO] - 		round 2: 4.370304841995239
[2024-12-23 23:15:59,510][flwr][INFO] - 		round 3: 3.5664016103744505
[2024-12-23 23:15:59,510][flwr][INFO] - 		round 4: 2.0119772863388063
[2024-12-23 23:15:59,510][flwr][INFO] - 		round 5: 1.4066899931430816
[2024-12-23 23:15:59,510][flwr][INFO] - 		round 6: 1.1969066083431243
[2024-12-23 23:15:59,510][flwr][INFO] - 		round 7: 1.0111849468946457
[2024-12-23 23:15:59,510][flwr][INFO] - 		round 8: 0.8951314365863801
[2024-12-23 23:15:59,510][flwr][INFO] - 		round 9: 0.8480121910572052
[2024-12-23 23:15:59,511][flwr][INFO] - 		round 10: 0.7417098507285118
[2024-12-23 23:15:59,511][flwr][INFO] - 	History (loss, centralized):
[2024-12-23 23:15:59,511][flwr][INFO] - 		round 0: 182.6012101173401
[2024-12-23 23:15:59,511][flwr][INFO] - 		round 1: 179.0375485420227
[2024-12-23 23:15:59,511][flwr][INFO] - 		round 2: 172.1928334236145
[2024-12-23 23:15:59,511][flwr][INFO] - 		round 3: 140.4014881849289
[2024-12-23 23:15:59,511][flwr][INFO] - 		round 4: 75.61765486001968
[2024-12-23 23:15:59,511][flwr][INFO] - 		round 5: 55.62349817156792
[2024-12-23 23:15:59,511][flwr][INFO] - 		round 6: 46.50189037621021
[2024-12-23 23:15:59,511][flwr][INFO] - 		round 7: 38.646309211850166
[2024-12-23 23:15:59,512][flwr][INFO] - 		round 8: 31.797937780618668
[2024-12-23 23:15:59,512][flwr][INFO] - 		round 9: 29.948072664439678
[2024-12-23 23:15:59,512][flwr][INFO] - 		round 10: 28.337909899652004
[2024-12-23 23:15:59,512][flwr][INFO] - 	History (metrics, centralized):
[2024-12-23 23:15:59,512][flwr][INFO] - 	{'accuracy': [(0, 0.0923),
[2024-12-23 23:15:59,512][flwr][INFO] - 	              (1, 0.3166),
[2024-12-23 23:15:59,512][flwr][INFO] - 	              (2, 0.4247),
[2024-12-23 23:15:59,512][flwr][INFO] - 	              (3, 0.5808),
[2024-12-23 23:15:59,512][flwr][INFO] - 	              (4, 0.6978),
[2024-12-23 23:15:59,512][flwr][INFO] - 	              (5, 0.7847),
[2024-12-23 23:15:59,513][flwr][INFO] - 	              (6, 0.8109),
[2024-12-23 23:15:59,513][flwr][INFO] - 	              (7, 0.8436),
[2024-12-23 23:15:59,513][flwr][INFO] - 	              (8, 0.8791),
[2024-12-23 23:15:59,513][flwr][INFO] - 	              (9, 0.8786),
[2024-12-23 23:15:59,513][flwr][INFO] - 	              (10, 0.8892)]}
[2024-12-23 23:15:59,513][flwr][INFO] - 
