[2024-12-22 23:24:14,301][flwr][INFO] - Starting Flower simulation, config: num_rounds=10, no round_timeout
[2024-12-22 23:24:14,349][filelock][INFO] - Lock 132241911914608 acquired on /tmp/ray/session_2024-12-22_23-24-14_348811_742474/node_ip_address.json.lock
[2024-12-22 23:24:14,349][filelock][INFO] - Lock 132241911914608 released on /tmp/ray/session_2024-12-22_23-24-14_348811_742474/node_ip_address.json.lock
[2024-12-22 23:24:14,349][filelock][INFO] - Lock 132241911915040 acquired on /tmp/ray/session_2024-12-22_23-24-14_348811_742474/ports_by_node.json.lock
[2024-12-22 23:24:14,353][filelock][INFO] - Lock 132241911915040 released on /tmp/ray/session_2024-12-22_23-24-14_348811_742474/ports_by_node.json.lock
[2024-12-22 23:24:14,353][filelock][INFO] - Lock 132241911914896 acquired on /tmp/ray/session_2024-12-22_23-24-14_348811_742474/ports_by_node.json.lock
[2024-12-22 23:24:14,353][filelock][INFO] - Lock 132241911914896 released on /tmp/ray/session_2024-12-22_23-24-14_348811_742474/ports_by_node.json.lock
[2024-12-22 23:24:14,353][filelock][INFO] - Lock 132241911915136 acquired on /tmp/ray/session_2024-12-22_23-24-14_348811_742474/ports_by_node.json.lock
[2024-12-22 23:24:14,353][filelock][INFO] - Lock 132241911915136 released on /tmp/ray/session_2024-12-22_23-24-14_348811_742474/ports_by_node.json.lock
[2024-12-22 23:24:14,353][filelock][INFO] - Lock 132241911520608 acquired on /tmp/ray/session_2024-12-22_23-24-14_348811_742474/ports_by_node.json.lock
[2024-12-22 23:24:14,353][filelock][INFO] - Lock 132241911520608 released on /tmp/ray/session_2024-12-22_23-24-14_348811_742474/ports_by_node.json.lock
[2024-12-22 23:24:14,353][filelock][INFO] - Lock 132241911519504 acquired on /tmp/ray/session_2024-12-22_23-24-14_348811_742474/ports_by_node.json.lock
[2024-12-22 23:24:14,354][filelock][INFO] - Lock 132241911519504 released on /tmp/ray/session_2024-12-22_23-24-14_348811_742474/ports_by_node.json.lock
[2024-12-22 23:24:16,367][flwr][INFO] - Flower VCE: Ray initialized with resources: {'memory': 5358764852.0, 'object_store_memory': 2679382425.0, 'node:__internal_head__': 1.0, 'node:192.168.1.11': 1.0, 'CPU': 12.0}
[2024-12-22 23:24:16,368][flwr][INFO] - Optimize your simulation with Flower VCE: https://flower.ai/docs/framework/how-to-run-simulations.html
[2024-12-22 23:24:16,368][flwr][INFO] - Flower VCE: Resources for each Virtual Client: {'num_cpus': 2, 'num_gpus': 0}
[2024-12-22 23:24:16,376][flwr][INFO] - Flower VCE: Creating VirtualClientEngineActorPool with 6 actors
[2024-12-22 23:24:16,377][flwr][INFO] - [INIT]
[2024-12-22 23:24:16,377][flwr][INFO] - Requesting initial parameters from one random client
[2024-12-22 23:24:18,250][flwr][INFO] - Received initial parameters from one random client
[2024-12-22 23:24:18,250][flwr][INFO] - Starting evaluation of initial global parameters
[2024-12-22 23:24:18,914][flwr][INFO] - initial parameters (loss, other metrics): 181.90453219413757, {'accuracy': 0.1017}
[2024-12-22 23:24:18,914][flwr][INFO] - 
[2024-12-22 23:24:18,915][flwr][INFO] - [ROUND 1]
[2024-12-22 23:24:18,915][flwr][INFO] - configure_fit: strategy sampled 10 clients (out of 100)
[2024-12-22 23:24:21,872][flwr][INFO] - aggregate_fit: received 10 results and 0 failures
[2024-12-22 23:24:21,883][flwr][WARNING] - No fit_metrics_aggregation_fn provided
[2024-12-22 23:24:22,646][flwr][INFO] - fit progress: (1, 177.79164099693298, {'accuracy': 0.4132}, 3.73182740300399)
[2024-12-22 23:24:22,647][flwr][INFO] - configure_evaluate: strategy sampled 25 clients (out of 100)
[2024-12-22 23:24:24,310][flwr][INFO] - aggregate_evaluate: received 25 results and 0 failures
[2024-12-22 23:24:24,311][flwr][WARNING] - No evaluate_metrics_aggregation_fn provided
[2024-12-22 23:24:24,311][flwr][INFO] - 
[2024-12-22 23:24:24,311][flwr][INFO] - [ROUND 2]
[2024-12-22 23:24:24,311][flwr][INFO] - configure_fit: strategy sampled 10 clients (out of 100)
[2024-12-22 23:24:25,291][flwr][INFO] - aggregate_fit: received 10 results and 0 failures
[2024-12-22 23:24:26,367][flwr][INFO] - fit progress: (2, 138.47218012809753, {'accuracy': 0.5182}, 7.452248599001905)
[2024-12-22 23:24:26,367][flwr][INFO] - configure_evaluate: strategy sampled 25 clients (out of 100)
[2024-12-22 23:24:27,868][flwr][INFO] - aggregate_evaluate: received 25 results and 0 failures
[2024-12-22 23:24:27,868][flwr][INFO] - 
[2024-12-22 23:24:27,868][flwr][INFO] - [ROUND 3]
[2024-12-22 23:24:27,868][flwr][INFO] - configure_fit: strategy sampled 10 clients (out of 100)
[2024-12-22 23:24:29,038][flwr][INFO] - aggregate_fit: received 10 results and 0 failures
[2024-12-22 23:24:29,964][flwr][INFO] - fit progress: (3, 72.91645580530167, {'accuracy': 0.6889}, 11.049106940998172)
[2024-12-22 23:24:29,964][flwr][INFO] - configure_evaluate: strategy sampled 25 clients (out of 100)
[2024-12-22 23:24:31,613][flwr][INFO] - aggregate_evaluate: received 25 results and 0 failures
[2024-12-22 23:24:31,613][flwr][INFO] - 
[2024-12-22 23:24:31,613][flwr][INFO] - [ROUND 4]
[2024-12-22 23:24:31,613][flwr][INFO] - configure_fit: strategy sampled 10 clients (out of 100)
[2024-12-22 23:24:32,647][flwr][INFO] - aggregate_fit: received 10 results and 0 failures
[2024-12-22 23:24:33,586][flwr][INFO] - fit progress: (4, 54.44006299972534, {'accuracy': 0.7923}, 14.671667529000842)
[2024-12-22 23:24:33,586][flwr][INFO] - configure_evaluate: strategy sampled 25 clients (out of 100)
[2024-12-22 23:24:35,227][flwr][INFO] - aggregate_evaluate: received 25 results and 0 failures
[2024-12-22 23:24:35,228][flwr][INFO] - 
[2024-12-22 23:24:35,228][flwr][INFO] - [ROUND 5]
[2024-12-22 23:24:35,228][flwr][INFO] - configure_fit: strategy sampled 10 clients (out of 100)
[2024-12-22 23:24:36,267][flwr][INFO] - aggregate_fit: received 10 results and 0 failures
[2024-12-22 23:24:37,704][flwr][INFO] - fit progress: (5, 33.11614891886711, {'accuracy': 0.8729}, 18.7896735730028)
[2024-12-22 23:24:37,704][flwr][INFO] - configure_evaluate: strategy sampled 25 clients (out of 100)
[2024-12-22 23:24:39,630][flwr][INFO] - aggregate_evaluate: received 25 results and 0 failures
[2024-12-22 23:24:39,630][flwr][INFO] - 
[2024-12-22 23:24:39,630][flwr][INFO] - [ROUND 6]
[2024-12-22 23:24:39,630][flwr][INFO] - configure_fit: strategy sampled 10 clients (out of 100)
[2024-12-22 23:24:41,151][flwr][INFO] - aggregate_fit: received 10 results and 0 failures
[2024-12-22 23:24:42,575][flwr][INFO] - fit progress: (6, 24.691437229514122, {'accuracy': 0.9158}, 23.66055306400085)
[2024-12-22 23:24:42,575][flwr][INFO] - configure_evaluate: strategy sampled 25 clients (out of 100)
[2024-12-22 23:24:44,661][flwr][INFO] - aggregate_evaluate: received 25 results and 0 failures
[2024-12-22 23:24:44,661][flwr][INFO] - 
[2024-12-22 23:24:44,661][flwr][INFO] - [ROUND 7]
[2024-12-22 23:24:44,662][flwr][INFO] - configure_fit: strategy sampled 10 clients (out of 100)
[2024-12-22 23:24:46,019][flwr][INFO] - aggregate_fit: received 10 results and 0 failures
[2024-12-22 23:24:47,371][flwr][INFO] - fit progress: (7, 20.673156272619963, {'accuracy': 0.9239}, 28.456309515997418)
[2024-12-22 23:24:47,371][flwr][INFO] - configure_evaluate: strategy sampled 25 clients (out of 100)
[2024-12-22 23:24:49,266][flwr][INFO] - aggregate_evaluate: received 25 results and 0 failures
[2024-12-22 23:24:49,267][flwr][INFO] - 
[2024-12-22 23:24:49,267][flwr][INFO] - [ROUND 8]
[2024-12-22 23:24:49,267][flwr][INFO] - configure_fit: strategy sampled 10 clients (out of 100)
[2024-12-22 23:24:50,594][flwr][INFO] - aggregate_fit: received 10 results and 0 failures
[2024-12-22 23:24:51,967][flwr][INFO] - fit progress: (8, 18.532726142555475, {'accuracy': 0.9301}, 33.05230485100037)
[2024-12-22 23:24:51,967][flwr][INFO] - configure_evaluate: strategy sampled 25 clients (out of 100)
[2024-12-22 23:24:53,993][flwr][INFO] - aggregate_evaluate: received 25 results and 0 failures
[2024-12-22 23:24:53,994][flwr][INFO] - 
[2024-12-22 23:24:53,994][flwr][INFO] - [ROUND 9]
[2024-12-22 23:24:53,994][flwr][INFO] - configure_fit: strategy sampled 10 clients (out of 100)
[2024-12-22 23:24:55,440][flwr][INFO] - aggregate_fit: received 10 results and 0 failures
[2024-12-22 23:24:56,914][flwr][INFO] - fit progress: (9, 15.323372213169932, {'accuracy': 0.9394}, 37.99992884600215)
[2024-12-22 23:24:56,915][flwr][INFO] - configure_evaluate: strategy sampled 25 clients (out of 100)
[2024-12-22 23:24:58,944][flwr][INFO] - aggregate_evaluate: received 25 results and 0 failures
[2024-12-22 23:24:58,944][flwr][INFO] - 
[2024-12-22 23:24:58,944][flwr][INFO] - [ROUND 10]
[2024-12-22 23:24:58,945][flwr][INFO] - configure_fit: strategy sampled 10 clients (out of 100)
[2024-12-22 23:25:00,345][flwr][INFO] - aggregate_fit: received 10 results and 0 failures
[2024-12-22 23:25:02,254][flwr][INFO] - fit progress: (10, 14.287823615595698, {'accuracy': 0.946}, 43.33981231300277)
[2024-12-22 23:25:02,255][flwr][INFO] - configure_evaluate: strategy sampled 25 clients (out of 100)
[2024-12-22 23:25:04,343][flwr][INFO] - aggregate_evaluate: received 25 results and 0 failures
[2024-12-22 23:25:04,344][flwr][INFO] - 
[2024-12-22 23:25:04,344][flwr][INFO] - [SUMMARY]
[2024-12-22 23:25:04,344][flwr][INFO] - Run finished 10 round(s) in 45.43s
[2024-12-22 23:25:04,344][flwr][INFO] - 	History (loss, distributed):
[2024-12-22 23:25:04,344][flwr][INFO] - 		round 1: 6.755703105926513
[2024-12-22 23:25:04,344][flwr][INFO] - 		round 2: 5.280648174285889
[2024-12-22 23:25:04,345][flwr][INFO] - 		round 3: 2.7853417420387268
[2024-12-22 23:25:04,345][flwr][INFO] - 		round 4: 2.111112498044968
[2024-12-22 23:25:04,345][flwr][INFO] - 		round 5: 1.4025736755132676
[2024-12-22 23:25:04,345][flwr][INFO] - 		round 6: 1.0212987053394318
[2024-12-22 23:25:04,345][flwr][INFO] - 		round 7: 0.8589029642939567
[2024-12-22 23:25:04,345][flwr][INFO] - 		round 8: 0.8181402961909771
[2024-12-22 23:25:04,345][flwr][INFO] - 		round 9: 0.6350073941797018
[2024-12-22 23:25:04,345][flwr][INFO] - 		round 10: 0.5783836941421032
[2024-12-22 23:25:04,345][flwr][INFO] - 	History (loss, centralized):
[2024-12-22 23:25:04,345][flwr][INFO] - 		round 0: 181.90453219413757
[2024-12-22 23:25:04,345][flwr][INFO] - 		round 1: 177.79164099693298
[2024-12-22 23:25:04,345][flwr][INFO] - 		round 2: 138.47218012809753
[2024-12-22 23:25:04,345][flwr][INFO] - 		round 3: 72.91645580530167
[2024-12-22 23:25:04,345][flwr][INFO] - 		round 4: 54.44006299972534
[2024-12-22 23:25:04,345][flwr][INFO] - 		round 5: 33.11614891886711
[2024-12-22 23:25:04,345][flwr][INFO] - 		round 6: 24.691437229514122
[2024-12-22 23:25:04,345][flwr][INFO] - 		round 7: 20.673156272619963
[2024-12-22 23:25:04,345][flwr][INFO] - 		round 8: 18.532726142555475
[2024-12-22 23:25:04,346][flwr][INFO] - 		round 9: 15.323372213169932
[2024-12-22 23:25:04,346][flwr][INFO] - 		round 10: 14.287823615595698
[2024-12-22 23:25:04,346][flwr][INFO] - 	History (metrics, centralized):
[2024-12-22 23:25:04,346][flwr][INFO] - 	{'accuracy': [(0, 0.1017),
[2024-12-22 23:25:04,346][flwr][INFO] - 	              (1, 0.4132),
[2024-12-22 23:25:04,346][flwr][INFO] - 	              (2, 0.5182),
[2024-12-22 23:25:04,346][flwr][INFO] - 	              (3, 0.6889),
[2024-12-22 23:25:04,346][flwr][INFO] - 	              (4, 0.7923),
[2024-12-22 23:25:04,346][flwr][INFO] - 	              (5, 0.8729),
[2024-12-22 23:25:04,346][flwr][INFO] - 	              (6, 0.9158),
[2024-12-22 23:25:04,346][flwr][INFO] - 	              (7, 0.9239),
[2024-12-22 23:25:04,346][flwr][INFO] - 	              (8, 0.9301),
[2024-12-22 23:25:04,346][flwr][INFO] - 	              (9, 0.9394),
[2024-12-22 23:25:04,346][flwr][INFO] - 	              (10, 0.946)]}
[2024-12-22 23:25:04,346][flwr][INFO] - 
