[2024-12-22 22:04:31,424][flwr][INFO] - Starting Flower simulation, config: num_rounds=10, no round_timeout
[2024-12-22 22:04:31,488][filelock][INFO] - Lock 131854033672944 acquired on /tmp/ray/session_2024-12-22_22-04-31_488409_619805/node_ip_address.json.lock
[2024-12-22 22:04:31,489][filelock][INFO] - Lock 131854033672944 released on /tmp/ray/session_2024-12-22_22-04-31_488409_619805/node_ip_address.json.lock
[2024-12-22 22:04:31,489][filelock][INFO] - Lock 131854033625920 acquired on /tmp/ray/session_2024-12-22_22-04-31_488409_619805/ports_by_node.json.lock
[2024-12-22 22:04:31,489][filelock][INFO] - Lock 131854033625920 released on /tmp/ray/session_2024-12-22_22-04-31_488409_619805/ports_by_node.json.lock
[2024-12-22 22:04:31,489][filelock][INFO] - Lock 131854033625536 acquired on /tmp/ray/session_2024-12-22_22-04-31_488409_619805/ports_by_node.json.lock
[2024-12-22 22:04:31,489][filelock][INFO] - Lock 131854033625536 released on /tmp/ray/session_2024-12-22_22-04-31_488409_619805/ports_by_node.json.lock
[2024-12-22 22:04:31,489][filelock][INFO] - Lock 131854033625920 acquired on /tmp/ray/session_2024-12-22_22-04-31_488409_619805/ports_by_node.json.lock
[2024-12-22 22:04:31,489][filelock][INFO] - Lock 131854033625920 released on /tmp/ray/session_2024-12-22_22-04-31_488409_619805/ports_by_node.json.lock
[2024-12-22 22:04:31,489][filelock][INFO] - Lock 131854033625536 acquired on /tmp/ray/session_2024-12-22_22-04-31_488409_619805/ports_by_node.json.lock
[2024-12-22 22:04:31,489][filelock][INFO] - Lock 131854033625536 released on /tmp/ray/session_2024-12-22_22-04-31_488409_619805/ports_by_node.json.lock
[2024-12-22 22:04:31,490][filelock][INFO] - Lock 131854033625920 acquired on /tmp/ray/session_2024-12-22_22-04-31_488409_619805/ports_by_node.json.lock
[2024-12-22 22:04:31,490][filelock][INFO] - Lock 131854033625920 released on /tmp/ray/session_2024-12-22_22-04-31_488409_619805/ports_by_node.json.lock
[2024-12-22 22:04:33,737][flwr][INFO] - Flower VCE: Ray initialized with resources: {'node:__internal_head__': 1.0, 'memory': 5053570254.0, 'object_store_memory': 2526785126.0, 'node:192.168.1.11': 1.0, 'CPU': 12.0}
[2024-12-22 22:04:33,737][flwr][INFO] - Optimize your simulation with Flower VCE: https://flower.ai/docs/framework/how-to-run-simulations.html
[2024-12-22 22:04:33,737][flwr][INFO] - Flower VCE: Resources for each Virtual Client: {'num_cpus': 2, 'num_gpus': 0}
[2024-12-22 22:04:33,748][flwr][INFO] - Flower VCE: Creating VirtualClientEngineActorPool with 6 actors
[2024-12-22 22:04:33,749][flwr][INFO] - [INIT]
[2024-12-22 22:04:33,750][flwr][INFO] - Requesting initial parameters from one random client
[2024-12-22 22:04:36,170][flwr][INFO] - Received initial parameters from one random client
[2024-12-22 22:04:36,170][flwr][INFO] - Starting evaluation of initial global parameters
[2024-12-22 22:04:37,851][flwr][INFO] - initial parameters (loss, other metrics): 182.11048436164856, {'accuracy': 0.0942}
[2024-12-22 22:04:37,852][flwr][INFO] - 
[2024-12-22 22:04:37,852][flwr][INFO] - [ROUND 1]
[2024-12-22 22:04:37,852][flwr][INFO] - configure_fit: strategy sampled 10 clients (out of 100)
[2024-12-22 22:04:42,089][flwr][INFO] - aggregate_fit: received 10 results and 0 failures
[2024-12-22 22:04:42,108][flwr][WARNING] - No fit_metrics_aggregation_fn provided
[2024-12-22 22:04:44,132][flwr][INFO] - fit progress: (1, 179.2069375514984, {'accuracy': 0.317}, 6.280440700000327)
[2024-12-22 22:04:44,132][flwr][INFO] - configure_evaluate: strategy sampled 10 clients (out of 100)
[2024-12-22 22:04:45,096][flwr][INFO] - aggregate_evaluate: received 10 results and 0 failures
[2024-12-22 22:04:45,096][flwr][WARNING] - No evaluate_metrics_aggregation_fn provided
[2024-12-22 22:04:45,096][flwr][INFO] - 
[2024-12-22 22:04:45,096][flwr][INFO] - [ROUND 2]
[2024-12-22 22:04:45,096][flwr][INFO] - configure_fit: strategy sampled 10 clients (out of 100)
[2024-12-22 22:04:46,412][flwr][INFO] - aggregate_fit: received 10 results and 0 failures
[2024-12-22 22:04:48,435][flwr][INFO] - fit progress: (2, 166.8123276233673, {'accuracy': 0.4518}, 10.58338023199758)
[2024-12-22 22:04:48,435][flwr][INFO] - configure_evaluate: strategy sampled 10 clients (out of 100)
[2024-12-22 22:04:49,298][flwr][INFO] - aggregate_evaluate: received 10 results and 0 failures
[2024-12-22 22:04:49,299][flwr][INFO] - 
[2024-12-22 22:04:49,299][flwr][INFO] - [ROUND 3]
[2024-12-22 22:04:49,299][flwr][INFO] - configure_fit: strategy sampled 10 clients (out of 100)
[2024-12-22 22:04:50,740][flwr][INFO] - aggregate_fit: received 10 results and 0 failures
[2024-12-22 22:04:53,054][flwr][INFO] - fit progress: (3, 76.11867052316666, {'accuracy': 0.6917}, 15.20273959000042)
[2024-12-22 22:04:53,055][flwr][INFO] - configure_evaluate: strategy sampled 10 clients (out of 100)
[2024-12-22 22:04:53,948][flwr][INFO] - aggregate_evaluate: received 10 results and 0 failures
[2024-12-22 22:04:53,948][flwr][INFO] - 
[2024-12-22 22:04:53,948][flwr][INFO] - [ROUND 4]
[2024-12-22 22:04:53,948][flwr][INFO] - configure_fit: strategy sampled 10 clients (out of 100)
[2024-12-22 22:04:55,341][flwr][INFO] - aggregate_fit: received 10 results and 0 failures
[2024-12-22 22:04:57,054][flwr][INFO] - fit progress: (4, 46.71813803911209, {'accuracy': 0.8254}, 19.202542163002363)
[2024-12-22 22:04:57,055][flwr][INFO] - configure_evaluate: strategy sampled 10 clients (out of 100)
[2024-12-22 22:04:57,908][flwr][INFO] - aggregate_evaluate: received 10 results and 0 failures
[2024-12-22 22:04:57,908][flwr][INFO] - 
[2024-12-22 22:04:57,909][flwr][INFO] - [ROUND 5]
[2024-12-22 22:04:57,909][flwr][INFO] - configure_fit: strategy sampled 10 clients (out of 100)
[2024-12-22 22:04:59,175][flwr][INFO] - aggregate_fit: received 10 results and 0 failures
[2024-12-22 22:05:01,186][flwr][INFO] - fit progress: (5, 37.44904811680317, {'accuracy': 0.8607}, 23.334721478000574)
[2024-12-22 22:05:01,187][flwr][INFO] - configure_evaluate: strategy sampled 10 clients (out of 100)
[2024-12-22 22:05:02,070][flwr][INFO] - aggregate_evaluate: received 10 results and 0 failures
[2024-12-22 22:05:02,070][flwr][INFO] - 
[2024-12-22 22:05:02,070][flwr][INFO] - [ROUND 6]
[2024-12-22 22:05:02,071][flwr][INFO] - configure_fit: strategy sampled 10 clients (out of 100)
[2024-12-22 22:05:03,350][flwr][INFO] - aggregate_fit: received 10 results and 0 failures
[2024-12-22 22:05:04,954][flwr][INFO] - fit progress: (6, 28.671751342713833, {'accuracy': 0.8989}, 27.101813795001362)
[2024-12-22 22:05:04,954][flwr][INFO] - configure_evaluate: strategy sampled 10 clients (out of 100)
[2024-12-22 22:05:05,869][flwr][INFO] - aggregate_evaluate: received 10 results and 0 failures
[2024-12-22 22:05:05,870][flwr][INFO] - 
[2024-12-22 22:05:05,870][flwr][INFO] - [ROUND 7]
[2024-12-22 22:05:05,870][flwr][INFO] - configure_fit: strategy sampled 10 clients (out of 100)
[2024-12-22 22:05:07,617][flwr][INFO] - aggregate_fit: received 10 results and 0 failures
[2024-12-22 22:05:09,483][flwr][INFO] - fit progress: (7, 24.162938483059406, {'accuracy': 0.908}, 31.631020693996106)
[2024-12-22 22:05:09,483][flwr][INFO] - configure_evaluate: strategy sampled 10 clients (out of 100)
[2024-12-22 22:05:10,443][flwr][INFO] - aggregate_evaluate: received 10 results and 0 failures
[2024-12-22 22:05:10,444][flwr][INFO] - 
[2024-12-22 22:05:10,444][flwr][INFO] - [ROUND 8]
[2024-12-22 22:05:10,444][flwr][INFO] - configure_fit: strategy sampled 10 clients (out of 100)
[2024-12-22 22:05:12,126][flwr][INFO] - aggregate_fit: received 10 results and 0 failures
[2024-12-22 22:05:14,053][flwr][INFO] - fit progress: (8, 18.20613063685596, {'accuracy': 0.9274}, 36.201400685997214)
[2024-12-22 22:05:14,053][flwr][INFO] - configure_evaluate: strategy sampled 10 clients (out of 100)
[2024-12-22 22:05:15,002][flwr][INFO] - aggregate_evaluate: received 10 results and 0 failures
[2024-12-22 22:05:15,003][flwr][INFO] - 
[2024-12-22 22:05:15,003][flwr][INFO] - [ROUND 9]
[2024-12-22 22:05:15,003][flwr][INFO] - configure_fit: strategy sampled 10 clients (out of 100)
[2024-12-22 22:05:16,700][flwr][INFO] - aggregate_fit: received 10 results and 0 failures
[2024-12-22 22:05:18,271][flwr][INFO] - fit progress: (9, 15.836565132252872, {'accuracy': 0.9396}, 40.4196570560016)
[2024-12-22 22:05:18,272][flwr][INFO] - configure_evaluate: strategy sampled 10 clients (out of 100)
[2024-12-22 22:05:19,404][flwr][INFO] - aggregate_evaluate: received 10 results and 0 failures
[2024-12-22 22:05:19,404][flwr][INFO] - 
[2024-12-22 22:05:19,405][flwr][INFO] - [ROUND 10]
[2024-12-22 22:05:19,405][flwr][INFO] - configure_fit: strategy sampled 10 clients (out of 100)
[2024-12-22 22:05:21,651][flwr][INFO] - aggregate_fit: received 10 results and 0 failures
[2024-12-22 22:05:24,175][flwr][INFO] - fit progress: (10, 13.991350961849093, {'accuracy': 0.9448}, 46.32374185999652)
[2024-12-22 22:05:24,176][flwr][INFO] - configure_evaluate: strategy sampled 10 clients (out of 100)
[2024-12-22 22:05:25,099][flwr][INFO] - aggregate_evaluate: received 10 results and 0 failures
[2024-12-22 22:05:25,099][flwr][INFO] - 
[2024-12-22 22:05:25,100][flwr][INFO] - [SUMMARY]
[2024-12-22 22:05:25,100][flwr][INFO] - Run finished 10 round(s) in 47.25s
[2024-12-22 22:05:25,100][flwr][INFO] - 	History (loss, distributed):
[2024-12-22 22:05:25,100][flwr][INFO] - 		round 1: 6.800164651870728
[2024-12-22 22:05:25,100][flwr][INFO] - 		round 2: 6.347838139533996
[2024-12-22 22:05:25,101][flwr][INFO] - 		round 3: 2.8496310114860535
[2024-12-22 22:05:25,101][flwr][INFO] - 		round 4: 1.9061074674129486
[2024-12-22 22:05:25,101][flwr][INFO] - 		round 5: 1.5645734280347825
[2024-12-22 22:05:25,101][flwr][INFO] - 		round 6: 1.1525811210274697
[2024-12-22 22:05:25,101][flwr][INFO] - 		round 7: 0.854196859151125
[2024-12-22 22:05:25,101][flwr][INFO] - 		round 8: 0.708672871440649
[2024-12-22 22:05:25,101][flwr][INFO] - 		round 9: 0.8119834288954735
[2024-12-22 22:05:25,101][flwr][INFO] - 		round 10: 0.656347394362092
[2024-12-22 22:05:25,101][flwr][INFO] - 	History (loss, centralized):
[2024-12-22 22:05:25,101][flwr][INFO] - 		round 0: 182.11048436164856
[2024-12-22 22:05:25,101][flwr][INFO] - 		round 1: 179.2069375514984
[2024-12-22 22:05:25,101][flwr][INFO] - 		round 2: 166.8123276233673
[2024-12-22 22:05:25,102][flwr][INFO] - 		round 3: 76.11867052316666
[2024-12-22 22:05:25,102][flwr][INFO] - 		round 4: 46.71813803911209
[2024-12-22 22:05:25,102][flwr][INFO] - 		round 5: 37.44904811680317
[2024-12-22 22:05:25,102][flwr][INFO] - 		round 6: 28.671751342713833
[2024-12-22 22:05:25,102][flwr][INFO] - 		round 7: 24.162938483059406
[2024-12-22 22:05:25,102][flwr][INFO] - 		round 8: 18.20613063685596
[2024-12-22 22:05:25,102][flwr][INFO] - 		round 9: 15.836565132252872
[2024-12-22 22:05:25,102][flwr][INFO] - 		round 10: 13.991350961849093
[2024-12-22 22:05:25,102][flwr][INFO] - 	History (metrics, centralized):
[2024-12-22 22:05:25,102][flwr][INFO] - 	{'accuracy': [(0, 0.0942),
[2024-12-22 22:05:25,102][flwr][INFO] - 	              (1, 0.317),
[2024-12-22 22:05:25,102][flwr][INFO] - 	              (2, 0.4518),
[2024-12-22 22:05:25,103][flwr][INFO] - 	              (3, 0.6917),
[2024-12-22 22:05:25,103][flwr][INFO] - 	              (4, 0.8254),
[2024-12-22 22:05:25,103][flwr][INFO] - 	              (5, 0.8607),
[2024-12-22 22:05:25,103][flwr][INFO] - 	              (6, 0.8989),
[2024-12-22 22:05:25,103][flwr][INFO] - 	              (7, 0.908),
[2024-12-22 22:05:25,103][flwr][INFO] - 	              (8, 0.9274),
[2024-12-22 22:05:25,103][flwr][INFO] - 	              (9, 0.9396),
[2024-12-22 22:05:25,103][flwr][INFO] - 	              (10, 0.9448)]}
[2024-12-22 22:05:25,103][flwr][INFO] - 
